[0.028s] Invoking command in '/home/wongwh/turtlebot3_ws/src/build/turtlebot3_gazebo': CMAKE_PREFIX_PATH=${CMAKE_PREFIX_PATH}:/home/wongwh/turtlebot3_ws/install/turtlebot3_teleop:/home/wongwh/turtlebot3_ws/install/turtlebot3_example:/home/wongwh/turtlebot3_ws/install/autonomous_tb3:/opt/ros/humble /usr/bin/cmake /home/wongwh/turtlebot3_ws/src/turtlebot3_simulations/turtlebot3_gazebo -DAMENT_CMAKE_SYMLINK_INSTALL=1 -DCMAKE_INSTALL_PREFIX=/home/wongwh/turtlebot3_ws/src/install/turtlebot3_gazebo
[0.090s] -- The C compiler identification is GNU 11.4.0
[0.157s] -- The CXX compiler identification is GNU 11.4.0
[0.164s] -- Detecting C compiler ABI info
[0.237s] -- Detecting C compiler ABI info - done
[0.251s] -- Check for working C compiler: /usr/bin/cc - skipped
[0.252s] -- Detecting C compile features
[0.252s] -- Detecting C compile features - done
[0.252s] -- Detecting CXX compiler ABI info
[0.354s] -- Detecting CXX compiler ABI info - done
[0.360s] -- Check for working CXX compiler: /usr/bin/c++ - skipped
[0.360s] -- Detecting CXX compile features
[0.361s] -- Detecting CXX compile features - done
[0.368s] -- Found ament_cmake: 1.3.9 (/opt/ros/humble/share/ament_cmake/cmake)
[0.533s] -- Found Python3: /usr/bin/python3 (found version "3.10.12") found components: Interpreter 
[0.621s] -- Override CMake install command with custom implementation using symlinks instead of copying resources
[0.696s] -- Found geometry_msgs: 4.2.4 (/opt/ros/humble/share/geometry_msgs/cmake)
[0.760s] -- Found rosidl_generator_c: 3.1.5 (/opt/ros/humble/share/rosidl_generator_c/cmake)
[0.769s] -- Found rosidl_adapter: 3.1.5 (/opt/ros/humble/share/rosidl_adapter/cmake)
[0.778s] -- Found rosidl_generator_cpp: 3.1.5 (/opt/ros/humble/share/rosidl_generator_cpp/cmake)
[0.798s] -- Using all available rosidl_typesupport_c: rosidl_typesupport_fastrtps_c;rosidl_typesupport_introspection_c
[0.835s] -- Using all available rosidl_typesupport_cpp: rosidl_typesupport_fastrtps_cpp;rosidl_typesupport_introspection_cpp
[1.064s] -- Found nav_msgs: 4.2.4 (/opt/ros/humble/share/nav_msgs/cmake)
[1.268s] -- Found rclcpp: 16.0.9 (/opt/ros/humble/share/rclcpp/cmake)
[1.544s] -- Found rmw_implementation_cmake: 6.1.2 (/opt/ros/humble/share/rmw_implementation_cmake/cmake)
[1.553s] -- Found rmw_cyclonedds_cpp: 1.3.4 (/opt/ros/humble/share/rmw_cyclonedds_cpp/cmake)
[1.678s] -- Using RMW implementation 'rmw_cyclonedds_cpp' as default
[1.708s] -- Looking for pthread.h
[1.783s] -- Looking for pthread.h - found
[1.783s] -- Performing Test CMAKE_HAVE_LIBC_PTHREAD
[1.850s] -- Performing Test CMAKE_HAVE_LIBC_PTHREAD - Success
[1.850s] -- Found Threads: TRUE  
[2.055s] -- Found sensor_msgs: 4.2.4 (/opt/ros/humble/share/sensor_msgs/cmake)
[2.187s] -- Found tf2: 0.25.7 (/opt/ros/humble/share/tf2/cmake)
[2.289s] -- Configuring done
[2.301s] -- Generating done
[2.302s] -- Build files have been written to: /home/wongwh/turtlebot3_ws/src/build/turtlebot3_gazebo
[2.315s] Invoked command in '/home/wongwh/turtlebot3_ws/src/build/turtlebot3_gazebo' returned '0': CMAKE_PREFIX_PATH=${CMAKE_PREFIX_PATH}:/home/wongwh/turtlebot3_ws/install/turtlebot3_teleop:/home/wongwh/turtlebot3_ws/install/turtlebot3_example:/home/wongwh/turtlebot3_ws/install/autonomous_tb3:/opt/ros/humble /usr/bin/cmake /home/wongwh/turtlebot3_ws/src/turtlebot3_simulations/turtlebot3_gazebo -DAMENT_CMAKE_SYMLINK_INSTALL=1 -DCMAKE_INSTALL_PREFIX=/home/wongwh/turtlebot3_ws/src/install/turtlebot3_gazebo
[2.315s] Invoking command in '/home/wongwh/turtlebot3_ws/src/build/turtlebot3_gazebo': CMAKE_PREFIX_PATH=${CMAKE_PREFIX_PATH}:/home/wongwh/turtlebot3_ws/install/turtlebot3_teleop:/home/wongwh/turtlebot3_ws/install/turtlebot3_example:/home/wongwh/turtlebot3_ws/install/autonomous_tb3:/opt/ros/humble /usr/bin/cmake --build /home/wongwh/turtlebot3_ws/src/build/turtlebot3_gazebo -- -j8 -l8
[2.365s] [ 50%] [32mBuilding CXX object CMakeFiles/turtlebot3_drive.dir/src/turtlebot3_drive.cpp.o[0m
[15.271s] [100%] [32m[1mLinking CXX executable turtlebot3_drive[0m
[16.316s] [100%] Built target turtlebot3_drive
[16.805s] Invoked command in '/home/wongwh/turtlebot3_ws/src/build/turtlebot3_gazebo' returned '0': CMAKE_PREFIX_PATH=${CMAKE_PREFIX_PATH}:/home/wongwh/turtlebot3_ws/install/turtlebot3_teleop:/home/wongwh/turtlebot3_ws/install/turtlebot3_example:/home/wongwh/turtlebot3_ws/install/autonomous_tb3:/opt/ros/humble /usr/bin/cmake --build /home/wongwh/turtlebot3_ws/src/build/turtlebot3_gazebo -- -j8 -l8
[17.051s] Invoking command in '/home/wongwh/turtlebot3_ws/src/build/turtlebot3_gazebo': CMAKE_PREFIX_PATH=${CMAKE_PREFIX_PATH}:/home/wongwh/turtlebot3_ws/install/turtlebot3_teleop:/home/wongwh/turtlebot3_ws/install/turtlebot3_example:/home/wongwh/turtlebot3_ws/install/autonomous_tb3:/opt/ros/humble /usr/bin/cmake --install /home/wongwh/turtlebot3_ws/src/build/turtlebot3_gazebo
[17.089s] -- Install configuration: ""
[17.089s] -- Execute custom install script
[17.089s] -- Symlinking: /home/wongwh/turtlebot3_ws/src/install/turtlebot3_gazebo/lib/turtlebot3_gazebo/turtlebot3_drive
[17.093s] -- Symlinking: /home/wongwh/turtlebot3_ws/src/install/turtlebot3_gazebo/share/turtlebot3_gazebo//launch/empty_world.launch.py
[17.103s] -- Symlinking: /home/wongwh/turtlebot3_ws/src/install/turtlebot3_gazebo/share/turtlebot3_gazebo//launch/robot_state_publisher.launch.py
[17.106s] -- Symlinking: /home/wongwh/turtlebot3_ws/src/install/turtlebot3_gazebo/share/turtlebot3_gazebo//launch/spawn_turtlebot3.launch.py
[17.114s] -- Symlinking: /home/wongwh/turtlebot3_ws/src/install/turtlebot3_gazebo/share/turtlebot3_gazebo//launch/turtlebot3_dqn_stage1.launch.py
[17.123s] -- Symlinking: /home/wongwh/turtlebot3_ws/src/install/turtlebot3_gazebo/share/turtlebot3_gazebo//launch/turtlebot3_dqn_stage2.launch.py
[17.129s] -- Symlinking: /home/wongwh/turtlebot3_ws/src/install/turtlebot3_gazebo/share/turtlebot3_gazebo//launch/turtlebot3_dqn_stage3.launch.py
[17.137s] -- Symlinking: /home/wongwh/turtlebot3_ws/src/install/turtlebot3_gazebo/share/turtlebot3_gazebo//launch/turtlebot3_dqn_stage4.launch.py
[17.145s] -- Symlinking: /home/wongwh/turtlebot3_ws/src/install/turtlebot3_gazebo/share/turtlebot3_gazebo//launch/turtlebot3_house.launch.py
[17.155s] -- Symlinking: /home/wongwh/turtlebot3_ws/src/install/turtlebot3_gazebo/share/turtlebot3_gazebo//launch/turtlebot3_world.launch.py
[17.183s] -- Symlinking: /home/wongwh/turtlebot3_ws/src/install/turtlebot3_gazebo/share/turtlebot3_gazebo//models/turtlebot3_burger/model-1_4.sdf
[17.193s] -- Symlinking: /home/wongwh/turtlebot3_ws/src/install/turtlebot3_gazebo/share/turtlebot3_gazebo//models/turtlebot3_burger/model.config
[17.201s] -- Symlinking: /home/wongwh/turtlebot3_ws/src/install/turtlebot3_gazebo/share/turtlebot3_gazebo//models/turtlebot3_burger/model.sdf
[17.214s] -- Symlinking: /home/wongwh/turtlebot3_ws/src/install/turtlebot3_gazebo/share/turtlebot3_gazebo//models/turtlebot3_common/meshes/burger_base.dae
[17.222s] -- Symlinking: /home/wongwh/turtlebot3_ws/src/install/turtlebot3_gazebo/share/turtlebot3_gazebo//models/turtlebot3_common/meshes/lds.dae
[17.231s] -- Symlinking: /home/wongwh/turtlebot3_ws/src/install/turtlebot3_gazebo/share/turtlebot3_gazebo//models/turtlebot3_common/meshes/r200.dae
[17.240s] -- Symlinking: /home/wongwh/turtlebot3_ws/src/install/turtlebot3_gazebo/share/turtlebot3_gazebo//models/turtlebot3_common/meshes/tire.dae
[17.256s] -- Symlinking: /home/wongwh/turtlebot3_ws/src/install/turtlebot3_gazebo/share/turtlebot3_gazebo//models/turtlebot3_common/meshes/waffle_base.dae
[17.276s] -- Symlinking: /home/wongwh/turtlebot3_ws/src/install/turtlebot3_gazebo/share/turtlebot3_gazebo//models/turtlebot3_common/meshes/waffle_pi_base.dae
[17.288s] -- Symlinking: /home/wongwh/turtlebot3_ws/src/install/turtlebot3_gazebo/share/turtlebot3_gazebo//models/turtlebot3_common/model.config
[17.313s] -- Symlinking: /home/wongwh/turtlebot3_ws/src/install/turtlebot3_gazebo/share/turtlebot3_gazebo//models/turtlebot3_dqn_world/goal_box/model.config
[17.326s] -- Symlinking: /home/wongwh/turtlebot3_ws/src/install/turtlebot3_gazebo/share/turtlebot3_gazebo//models/turtlebot3_dqn_world/goal_box/model.sdf
[17.333s] -- Symlinking: /home/wongwh/turtlebot3_ws/src/install/turtlebot3_gazebo/share/turtlebot3_gazebo//models/turtlebot3_dqn_world/inner_walls/model.config
[17.340s] -- Symlinking: /home/wongwh/turtlebot3_ws/src/install/turtlebot3_gazebo/share/turtlebot3_gazebo//models/turtlebot3_dqn_world/inner_walls/model.sdf
[17.348s] -- Symlinking: /home/wongwh/turtlebot3_ws/src/install/turtlebot3_gazebo/share/turtlebot3_gazebo//models/turtlebot3_dqn_world/model.config
[17.358s] -- Symlinking: /home/wongwh/turtlebot3_ws/src/install/turtlebot3_gazebo/share/turtlebot3_gazebo//models/turtlebot3_dqn_world/model.sdf
[17.379s] -- Symlinking: /home/wongwh/turtlebot3_ws/src/install/turtlebot3_gazebo/share/turtlebot3_gazebo//models/turtlebot3_dqn_world/obstacle1/model.config
[17.388s] -- Symlinking: /home/wongwh/turtlebot3_ws/src/install/turtlebot3_gazebo/share/turtlebot3_gazebo//models/turtlebot3_dqn_world/obstacle1/model.sdf
[17.403s] -- Symlinking: /home/wongwh/turtlebot3_ws/src/install/turtlebot3_gazebo/share/turtlebot3_gazebo//models/turtlebot3_dqn_world/obstacle2/model.config
[17.409s] -- Symlinking: /home/wongwh/turtlebot3_ws/src/install/turtlebot3_gazebo/share/turtlebot3_gazebo//models/turtlebot3_dqn_world/obstacle2/model.sdf
[17.418s] -- Symlinking: /home/wongwh/turtlebot3_ws/src/install/turtlebot3_gazebo/share/turtlebot3_gazebo//models/turtlebot3_dqn_world/obstacle_plugin/CMakeLists.txt
[17.426s] -- Symlinking: /home/wongwh/turtlebot3_ws/src/install/turtlebot3_gazebo/share/turtlebot3_gazebo//models/turtlebot3_dqn_world/obstacle_plugin/obstacle1.cc
[17.439s] -- Symlinking: /home/wongwh/turtlebot3_ws/src/install/turtlebot3_gazebo/share/turtlebot3_gazebo//models/turtlebot3_dqn_world/obstacle_plugin/obstacle2.cc
[17.444s] -- Symlinking: /home/wongwh/turtlebot3_ws/src/install/turtlebot3_gazebo/share/turtlebot3_gazebo//models/turtlebot3_dqn_world/obstacle_plugin/obstacles.cc
[17.450s] -- Symlinking: /home/wongwh/turtlebot3_ws/src/install/turtlebot3_gazebo/share/turtlebot3_gazebo//models/turtlebot3_dqn_world/obstacles/model.config
[17.458s] -- Symlinking: /home/wongwh/turtlebot3_ws/src/install/turtlebot3_gazebo/share/turtlebot3_gazebo//models/turtlebot3_dqn_world/obstacles/model.sdf
[17.466s] -- Symlinking: /home/wongwh/turtlebot3_ws/src/install/turtlebot3_gazebo/share/turtlebot3_gazebo//models/turtlebot3_house/materials/textures/bricks.png
[17.481s] -- Symlinking: /home/wongwh/turtlebot3_ws/src/install/turtlebot3_gazebo/share/turtlebot3_gazebo//models/turtlebot3_house/materials/textures/wood.jpg
[17.490s] -- Symlinking: /home/wongwh/turtlebot3_ws/src/install/turtlebot3_gazebo/share/turtlebot3_gazebo//models/turtlebot3_house/model.config
[17.497s] -- Symlinking: /home/wongwh/turtlebot3_ws/src/install/turtlebot3_gazebo/share/turtlebot3_gazebo//models/turtlebot3_house/model.sdf
[17.506s] -- Symlinking: /home/wongwh/turtlebot3_ws/src/install/turtlebot3_gazebo/share/turtlebot3_gazebo//models/turtlebot3_waffle/model-1_4.sdf
[17.516s] -- Symlinking: /home/wongwh/turtlebot3_ws/src/install/turtlebot3_gazebo/share/turtlebot3_gazebo//models/turtlebot3_waffle/model.config
[17.526s] -- Symlinking: /home/wongwh/turtlebot3_ws/src/install/turtlebot3_gazebo/share/turtlebot3_gazebo//models/turtlebot3_waffle/model.sdf
[17.535s] -- Symlinking: /home/wongwh/turtlebot3_ws/src/install/turtlebot3_gazebo/share/turtlebot3_gazebo//models/turtlebot3_waffle_pi/model-1_4_.sdf
[17.544s] -- Symlinking: /home/wongwh/turtlebot3_ws/src/install/turtlebot3_gazebo/share/turtlebot3_gazebo//models/turtlebot3_waffle_pi/model.config
[17.554s] -- Symlinking: /home/wongwh/turtlebot3_ws/src/install/turtlebot3_gazebo/share/turtlebot3_gazebo//models/turtlebot3_waffle_pi/model.sdf
[17.561s] -- Symlinking: /home/wongwh/turtlebot3_ws/src/install/turtlebot3_gazebo/share/turtlebot3_gazebo//models/turtlebot3_world/meshes/hexagon.dae
[17.568s] -- Symlinking: /home/wongwh/turtlebot3_ws/src/install/turtlebot3_gazebo/share/turtlebot3_gazebo//models/turtlebot3_world/meshes/wall.dae
[17.574s] -- Symlinking: /home/wongwh/turtlebot3_ws/src/install/turtlebot3_gazebo/share/turtlebot3_gazebo//models/turtlebot3_world/model-1_4.sdf
[17.582s] -- Symlinking: /home/wongwh/turtlebot3_ws/src/install/turtlebot3_gazebo/share/turtlebot3_gazebo//models/turtlebot3_world/model.config
[17.599s] -- Symlinking: /home/wongwh/turtlebot3_ws/src/install/turtlebot3_gazebo/share/turtlebot3_gazebo//models/turtlebot3_world/model.sdf
[17.609s] -- Symlinking: /home/wongwh/turtlebot3_ws/src/install/turtlebot3_gazebo/share/turtlebot3_gazebo//params/turtlebot3_waffle_bridge.yaml
[17.619s] -- Symlinking: /home/wongwh/turtlebot3_ws/src/install/turtlebot3_gazebo/share/turtlebot3_gazebo//rviz/tb3_gazebo.rviz
[17.629s] -- Symlinking: /home/wongwh/turtlebot3_ws/src/install/turtlebot3_gazebo/share/turtlebot3_gazebo//urdf/common_properties.urdf
[17.638s] -- Symlinking: /home/wongwh/turtlebot3_ws/src/install/turtlebot3_gazebo/share/turtlebot3_gazebo//urdf/turtlebot3_burger.urdf
[17.692s] -- Symlinking: /home/wongwh/turtlebot3_ws/src/install/turtlebot3_gazebo/share/turtlebot3_gazebo//urdf/turtlebot3_waffle.urdf
[17.728s] -- Symlinking: /home/wongwh/turtlebot3_ws/src/install/turtlebot3_gazebo/share/turtlebot3_gazebo//urdf/turtlebot3_waffle_pi.urdf
[17.743s] -- Symlinking: /home/wongwh/turtlebot3_ws/src/install/turtlebot3_gazebo/share/turtlebot3_gazebo//worlds/empty_world.world
[17.758s] -- Symlinking: /home/wongwh/turtlebot3_ws/src/install/turtlebot3_gazebo/share/turtlebot3_gazebo//worlds/turtlebot3_dqn_stage1.world
[17.778s] -- Symlinking: /home/wongwh/turtlebot3_ws/src/install/turtlebot3_gazebo/share/turtlebot3_gazebo//worlds/turtlebot3_dqn_stage2.world
[17.795s] -- Symlinking: /home/wongwh/turtlebot3_ws/src/install/turtlebot3_gazebo/share/turtlebot3_gazebo//worlds/turtlebot3_dqn_stage3.world
[17.835s] -- Symlinking: /home/wongwh/turtlebot3_ws/src/install/turtlebot3_gazebo/share/turtlebot3_gazebo//worlds/turtlebot3_dqn_stage4.world
[17.845s] -- Symlinking: /home/wongwh/turtlebot3_ws/src/install/turtlebot3_gazebo/share/turtlebot3_gazebo//worlds/turtlebot3_house.world
[17.874s] -- Symlinking: /home/wongwh/turtlebot3_ws/src/install/turtlebot3_gazebo/share/turtlebot3_gazebo//worlds/turtlebot3_world.world
[17.896s] -- Symlinking: /home/wongwh/turtlebot3_ws/src/install/turtlebot3_gazebo/include//turtlebot3_gazebo/turtlebot3_drive.hpp
[17.910s] -- Symlinking: /home/wongwh/turtlebot3_ws/src/install/turtlebot3_gazebo/share/ament_index/resource_index/package_run_dependencies/turtlebot3_gazebo
[17.918s] -- Symlinking: /home/wongwh/turtlebot3_ws/src/install/turtlebot3_gazebo/share/ament_index/resource_index/parent_prefix_path/turtlebot3_gazebo
[17.924s] -- Symlinking: /home/wongwh/turtlebot3_ws/src/install/turtlebot3_gazebo/share/turtlebot3_gazebo/environment/ament_prefix_path.sh
[17.938s] -- Symlinking: /home/wongwh/turtlebot3_ws/src/install/turtlebot3_gazebo/share/turtlebot3_gazebo/environment/ament_prefix_path.dsv
[17.947s] -- Symlinking: /home/wongwh/turtlebot3_ws/src/install/turtlebot3_gazebo/share/turtlebot3_gazebo/environment/path.sh
[17.955s] -- Symlinking: /home/wongwh/turtlebot3_ws/src/install/turtlebot3_gazebo/share/turtlebot3_gazebo/environment/path.dsv
[17.963s] -- Symlinking: /home/wongwh/turtlebot3_ws/src/install/turtlebot3_gazebo/share/turtlebot3_gazebo/local_setup.bash
[17.970s] -- Symlinking: /home/wongwh/turtlebot3_ws/src/install/turtlebot3_gazebo/share/turtlebot3_gazebo/local_setup.sh
[17.989s] -- Symlinking: /home/wongwh/turtlebot3_ws/src/install/turtlebot3_gazebo/share/turtlebot3_gazebo/local_setup.zsh
[17.999s] -- Symlinking: /home/wongwh/turtlebot3_ws/src/install/turtlebot3_gazebo/share/turtlebot3_gazebo/local_setup.dsv
[18.006s] -- Symlinking: /home/wongwh/turtlebot3_ws/src/install/turtlebot3_gazebo/share/turtlebot3_gazebo/package.dsv
[18.016s] -- Symlinking: /home/wongwh/turtlebot3_ws/src/install/turtlebot3_gazebo/share/ament_index/resource_index/packages/turtlebot3_gazebo
[18.027s] -- Symlinking: /home/wongwh/turtlebot3_ws/src/install/turtlebot3_gazebo/share/turtlebot3_gazebo/cmake/ament_cmake_export_include_directories-extras.cmake
[18.038s] -- Symlinking: /home/wongwh/turtlebot3_ws/src/install/turtlebot3_gazebo/share/turtlebot3_gazebo/cmake/ament_cmake_export_dependencies-extras.cmake
[18.048s] -- Symlinking: /home/wongwh/turtlebot3_ws/src/install/turtlebot3_gazebo/share/turtlebot3_gazebo/cmake/turtlebot3_gazeboConfig.cmake
[18.056s] -- Symlinking: /home/wongwh/turtlebot3_ws/src/install/turtlebot3_gazebo/share/turtlebot3_gazebo/cmake/turtlebot3_gazeboConfig-version.cmake
[18.067s] -- Symlinking: /home/wongwh/turtlebot3_ws/src/install/turtlebot3_gazebo/share/turtlebot3_gazebo/package.xml
[18.084s] Invoked command in '/home/wongwh/turtlebot3_ws/src/build/turtlebot3_gazebo' returned '0': CMAKE_PREFIX_PATH=${CMAKE_PREFIX_PATH}:/home/wongwh/turtlebot3_ws/install/turtlebot3_teleop:/home/wongwh/turtlebot3_ws/install/turtlebot3_example:/home/wongwh/turtlebot3_ws/install/autonomous_tb3:/opt/ros/humble /usr/bin/cmake --install /home/wongwh/turtlebot3_ws/src/build/turtlebot3_gazebo
