[0.041s] Invoking command in '/home/wongwh/turtlebot3_ws/build/dynamixel_sdk_custom_interfaces': CMAKE_PREFIX_PATH=${CMAKE_PREFIX_PATH}:/home/wongwh/turtlebot3_ws/install/turtlebot3_teleop:/home/wongwh/turtlebot3_ws/install/turtlebot3_example:/home/wongwh/turtlebot3_ws/install/autonomous_tb3:/opt/ros/humble /usr/bin/cmake /home/wongwh/turtlebot3_ws/src/DynamixelSDK/dynamixel_sdk_custom_interfaces -DCMAKE_INSTALL_PREFIX=/home/wongwh/turtlebot3_ws/install/dynamixel_sdk_custom_interfaces
[0.072s] -- Found ament_cmake: 1.3.9 (/opt/ros/humble/share/ament_cmake/cmake)
[0.191s] -- Override CMake install command with custom implementation using symlinks instead of copying resources
[0.201s] -- Found builtin_interfaces: 1.2.1 (/opt/ros/humble/share/builtin_interfaces/cmake)
[0.249s] -- Found rosidl_generator_c: 3.1.5 (/opt/ros/humble/share/rosidl_generator_c/cmake)
[0.251s] -- Found rosidl_adapter: 3.1.5 (/opt/ros/humble/share/rosidl_adapter/cmake)
[0.258s] -- Found rosidl_generator_cpp: 3.1.5 (/opt/ros/humble/share/rosidl_generator_cpp/cmake)
[0.269s] -- Using all available rosidl_typesupport_c: rosidl_typesupport_fastrtps_c;rosidl_typesupport_introspection_c
[0.282s] -- Using all available rosidl_typesupport_cpp: rosidl_typesupport_fastrtps_cpp;rosidl_typesupport_introspection_cpp
[0.292s] -- Found rosidl_default_generators: 1.2.0 (/opt/ros/humble/share/rosidl_default_generators/cmake)
[0.488s] -- Found ament_cmake_ros: 0.10.0 (/opt/ros/humble/share/ament_cmake_ros/cmake)
[0.683s] -- Using all available rosidl_typesupport_c: rosidl_typesupport_fastrtps_c;rosidl_typesupport_introspection_c
[0.756s] -- Using all available rosidl_typesupport_cpp: rosidl_typesupport_fastrtps_cpp;rosidl_typesupport_introspection_cpp
[0.769s] -- Found python_cmake_module: 0.10.0 (/opt/ros/humble/share/python_cmake_module/cmake)
[0.783s] -- Using PYTHON_EXECUTABLE: /usr/bin/python3
[0.783s] -- Using PYTHON_INCLUDE_DIRS: /usr/include/python3.10
[0.783s] -- Using PYTHON_LIBRARIES: /usr/lib/aarch64-linux-gnu/libpython3.10.so
[0.801s] -- Configuring done
[0.821s] -- Generating done
[0.826s] -- Build files have been written to: /home/wongwh/turtlebot3_ws/build/dynamixel_sdk_custom_interfaces
