[0.065s] Invoking command in '/home/wongwh/turtlebot3_ws/build/turtlebot3_gazebo': CMAKE_PREFIX_PATH=${CMAKE_PREFIX_PATH}:/home/wongwh/turtlebot3_ws/install/turtlebot3_teleop:/home/wongwh/turtlebot3_ws/install/turtlebot3_example:/home/wongwh/turtlebot3_ws/install/autonomous_tb3:/opt/ros/humble /usr/bin/cmake /home/wongwh/turtlebot3_ws/src/turtlebot3_simulations/turtlebot3_gazebo -DAMENT_CMAKE_SYMLINK_INSTALL=1 -DCMAKE_INSTALL_PREFIX=/home/wongwh/turtlebot3_ws/install/turtlebot3_gazebo
[0.527s] -- Found ament_cmake: 1.3.9 (/opt/ros/humble/share/ament_cmake/cmake)
[0.527s] -- Override CMake install command with custom implementation using symlinks instead of copying resources
[0.527s] -- Configuring incomplete, errors occurred!
[0.527s] See also "/home/wongwh/turtlebot3_ws/build/turtlebot3_gazebo/CMakeFiles/CMakeOutput.log".
[0.530s] [31mCMake Error at CMakeLists.txt:23 (find_package):
[0.531s]   By not providing "Findgazebo.cmake" in CMAKE_MODULE_PATH this project has
[0.531s]   asked CMake to find a package configuration file provided by "gazebo", but
[0.533s]   CMake did not find one.
[0.533s] 
[0.533s]   Could not find a package configuration file provided by "gazebo" with any
[0.533s]   of the following names:
[0.533s] 
[0.534s]     gazeboConfig.cmake
[0.534s]     gazebo-config.cmake
[0.534s] 
[0.534s]   Add the installation prefix of "gazebo" to CMAKE_PREFIX_PATH or set
[0.534s]   "gazebo_DIR" to a directory containing one of the above files.  If "gazebo"
[0.534s]   provides a separate development package or SDK, be sure it has been
[0.534s]   installed.
[0.534s] 
[0.535s] [0m
[0.544s] Invoked command in '/home/wongwh/turtlebot3_ws/build/turtlebot3_gazebo' returned '1': CMAKE_PREFIX_PATH=${CMAKE_PREFIX_PATH}:/home/wongwh/turtlebot3_ws/install/turtlebot3_teleop:/home/wongwh/turtlebot3_ws/install/turtlebot3_example:/home/wongwh/turtlebot3_ws/install/autonomous_tb3:/opt/ros/humble /usr/bin/cmake /home/wongwh/turtlebot3_ws/src/turtlebot3_simulations/turtlebot3_gazebo -DAMENT_CMAKE_SYMLINK_INSTALL=1 -DCMAKE_INSTALL_PREFIX=/home/wongwh/turtlebot3_ws/install/turtlebot3_gazebo
