[0.034s] Invoking command in '/home/wongwh/turtlebot3_ws/src/build/turtlebot3_navigation2': CMAKE_PREFIX_PATH=${CMAKE_PREFIX_PATH}:/home/wongwh/turtlebot3_ws/install/turtlebot3_teleop:/home/wongwh/turtlebot3_ws/install/turtlebot3_example:/home/wongwh/turtlebot3_ws/install/autonomous_tb3:/opt/ros/humble /usr/bin/cmake /home/wongwh/turtlebot3_ws/src/turtlebot3/turtlebot3_navigation2 -DAMENT_CMAKE_SYMLINK_INSTALL=1 -DCMAKE_INSTALL_PREFIX=/home/wongwh/turtlebot3_ws/src/install/turtlebot3_navigation2
[0.687s] -- The C compiler identification is GNU 11.4.0
[0.688s] -- The CXX compiler identification is GNU 11.4.0
[0.688s] -- Detecting C compiler ABI info
[0.688s] -- Detecting C compiler ABI info - done
[0.688s] -- Check for working C compiler: /usr/bin/cc - skipped
[0.688s] -- Detecting C compile features
[0.688s] -- Detecting C compile features - done
[0.688s] -- Detecting CXX compiler ABI info
[0.689s] -- Detecting CXX compiler ABI info - done
[0.689s] -- Check for working CXX compiler: /usr/bin/c++ - skipped
[0.689s] -- Detecting CXX compile features
[0.689s] -- Detecting CXX compile features - done
[0.689s] -- Found ament_cmake: 1.3.9 (/opt/ros/humble/share/ament_cmake/cmake)
[0.689s] -- Found Python3: /usr/bin/python3 (found version "3.10.12") found components: Interpreter 
[0.689s] -- Override CMake install command with custom implementation using symlinks instead of copying resources
[0.746s] -- Configuring done
[0.746s] -- Generating done
[0.747s] -- Build files have been written to: /home/wongwh/turtlebot3_ws/src/build/turtlebot3_navigation2
[0.750s] Invoked command in '/home/wongwh/turtlebot3_ws/src/build/turtlebot3_navigation2' returned '0': CMAKE_PREFIX_PATH=${CMAKE_PREFIX_PATH}:/home/wongwh/turtlebot3_ws/install/turtlebot3_teleop:/home/wongwh/turtlebot3_ws/install/turtlebot3_example:/home/wongwh/turtlebot3_ws/install/autonomous_tb3:/opt/ros/humble /usr/bin/cmake /home/wongwh/turtlebot3_ws/src/turtlebot3/turtlebot3_navigation2 -DAMENT_CMAKE_SYMLINK_INSTALL=1 -DCMAKE_INSTALL_PREFIX=/home/wongwh/turtlebot3_ws/src/install/turtlebot3_navigation2
[0.750s] Invoking command in '/home/wongwh/turtlebot3_ws/src/build/turtlebot3_navigation2': CMAKE_PREFIX_PATH=${CMAKE_PREFIX_PATH}:/home/wongwh/turtlebot3_ws/install/turtlebot3_teleop:/home/wongwh/turtlebot3_ws/install/turtlebot3_example:/home/wongwh/turtlebot3_ws/install/autonomous_tb3:/opt/ros/humble /usr/bin/cmake --build /home/wongwh/turtlebot3_ws/src/build/turtlebot3_navigation2 -- -j8 -l8
[0.811s] Invoked command in '/home/wongwh/turtlebot3_ws/src/build/turtlebot3_navigation2' returned '0': CMAKE_PREFIX_PATH=${CMAKE_PREFIX_PATH}:/home/wongwh/turtlebot3_ws/install/turtlebot3_teleop:/home/wongwh/turtlebot3_ws/install/turtlebot3_example:/home/wongwh/turtlebot3_ws/install/autonomous_tb3:/opt/ros/humble /usr/bin/cmake --build /home/wongwh/turtlebot3_ws/src/build/turtlebot3_navigation2 -- -j8 -l8
[0.921s] Invoking command in '/home/wongwh/turtlebot3_ws/src/build/turtlebot3_navigation2': CMAKE_PREFIX_PATH=${CMAKE_PREFIX_PATH}:/home/wongwh/turtlebot3_ws/install/turtlebot3_teleop:/home/wongwh/turtlebot3_ws/install/turtlebot3_example:/home/wongwh/turtlebot3_ws/install/autonomous_tb3:/opt/ros/humble /usr/bin/cmake --install /home/wongwh/turtlebot3_ws/src/build/turtlebot3_navigation2
[0.936s] -- Install configuration: ""
[0.936s] -- Execute custom install script
[0.936s] -- Symlinking: /home/wongwh/turtlebot3_ws/src/install/turtlebot3_navigation2/share/turtlebot3_navigation2/launch/.navigation2.launch.py.swp
[0.937s] -- Symlinking: /home/wongwh/turtlebot3_ws/src/install/turtlebot3_navigation2/share/turtlebot3_navigation2/launch/navigation2.launch.py
[0.942s] -- Symlinking: /home/wongwh/turtlebot3_ws/src/install/turtlebot3_navigation2/share/turtlebot3_navigation2/map/map.pgm
[0.957s] -- Symlinking: /home/wongwh/turtlebot3_ws/src/install/turtlebot3_navigation2/share/turtlebot3_navigation2/map/map.yaml
[1.002s] -- Symlinking: /home/wongwh/turtlebot3_ws/src/install/turtlebot3_navigation2/share/turtlebot3_navigation2/param/.backup.yaml.swp
[1.012s] -- Symlinking: /home/wongwh/turtlebot3_ws/src/install/turtlebot3_navigation2/share/turtlebot3_navigation2/param/.burger.yaml.swd
[1.035s] -- Symlinking: /home/wongwh/turtlebot3_ws/src/install/turtlebot3_navigation2/share/turtlebot3_navigation2/param/.burger.yaml.swe
[1.036s] -- Symlinking: /home/wongwh/turtlebot3_ws/src/install/turtlebot3_navigation2/share/turtlebot3_navigation2/param/.burger.yaml.swf
[1.055s] -- Symlinking: /home/wongwh/turtlebot3_ws/src/install/turtlebot3_navigation2/share/turtlebot3_navigation2/param/.burger.yaml.swg
[1.067s] -- Symlinking: /home/wongwh/turtlebot3_ws/src/install/turtlebot3_navigation2/share/turtlebot3_navigation2/param/.burger.yaml.swh
[1.092s] -- Symlinking: /home/wongwh/turtlebot3_ws/src/install/turtlebot3_navigation2/share/turtlebot3_navigation2/param/.burger.yaml.swi
[1.103s] -- Symlinking: /home/wongwh/turtlebot3_ws/src/install/turtlebot3_navigation2/share/turtlebot3_navigation2/param/.burger.yaml.swj
[1.130s] -- Symlinking: /home/wongwh/turtlebot3_ws/src/install/turtlebot3_navigation2/share/turtlebot3_navigation2/param/.burger.yaml.swk
[1.151s] -- Symlinking: /home/wongwh/turtlebot3_ws/src/install/turtlebot3_navigation2/share/turtlebot3_navigation2/param/.burger.yaml.swl
[1.178s] -- Symlinking: /home/wongwh/turtlebot3_ws/src/install/turtlebot3_navigation2/share/turtlebot3_navigation2/param/.burger.yaml.swm
[1.189s] -- Symlinking: /home/wongwh/turtlebot3_ws/src/install/turtlebot3_navigation2/share/turtlebot3_navigation2/param/.burger.yaml.swn
[1.207s] -- Symlinking: /home/wongwh/turtlebot3_ws/src/install/turtlebot3_navigation2/share/turtlebot3_navigation2/param/.burger.yaml.swo
[1.240s] -- Symlinking: /home/wongwh/turtlebot3_ws/src/install/turtlebot3_navigation2/share/turtlebot3_navigation2/param/.burger.yaml.swp
[1.273s] -- Symlinking: /home/wongwh/turtlebot3_ws/src/install/turtlebot3_navigation2/share/turtlebot3_navigation2/param/.withoutMppi.yaml.swp
[1.289s] -- Symlinking: /home/wongwh/turtlebot3_ws/src/install/turtlebot3_navigation2/share/turtlebot3_navigation2/param/backup/burger1jul.yaml
[1.307s] -- Symlinking: /home/wongwh/turtlebot3_ws/src/install/turtlebot3_navigation2/share/turtlebot3_navigation2/param/backup/burgerCrash.yaml
[1.334s] -- Symlinking: /home/wongwh/turtlebot3_ws/src/install/turtlebot3_navigation2/share/turtlebot3_navigation2/param/backup/burgerWorking.yaml
[1.340s] -- Symlinking: /home/wongwh/turtlebot3_ws/src/install/turtlebot3_navigation2/share/turtlebot3_navigation2/param/backup/burgerWorking2.yaml
[1.360s] -- Symlinking: /home/wongwh/turtlebot3_ws/src/install/turtlebot3_navigation2/share/turtlebot3_navigation2/param/backup/withMppi.yaml
[1.374s] -- Symlinking: /home/wongwh/turtlebot3_ws/src/install/turtlebot3_navigation2/share/turtlebot3_navigation2/param/burger.yaml
[1.395s] -- Symlinking: /home/wongwh/turtlebot3_ws/src/install/turtlebot3_navigation2/share/turtlebot3_navigation2/param/fake.yaml
[1.400s] -- Symlinking: /home/wongwh/turtlebot3_ws/src/install/turtlebot3_navigation2/share/turtlebot3_navigation2/param/frames_2024-07-05_16.02.56.gv
[1.433s] -- Symlinking: /home/wongwh/turtlebot3_ws/src/install/turtlebot3_navigation2/share/turtlebot3_navigation2/param/frames_2024-07-05_16.02.56.pdf
[1.439s] -- Symlinking: /home/wongwh/turtlebot3_ws/src/install/turtlebot3_navigation2/share/turtlebot3_navigation2/param/waffle.yaml
[1.455s] -- Symlinking: /home/wongwh/turtlebot3_ws/src/install/turtlebot3_navigation2/share/turtlebot3_navigation2/param/waffle_pi.yaml
[1.455s] -- Symlinking: /home/wongwh/turtlebot3_ws/src/install/turtlebot3_navigation2/share/turtlebot3_navigation2/param/withoutMppi.yaml
[1.467s] -- Symlinking: /home/wongwh/turtlebot3_ws/src/install/turtlebot3_navigation2/share/turtlebot3_navigation2/param/~
[1.480s] -- Symlinking: /home/wongwh/turtlebot3_ws/src/install/turtlebot3_navigation2/share/turtlebot3_navigation2/rviz/tb3_navigation2.rviz
[1.493s] -- Symlinking: /home/wongwh/turtlebot3_ws/src/install/turtlebot3_navigation2/share/ament_index/resource_index/package_run_dependencies/turtlebot3_navigation2
[1.499s] -- Symlinking: /home/wongwh/turtlebot3_ws/src/install/turtlebot3_navigation2/share/ament_index/resource_index/parent_prefix_path/turtlebot3_navigation2
[1.514s] -- Symlinking: /home/wongwh/turtlebot3_ws/src/install/turtlebot3_navigation2/share/turtlebot3_navigation2/environment/ament_prefix_path.sh
[1.542s] -- Symlinking: /home/wongwh/turtlebot3_ws/src/install/turtlebot3_navigation2/share/turtlebot3_navigation2/environment/ament_prefix_path.dsv
[1.550s] -- Symlinking: /home/wongwh/turtlebot3_ws/src/install/turtlebot3_navigation2/share/turtlebot3_navigation2/environment/path.sh
[1.557s] -- Symlinking: /home/wongwh/turtlebot3_ws/src/install/turtlebot3_navigation2/share/turtlebot3_navigation2/environment/path.dsv
[1.566s] -- Symlinking: /home/wongwh/turtlebot3_ws/src/install/turtlebot3_navigation2/share/turtlebot3_navigation2/local_setup.bash
[1.578s] -- Symlinking: /home/wongwh/turtlebot3_ws/src/install/turtlebot3_navigation2/share/turtlebot3_navigation2/local_setup.sh
[1.583s] -- Symlinking: /home/wongwh/turtlebot3_ws/src/install/turtlebot3_navigation2/share/turtlebot3_navigation2/local_setup.zsh
[1.591s] -- Symlinking: /home/wongwh/turtlebot3_ws/src/install/turtlebot3_navigation2/share/turtlebot3_navigation2/local_setup.dsv
[1.601s] -- Symlinking: /home/wongwh/turtlebot3_ws/src/install/turtlebot3_navigation2/share/turtlebot3_navigation2/package.dsv
[1.614s] -- Symlinking: /home/wongwh/turtlebot3_ws/src/install/turtlebot3_navigation2/share/ament_index/resource_index/packages/turtlebot3_navigation2
[1.633s] -- Symlinking: /home/wongwh/turtlebot3_ws/src/install/turtlebot3_navigation2/share/turtlebot3_navigation2/cmake/turtlebot3_navigation2Config.cmake
[1.633s] -- Symlinking: /home/wongwh/turtlebot3_ws/src/install/turtlebot3_navigation2/share/turtlebot3_navigation2/cmake/turtlebot3_navigation2Config-version.cmake
[1.640s] -- Symlinking: /home/wongwh/turtlebot3_ws/src/install/turtlebot3_navigation2/share/turtlebot3_navigation2/package.xml
[1.653s] Invoked command in '/home/wongwh/turtlebot3_ws/src/build/turtlebot3_navigation2' returned '0': CMAKE_PREFIX_PATH=${CMAKE_PREFIX_PATH}:/home/wongwh/turtlebot3_ws/install/turtlebot3_teleop:/home/wongwh/turtlebot3_ws/install/turtlebot3_example:/home/wongwh/turtlebot3_ws/install/autonomous_tb3:/opt/ros/humble /usr/bin/cmake --install /home/wongwh/turtlebot3_ws/src/build/turtlebot3_navigation2
