[0.009s] Invoking command in '/home/wongwh/turtlebot3_ws/build/turtlebot3_node': CMAKE_PREFIX_PATH=/home/wongwh/turtlebot3_ws/install/turtlebot3_msgs:/home/wongwh/turtlebot3_ws/install/dynamixel_sdk:/home/wongwh/turtlebot3_ws/install/turtlebot3:/home/wongwh/turtlebot3_ws/install/turtlebot3_bringup:/home/wongwh/turtlebot3_ws/install/turtlebot3_node:/home/wongwh/turtlebot3_ws/install/turtlebot3_navigation2:/home/wongwh/turtlebot3_ws/install/turtlebot3_description:/home/wongwh/turtlebot3_ws/install/turtlebot3_cartographer:/home/wongwh/turtlebot3_ws/install/dynamixel_sdk_examples:/home/wongwh/turtlebot3_ws/install/dynamixel_sdk_custom_interfaces:/home/wongwh/turtlebot3_ws/install/turtlebot3_teleop:/home/wongwh/turtlebot3_ws/install/turtlebot3_example:/opt/ros/humble LD_LIBRARY_PATH=/home/wongwh/turtlebot3_ws/install/turtlebot3_msgs/lib:/home/wongwh/turtlebot3_ws/install/dynamixel_sdk/lib:/home/wongwh/turtlebot3_ws/install/dynamixel_sdk_custom_interfaces/lib:/opt/ros/humble/opt/rviz_ogre_vendor/lib:/opt/ros/humble/lib/aarch64-linux-gnu:/opt/ros/humble/lib /usr/bin/cmake /home/wongwh/turtlebot3_ws/src/turtlebot3/turtlebot3_node -DCMAKE_INSTALL_PREFIX=/home/wongwh/turtlebot3_ws/install/turtlebot3_node
[0.019s] -- Found ament_cmake: 1.3.9 (/opt/ros/humble/share/ament_cmake/cmake)
[0.095s] -- Override CMake install command with custom implementation using symlinks instead of copying resources
[0.100s] -- Found dynamixel_sdk: 3.7.60 (/home/wongwh/turtlebot3_ws/install/dynamixel_sdk/share/dynamixel_sdk/cmake)
[0.101s] -- Found geometry_msgs: 4.2.4 (/opt/ros/humble/share/geometry_msgs/cmake)
[0.120s] -- Found rosidl_generator_c: 3.1.5 (/opt/ros/humble/share/rosidl_generator_c/cmake)
[0.122s] -- Found rosidl_adapter: 3.1.5 (/opt/ros/humble/share/rosidl_adapter/cmake)
[0.126s] -- Found rosidl_generator_cpp: 3.1.5 (/opt/ros/humble/share/rosidl_generator_cpp/cmake)
[0.134s] -- Using all available rosidl_typesupport_c: rosidl_typesupport_fastrtps_c;rosidl_typesupport_introspection_c
[0.146s] -- Using all available rosidl_typesupport_cpp: rosidl_typesupport_fastrtps_cpp;rosidl_typesupport_introspection_cpp
[0.244s] -- Found message_filters: 4.3.4 (/opt/ros/humble/share/message_filters/cmake)
[0.285s] -- Found rmw_implementation_cmake: 6.1.2 (/opt/ros/humble/share/rmw_implementation_cmake/cmake)
[0.286s] -- Found rmw_fastrtps_cpp: 6.2.6 (/opt/ros/humble/share/rmw_fastrtps_cpp/cmake)
[0.380s] -- Using RMW implementation 'rmw_fastrtps_cpp' as default
[0.495s] -- Found nav_msgs: 4.2.4 (/opt/ros/humble/share/nav_msgs/cmake)
[0.569s] -- Found sensor_msgs: 4.2.4 (/opt/ros/humble/share/sensor_msgs/cmake)
[0.642s] -- Found std_srvs: 4.2.4 (/opt/ros/humble/share/std_srvs/cmake)
[0.658s] -- Found tf2: 0.25.7 (/opt/ros/humble/share/tf2/cmake)
[0.666s] -- Found tf2_ros: 0.25.7 (/opt/ros/humble/share/tf2_ros/cmake)
[0.953s] -- Found turtlebot3_msgs: 2.2.3 (/home/wongwh/turtlebot3_ws/install/turtlebot3_msgs/share/turtlebot3_msgs/cmake)
[1.060s] -- Configuring done
[1.076s] -- Generating done
[1.077s] -- Build files have been written to: /home/wongwh/turtlebot3_ws/build/turtlebot3_node
[1.083s] Invoked command in '/home/wongwh/turtlebot3_ws/build/turtlebot3_node' returned '0': CMAKE_PREFIX_PATH=/home/wongwh/turtlebot3_ws/install/turtlebot3_msgs:/home/wongwh/turtlebot3_ws/install/dynamixel_sdk:/home/wongwh/turtlebot3_ws/install/turtlebot3:/home/wongwh/turtlebot3_ws/install/turtlebot3_bringup:/home/wongwh/turtlebot3_ws/install/turtlebot3_node:/home/wongwh/turtlebot3_ws/install/turtlebot3_navigation2:/home/wongwh/turtlebot3_ws/install/turtlebot3_description:/home/wongwh/turtlebot3_ws/install/turtlebot3_cartographer:/home/wongwh/turtlebot3_ws/install/dynamixel_sdk_examples:/home/wongwh/turtlebot3_ws/install/dynamixel_sdk_custom_interfaces:/home/wongwh/turtlebot3_ws/install/turtlebot3_teleop:/home/wongwh/turtlebot3_ws/install/turtlebot3_example:/opt/ros/humble LD_LIBRARY_PATH=/home/wongwh/turtlebot3_ws/install/turtlebot3_msgs/lib:/home/wongwh/turtlebot3_ws/install/dynamixel_sdk/lib:/home/wongwh/turtlebot3_ws/install/dynamixel_sdk_custom_interfaces/lib:/opt/ros/humble/opt/rviz_ogre_vendor/lib:/opt/ros/humble/lib/aarch64-linux-gnu:/opt/ros/humble/lib /usr/bin/cmake /home/wongwh/turtlebot3_ws/src/turtlebot3/turtlebot3_node -DCMAKE_INSTALL_PREFIX=/home/wongwh/turtlebot3_ws/install/turtlebot3_node
[1.083s] Invoking command in '/home/wongwh/turtlebot3_ws/build/turtlebot3_node': CMAKE_PREFIX_PATH=/home/wongwh/turtlebot3_ws/install/turtlebot3_msgs:/home/wongwh/turtlebot3_ws/install/dynamixel_sdk:/home/wongwh/turtlebot3_ws/install/turtlebot3:/home/wongwh/turtlebot3_ws/install/turtlebot3_bringup:/home/wongwh/turtlebot3_ws/install/turtlebot3_node:/home/wongwh/turtlebot3_ws/install/turtlebot3_navigation2:/home/wongwh/turtlebot3_ws/install/turtlebot3_description:/home/wongwh/turtlebot3_ws/install/turtlebot3_cartographer:/home/wongwh/turtlebot3_ws/install/dynamixel_sdk_examples:/home/wongwh/turtlebot3_ws/install/dynamixel_sdk_custom_interfaces:/home/wongwh/turtlebot3_ws/install/turtlebot3_teleop:/home/wongwh/turtlebot3_ws/install/turtlebot3_example:/opt/ros/humble LD_LIBRARY_PATH=/home/wongwh/turtlebot3_ws/install/turtlebot3_msgs/lib:/home/wongwh/turtlebot3_ws/install/dynamixel_sdk/lib:/home/wongwh/turtlebot3_ws/install/dynamixel_sdk_custom_interfaces/lib:/opt/ros/humble/opt/rviz_ogre_vendor/lib:/opt/ros/humble/lib/aarch64-linux-gnu:/opt/ros/humble/lib /usr/bin/cmake --build /home/wongwh/turtlebot3_ws/build/turtlebot3_node -- -j8 -l8
[1.113s] [35m[1mConsolidate compiler generated dependencies of target turtlebot3_node_lib[0m
[1.142s] [ 85%] Built target turtlebot3_node_lib
[1.148s] [35m[1mConsolidate compiler generated dependencies of target turtlebot3_ros[0m
[1.158s] [100%] Built target turtlebot3_ros
[1.164s] Invoked command in '/home/wongwh/turtlebot3_ws/build/turtlebot3_node' returned '0': CMAKE_PREFIX_PATH=/home/wongwh/turtlebot3_ws/install/turtlebot3_msgs:/home/wongwh/turtlebot3_ws/install/dynamixel_sdk:/home/wongwh/turtlebot3_ws/install/turtlebot3:/home/wongwh/turtlebot3_ws/install/turtlebot3_bringup:/home/wongwh/turtlebot3_ws/install/turtlebot3_node:/home/wongwh/turtlebot3_ws/install/turtlebot3_navigation2:/home/wongwh/turtlebot3_ws/install/turtlebot3_description:/home/wongwh/turtlebot3_ws/install/turtlebot3_cartographer:/home/wongwh/turtlebot3_ws/install/dynamixel_sdk_examples:/home/wongwh/turtlebot3_ws/install/dynamixel_sdk_custom_interfaces:/home/wongwh/turtlebot3_ws/install/turtlebot3_teleop:/home/wongwh/turtlebot3_ws/install/turtlebot3_example:/opt/ros/humble LD_LIBRARY_PATH=/home/wongwh/turtlebot3_ws/install/turtlebot3_msgs/lib:/home/wongwh/turtlebot3_ws/install/dynamixel_sdk/lib:/home/wongwh/turtlebot3_ws/install/dynamixel_sdk_custom_interfaces/lib:/opt/ros/humble/opt/rviz_ogre_vendor/lib:/opt/ros/humble/lib/aarch64-linux-gnu:/opt/ros/humble/lib /usr/bin/cmake --build /home/wongwh/turtlebot3_ws/build/turtlebot3_node -- -j8 -l8
[1.193s] Invoking command in '/home/wongwh/turtlebot3_ws/build/turtlebot3_node': CMAKE_PREFIX_PATH=/home/wongwh/turtlebot3_ws/install/turtlebot3_msgs:/home/wongwh/turtlebot3_ws/install/dynamixel_sdk:/home/wongwh/turtlebot3_ws/install/turtlebot3:/home/wongwh/turtlebot3_ws/install/turtlebot3_bringup:/home/wongwh/turtlebot3_ws/install/turtlebot3_node:/home/wongwh/turtlebot3_ws/install/turtlebot3_navigation2:/home/wongwh/turtlebot3_ws/install/turtlebot3_description:/home/wongwh/turtlebot3_ws/install/turtlebot3_cartographer:/home/wongwh/turtlebot3_ws/install/dynamixel_sdk_examples:/home/wongwh/turtlebot3_ws/install/dynamixel_sdk_custom_interfaces:/home/wongwh/turtlebot3_ws/install/turtlebot3_teleop:/home/wongwh/turtlebot3_ws/install/turtlebot3_example:/opt/ros/humble LD_LIBRARY_PATH=/home/wongwh/turtlebot3_ws/install/turtlebot3_msgs/lib:/home/wongwh/turtlebot3_ws/install/dynamixel_sdk/lib:/home/wongwh/turtlebot3_ws/install/dynamixel_sdk_custom_interfaces/lib:/opt/ros/humble/opt/rviz_ogre_vendor/lib:/opt/ros/humble/lib/aarch64-linux-gnu:/opt/ros/humble/lib /usr/bin/cmake --install /home/wongwh/turtlebot3_ws/build/turtlebot3_node
[1.197s] -- Install configuration: ""
[1.197s] -- Execute custom install script
[1.198s] -- Up-to-date symlink: /home/wongwh/turtlebot3_ws/install/turtlebot3_node/share/turtlebot3_node/param/burger.yaml
[1.199s] -- Up-to-date symlink: /home/wongwh/turtlebot3_ws/install/turtlebot3_node/share/turtlebot3_node/param/waffle.yaml
[1.199s] -- Up-to-date symlink: /home/wongwh/turtlebot3_ws/install/turtlebot3_node/share/turtlebot3_node/param/waffle_pi.yaml
[1.199s] -- Up-to-date symlink: /home/wongwh/turtlebot3_ws/install/turtlebot3_node/lib/turtlebot3_node/turtlebot3_ros
[1.199s] -- Up-to-date symlink: /home/wongwh/turtlebot3_ws/install/turtlebot3_node/share/ament_index/resource_index/package_run_dependencies/turtlebot3_node
[1.199s] -- Up-to-date symlink: /home/wongwh/turtlebot3_ws/install/turtlebot3_node/share/ament_index/resource_index/parent_prefix_path/turtlebot3_node
[1.200s] -- Up-to-date symlink: /home/wongwh/turtlebot3_ws/install/turtlebot3_node/share/turtlebot3_node/environment/ament_prefix_path.sh
[1.200s] -- Up-to-date symlink: /home/wongwh/turtlebot3_ws/install/turtlebot3_node/share/turtlebot3_node/environment/ament_prefix_path.dsv
[1.200s] -- Up-to-date symlink: /home/wongwh/turtlebot3_ws/install/turtlebot3_node/share/turtlebot3_node/environment/path.sh
[1.200s] -- Up-to-date symlink: /home/wongwh/turtlebot3_ws/install/turtlebot3_node/share/turtlebot3_node/environment/path.dsv
[1.200s] -- Up-to-date symlink: /home/wongwh/turtlebot3_ws/install/turtlebot3_node/share/turtlebot3_node/local_setup.bash
[1.201s] -- Up-to-date symlink: /home/wongwh/turtlebot3_ws/install/turtlebot3_node/share/turtlebot3_node/local_setup.sh
[1.201s] -- Up-to-date symlink: /home/wongwh/turtlebot3_ws/install/turtlebot3_node/share/turtlebot3_node/local_setup.zsh
[1.201s] -- Up-to-date symlink: /home/wongwh/turtlebot3_ws/install/turtlebot3_node/share/turtlebot3_node/local_setup.dsv
[1.201s] -- Symlinking: /home/wongwh/turtlebot3_ws/install/turtlebot3_node/share/turtlebot3_node/package.dsv
[1.206s] -- Up-to-date symlink: /home/wongwh/turtlebot3_ws/install/turtlebot3_node/share/ament_index/resource_index/packages/turtlebot3_node
[1.206s] -- Up-to-date symlink: /home/wongwh/turtlebot3_ws/install/turtlebot3_node/share/turtlebot3_node/cmake/ament_cmake_export_include_directories-extras.cmake
[1.206s] -- Up-to-date symlink: /home/wongwh/turtlebot3_ws/install/turtlebot3_node/share/turtlebot3_node/cmake/turtlebot3_nodeConfig.cmake
[1.206s] -- Up-to-date symlink: /home/wongwh/turtlebot3_ws/install/turtlebot3_node/share/turtlebot3_node/cmake/turtlebot3_nodeConfig-version.cmake
[1.207s] -- Up-to-date symlink: /home/wongwh/turtlebot3_ws/install/turtlebot3_node/share/turtlebot3_node/package.xml
[1.209s] Invoked command in '/home/wongwh/turtlebot3_ws/build/turtlebot3_node' returned '0': CMAKE_PREFIX_PATH=/home/wongwh/turtlebot3_ws/install/turtlebot3_msgs:/home/wongwh/turtlebot3_ws/install/dynamixel_sdk:/home/wongwh/turtlebot3_ws/install/turtlebot3:/home/wongwh/turtlebot3_ws/install/turtlebot3_bringup:/home/wongwh/turtlebot3_ws/install/turtlebot3_node:/home/wongwh/turtlebot3_ws/install/turtlebot3_navigation2:/home/wongwh/turtlebot3_ws/install/turtlebot3_description:/home/wongwh/turtlebot3_ws/install/turtlebot3_cartographer:/home/wongwh/turtlebot3_ws/install/dynamixel_sdk_examples:/home/wongwh/turtlebot3_ws/install/dynamixel_sdk_custom_interfaces:/home/wongwh/turtlebot3_ws/install/turtlebot3_teleop:/home/wongwh/turtlebot3_ws/install/turtlebot3_example:/opt/ros/humble LD_LIBRARY_PATH=/home/wongwh/turtlebot3_ws/install/turtlebot3_msgs/lib:/home/wongwh/turtlebot3_ws/install/dynamixel_sdk/lib:/home/wongwh/turtlebot3_ws/install/dynamixel_sdk_custom_interfaces/lib:/opt/ros/humble/opt/rviz_ogre_vendor/lib:/opt/ros/humble/lib/aarch64-linux-gnu:/opt/ros/humble/lib /usr/bin/cmake --install /home/wongwh/turtlebot3_ws/build/turtlebot3_node
