-- Found ament_cmake: 1.3.9 (/opt/ros/humble/share/ament_cmake/cmake)
-- Override CMake install command with custom implementation using symlinks instead of copying resources
-- Configuring done
-- Generating done
-- Build files have been written to: /home/wongwh/turtlebot3_ws/build/turtlebot3_navigation2
-- Install configuration: ""
-- Execute custom install script
-- Up-to-date symlink: /home/wongwh/turtlebot3_ws/install/turtlebot3_navigation2/share/turtlebot3_navigation2/launch/.navigation2.launch.py.swp
-- Up-to-date symlink: /home/wongwh/turtlebot3_ws/install/turtlebot3_navigation2/share/turtlebot3_navigation2/launch/navigation2.launch.py
-- Up-to-date symlink: /home/wongwh/turtlebot3_ws/install/turtlebot3_navigation2/share/turtlebot3_navigation2/map/map.pgm
-- Up-to-date symlink: /home/wongwh/turtlebot3_ws/install/turtlebot3_navigation2/share/turtlebot3_navigation2/map/map.yaml
-- Symlinking: /home/wongwh/turtlebot3_ws/install/turtlebot3_navigation2/share/turtlebot3_navigation2/param/.backup.yaml.swp
-- Symlinking: /home/wongwh/turtlebot3_ws/install/turtlebot3_navigation2/share/turtlebot3_navigation2/param/.burger.yaml.swd
-- Symlinking: /home/wongwh/turtlebot3_ws/install/turtlebot3_navigation2/share/turtlebot3_navigation2/param/.burger.yaml.swe
-- Symlinking: /home/wongwh/turtlebot3_ws/install/turtlebot3_navigation2/share/turtlebot3_navigation2/param/.burger.yaml.swf
-- Symlinking: /home/wongwh/turtlebot3_ws/install/turtlebot3_navigation2/share/turtlebot3_navigation2/param/.burger.yaml.swg
-- Symlinking: /home/wongwh/turtlebot3_ws/install/turtlebot3_navigation2/share/turtlebot3_navigation2/param/.burger.yaml.swh
-- Up-to-date symlink: /home/wongwh/turtlebot3_ws/install/turtlebot3_navigation2/share/turtlebot3_navigation2/param/.burger.yaml.swi
-- Up-to-date symlink: /home/wongwh/turtlebot3_ws/install/turtlebot3_navigation2/share/turtlebot3_navigation2/param/.burger.yaml.swj
-- Up-to-date symlink: /home/wongwh/turtlebot3_ws/install/turtlebot3_navigation2/share/turtlebot3_navigation2/param/.burger.yaml.swk
-- Up-to-date symlink: /home/wongwh/turtlebot3_ws/install/turtlebot3_navigation2/share/turtlebot3_navigation2/param/.burger.yaml.swl
-- Up-to-date symlink: /home/wongwh/turtlebot3_ws/install/turtlebot3_navigation2/share/turtlebot3_navigation2/param/.burger.yaml.swm
-- Up-to-date symlink: /home/wongwh/turtlebot3_ws/install/turtlebot3_navigation2/share/turtlebot3_navigation2/param/.burger.yaml.swn
-- Up-to-date symlink: /home/wongwh/turtlebot3_ws/install/turtlebot3_navigation2/share/turtlebot3_navigation2/param/.burger.yaml.swo
-- Up-to-date symlink: /home/wongwh/turtlebot3_ws/install/turtlebot3_navigation2/share/turtlebot3_navigation2/param/.burger.yaml.swp
-- Symlinking: /home/wongwh/turtlebot3_ws/install/turtlebot3_navigation2/share/turtlebot3_navigation2/param/.withoutMppi.yaml.swp
-- Up-to-date symlink: /home/wongwh/turtlebot3_ws/install/turtlebot3_navigation2/share/turtlebot3_navigation2/param/backup/burger1jul.yaml
-- Symlinking: /home/wongwh/turtlebot3_ws/install/turtlebot3_navigation2/share/turtlebot3_navigation2/param/backup/burgerCrash.yaml
-- Symlinking: /home/wongwh/turtlebot3_ws/install/turtlebot3_navigation2/share/turtlebot3_navigation2/param/backup/burgerWorking.yaml
-- Symlinking: /home/wongwh/turtlebot3_ws/install/turtlebot3_navigation2/share/turtlebot3_navigation2/param/backup/burgerWorking2.yaml
-- Symlinking: /home/wongwh/turtlebot3_ws/install/turtlebot3_navigation2/share/turtlebot3_navigation2/param/backup/withMppi.yaml
-- Up-to-date symlink: /home/wongwh/turtlebot3_ws/install/turtlebot3_navigation2/share/turtlebot3_navigation2/param/burger.yaml
-- Symlinking: /home/wongwh/turtlebot3_ws/install/turtlebot3_navigation2/share/turtlebot3_navigation2/param/fake.yaml
-- Symlinking: /home/wongwh/turtlebot3_ws/install/turtlebot3_navigation2/share/turtlebot3_navigation2/param/frames_2024-07-05_16.02.56.gv
-- Symlinking: /home/wongwh/turtlebot3_ws/install/turtlebot3_navigation2/share/turtlebot3_navigation2/param/frames_2024-07-05_16.02.56.pdf
-- Up-to-date symlink: /home/wongwh/turtlebot3_ws/install/turtlebot3_navigation2/share/turtlebot3_navigation2/param/waffle.yaml
-- Up-to-date symlink: /home/wongwh/turtlebot3_ws/install/turtlebot3_navigation2/share/turtlebot3_navigation2/param/waffle_pi.yaml
-- Symlinking: /home/wongwh/turtlebot3_ws/install/turtlebot3_navigation2/share/turtlebot3_navigation2/param/withoutMppi.yaml
-- Up-to-date symlink: /home/wongwh/turtlebot3_ws/install/turtlebot3_navigation2/share/turtlebot3_navigation2/param/~
-- Up-to-date symlink: /home/wongwh/turtlebot3_ws/install/turtlebot3_navigation2/share/turtlebot3_navigation2/rviz/tb3_navigation2.rviz
-- Up-to-date symlink: /home/wongwh/turtlebot3_ws/install/turtlebot3_navigation2/share/ament_index/resource_index/package_run_dependencies/turtlebot3_navigation2
-- Up-to-date symlink: /home/wongwh/turtlebot3_ws/install/turtlebot3_navigation2/share/ament_index/resource_index/parent_prefix_path/turtlebot3_navigation2
-- Up-to-date symlink: /home/wongwh/turtlebot3_ws/install/turtlebot3_navigation2/share/turtlebot3_navigation2/environment/ament_prefix_path.sh
-- Up-to-date symlink: /home/wongwh/turtlebot3_ws/install/turtlebot3_navigation2/share/turtlebot3_navigation2/environment/ament_prefix_path.dsv
-- Up-to-date symlink: /home/wongwh/turtlebot3_ws/install/turtlebot3_navigation2/share/turtlebot3_navigation2/environment/path.sh
-- Up-to-date symlink: /home/wongwh/turtlebot3_ws/install/turtlebot3_navigation2/share/turtlebot3_navigation2/environment/path.dsv
-- Up-to-date symlink: /home/wongwh/turtlebot3_ws/install/turtlebot3_navigation2/share/turtlebot3_navigation2/local_setup.bash
-- Up-to-date symlink: /home/wongwh/turtlebot3_ws/install/turtlebot3_navigation2/share/turtlebot3_navigation2/local_setup.sh
-- Up-to-date symlink: /home/wongwh/turtlebot3_ws/install/turtlebot3_navigation2/share/turtlebot3_navigation2/local_setup.zsh
-- Up-to-date symlink: /home/wongwh/turtlebot3_ws/install/turtlebot3_navigation2/share/turtlebot3_navigation2/local_setup.dsv
-- Symlinking: /home/wongwh/turtlebot3_ws/install/turtlebot3_navigation2/share/turtlebot3_navigation2/package.dsv
-- Up-to-date symlink: /home/wongwh/turtlebot3_ws/install/turtlebot3_navigation2/share/ament_index/resource_index/packages/turtlebot3_navigation2
-- Up-to-date symlink: /home/wongwh/turtlebot3_ws/install/turtlebot3_navigation2/share/turtlebot3_navigation2/cmake/turtlebot3_navigation2Config.cmake
-- Up-to-date symlink: /home/wongwh/turtlebot3_ws/install/turtlebot3_navigation2/share/turtlebot3_navigation2/cmake/turtlebot3_navigation2Config-version.cmake
-- Up-to-date symlink: /home/wongwh/turtlebot3_ws/install/turtlebot3_navigation2/share/turtlebot3_navigation2/package.xml
