[0.015s] Invoking command in '/home/wongwh/turtlebot3_ws/build/turtlebot3_description': CMAKE_PREFIX_PATH=/opt/ros/humble /usr/bin/cmake /home/wongwh/turtlebot3_ws/src/turtlebot3/turtlebot3_description -DAMENT_CMAKE_SYMLINK_INSTALL=1 -DCMAKE_INSTALL_PREFIX=/home/wongwh/turtlebot3_ws/install/turtlebot3_description
[0.139s] -- The C compiler identification is GNU 11.4.0
[0.219s] -- The CXX compiler identification is GNU 11.4.0
[0.232s] -- Detecting C compiler ABI info
[0.283s] -- Detecting C compiler ABI info - done
[0.288s] -- Check for working C compiler: /usr/bin/cc - skipped
[0.288s] -- Detecting C compile features
[0.288s] -- Detecting C compile features - done
[0.290s] -- Detecting CXX compiler ABI info
[0.346s] -- Detecting CXX compiler ABI info - done
[0.352s] -- Check for working CXX compiler: /usr/bin/c++ - skipped
[0.352s] -- Detecting CXX compile features
[0.352s] -- Detecting CXX compile features - done
[0.355s] -- Found ament_cmake: 1.3.9 (/opt/ros/humble/share/ament_cmake/cmake)
[0.450s] -- Found Python3: /usr/bin/python3 (found version "3.10.12") found components: Interpreter 
[0.495s] -- Override CMake install command with custom implementation using symlinks instead of copying resources
[0.533s] -- Found urdf: 2.6.0 (/opt/ros/humble/share/urdf/cmake)
[0.652s] -- Configuring done
[0.654s] -- Generating done
[0.654s] -- Build files have been written to: /home/wongwh/turtlebot3_ws/build/turtlebot3_description
[0.659s] Invoked command in '/home/wongwh/turtlebot3_ws/build/turtlebot3_description' returned '0': CMAKE_PREFIX_PATH=/opt/ros/humble /usr/bin/cmake /home/wongwh/turtlebot3_ws/src/turtlebot3/turtlebot3_description -DAMENT_CMAKE_SYMLINK_INSTALL=1 -DCMAKE_INSTALL_PREFIX=/home/wongwh/turtlebot3_ws/install/turtlebot3_description
[0.659s] Invoking command in '/home/wongwh/turtlebot3_ws/build/turtlebot3_description': CMAKE_PREFIX_PATH=/opt/ros/humble /usr/bin/cmake --build /home/wongwh/turtlebot3_ws/build/turtlebot3_description -- -j4 -l4
[0.682s] Invoked command in '/home/wongwh/turtlebot3_ws/build/turtlebot3_description' returned '0': CMAKE_PREFIX_PATH=/opt/ros/humble /usr/bin/cmake --build /home/wongwh/turtlebot3_ws/build/turtlebot3_description -- -j4 -l4
[0.737s] Invoking command in '/home/wongwh/turtlebot3_ws/build/turtlebot3_description': CMAKE_PREFIX_PATH=/opt/ros/humble /usr/bin/cmake --install /home/wongwh/turtlebot3_ws/build/turtlebot3_description
[0.747s] -- Install configuration: ""
[0.747s] -- Execute custom install script
[0.747s] -- Symlinking: /home/wongwh/turtlebot3_ws/install/turtlebot3_description/share/turtlebot3_description/meshes/bases/burger_base.stl
[0.761s] -- Symlinking: /home/wongwh/turtlebot3_ws/install/turtlebot3_description/share/turtlebot3_description/meshes/bases/waffle_base.stl
[0.781s] -- Symlinking: /home/wongwh/turtlebot3_ws/install/turtlebot3_description/share/turtlebot3_description/meshes/bases/waffle_pi_base.stl
[0.797s] -- Symlinking: /home/wongwh/turtlebot3_ws/install/turtlebot3_description/share/turtlebot3_description/meshes/sensors/astra.dae
[0.814s] -- Symlinking: /home/wongwh/turtlebot3_ws/install/turtlebot3_description/share/turtlebot3_description/meshes/sensors/astra.jpg
[0.839s] -- Symlinking: /home/wongwh/turtlebot3_ws/install/turtlebot3_description/share/turtlebot3_description/meshes/sensors/lds.stl
[0.865s] -- Symlinking: /home/wongwh/turtlebot3_ws/install/turtlebot3_description/share/turtlebot3_description/meshes/sensors/r200.dae
[0.871s] -- Symlinking: /home/wongwh/turtlebot3_ws/install/turtlebot3_description/share/turtlebot3_description/meshes/sensors/r200.jpg
[0.890s] -- Symlinking: /home/wongwh/turtlebot3_ws/install/turtlebot3_description/share/turtlebot3_description/meshes/wheels/left_tire.stl
[0.909s] -- Symlinking: /home/wongwh/turtlebot3_ws/install/turtlebot3_description/share/turtlebot3_description/meshes/wheels/right_tire.stl
[0.921s] -- Symlinking: /home/wongwh/turtlebot3_ws/install/turtlebot3_description/share/turtlebot3_description/rviz/model.rviz
[0.926s] -- Symlinking: /home/wongwh/turtlebot3_ws/install/turtlebot3_description/share/turtlebot3_description/urdf/common_properties.urdf
[0.931s] -- Symlinking: /home/wongwh/turtlebot3_ws/install/turtlebot3_description/share/turtlebot3_description/urdf/turtlebot3_burger.urdf
[0.950s] -- Symlinking: /home/wongwh/turtlebot3_ws/install/turtlebot3_description/share/turtlebot3_description/urdf/turtlebot3_waffle.urdf
[0.970s] -- Symlinking: /home/wongwh/turtlebot3_ws/install/turtlebot3_description/share/turtlebot3_description/urdf/turtlebot3_waffle_pi.urdf
[0.986s] -- Symlinking: /home/wongwh/turtlebot3_ws/install/turtlebot3_description/share/ament_index/resource_index/package_run_dependencies/turtlebot3_description
[1.004s] -- Symlinking: /home/wongwh/turtlebot3_ws/install/turtlebot3_description/share/ament_index/resource_index/parent_prefix_path/turtlebot3_description
[1.023s] -- Symlinking: /home/wongwh/turtlebot3_ws/install/turtlebot3_description/share/turtlebot3_description/environment/ament_prefix_path.sh
[1.035s] -- Symlinking: /home/wongwh/turtlebot3_ws/install/turtlebot3_description/share/turtlebot3_description/environment/ament_prefix_path.dsv
[1.052s] -- Symlinking: /home/wongwh/turtlebot3_ws/install/turtlebot3_description/share/turtlebot3_description/environment/path.sh
[1.070s] -- Symlinking: /home/wongwh/turtlebot3_ws/install/turtlebot3_description/share/turtlebot3_description/environment/path.dsv
[1.086s] -- Symlinking: /home/wongwh/turtlebot3_ws/install/turtlebot3_description/share/turtlebot3_description/local_setup.bash
[1.106s] -- Symlinking: /home/wongwh/turtlebot3_ws/install/turtlebot3_description/share/turtlebot3_description/local_setup.sh
[1.113s] -- Symlinking: /home/wongwh/turtlebot3_ws/install/turtlebot3_description/share/turtlebot3_description/local_setup.zsh
[1.118s] -- Symlinking: /home/wongwh/turtlebot3_ws/install/turtlebot3_description/share/turtlebot3_description/local_setup.dsv
[1.123s] -- Symlinking: /home/wongwh/turtlebot3_ws/install/turtlebot3_description/share/turtlebot3_description/package.dsv
[1.128s] -- Symlinking: /home/wongwh/turtlebot3_ws/install/turtlebot3_description/share/ament_index/resource_index/packages/turtlebot3_description
[1.143s] -- Symlinking: /home/wongwh/turtlebot3_ws/install/turtlebot3_description/share/turtlebot3_description/cmake/turtlebot3_descriptionConfig.cmake
[1.147s] -- Symlinking: /home/wongwh/turtlebot3_ws/install/turtlebot3_description/share/turtlebot3_description/cmake/turtlebot3_descriptionConfig-version.cmake
[1.153s] -- Symlinking: /home/wongwh/turtlebot3_ws/install/turtlebot3_description/share/turtlebot3_description/package.xml
[1.165s] Invoked command in '/home/wongwh/turtlebot3_ws/build/turtlebot3_description' returned '0': CMAKE_PREFIX_PATH=/opt/ros/humble /usr/bin/cmake --install /home/wongwh/turtlebot3_ws/build/turtlebot3_description
