[0.754s] Invoking command in '/home/wongwh/turtlebot3_ws/build/turtlebot3_teleop': PYTHONPATH=/home/wongwh/turtlebot3_ws/build/turtlebot3_teleop/prefix_override:/home/wongwh/turtlebot3_ws/install/turtlebot3_teleop/lib/python3.10/site-packages:${PYTHONPATH} /usr/bin/python3 -W ignore:setup.py install is deprecated setup.py develop --editable --build-directory /home/wongwh/turtlebot3_ws/build/turtlebot3_teleop/build --no-deps symlink_data
[1.078s] running develop
[1.082s] /usr/lib/python3/dist-packages/setuptools/command/easy_install.py:158: EasyInstallDeprecationWarning: easy_install command is deprecated. Use build and pip and other standards-based tools.
[1.082s]   warnings.warn(
[1.246s] running egg_info
[1.247s] creating turtlebot3_teleop.egg-info
[1.247s] writing turtlebot3_teleop.egg-info/PKG-INFO
[1.247s] writing dependency_links to turtlebot3_teleop.egg-info/dependency_links.txt
[1.247s] writing entry points to turtlebot3_teleop.egg-info/entry_points.txt
[1.247s] writing requirements to turtlebot3_teleop.egg-info/requires.txt
[1.247s] writing top-level names to turtlebot3_teleop.egg-info/top_level.txt
[1.247s] writing manifest file 'turtlebot3_teleop.egg-info/SOURCES.txt'
[1.248s] reading manifest file 'turtlebot3_teleop.egg-info/SOURCES.txt'
[1.248s] writing manifest file 'turtlebot3_teleop.egg-info/SOURCES.txt'
[1.249s] running build_ext
[1.249s] Creating /home/wongwh/turtlebot3_ws/install/turtlebot3_teleop/lib/python3.10/site-packages/turtlebot3-teleop.egg-link (link to .)
[1.251s] Installing teleop_keyboard script to /home/wongwh/turtlebot3_ws/install/turtlebot3_teleop/lib/turtlebot3_teleop
[1.251s] 
[1.251s] Installed /home/wongwh/turtlebot3_ws/build/turtlebot3_teleop
[1.251s] running symlink_data
[1.251s] creating /home/wongwh/turtlebot3_ws/install/turtlebot3_teleop/share/ament_index
[1.251s] creating /home/wongwh/turtlebot3_ws/install/turtlebot3_teleop/share/ament_index/resource_index
[1.251s] creating /home/wongwh/turtlebot3_ws/install/turtlebot3_teleop/share/ament_index/resource_index/packages
[1.251s] symbolically linking /home/wongwh/turtlebot3_ws/build/turtlebot3_teleop/resource/turtlebot3_teleop -> /home/wongwh/turtlebot3_ws/install/turtlebot3_teleop/share/ament_index/resource_index/packages
[1.251s] symbolically linking /home/wongwh/turtlebot3_ws/build/turtlebot3_teleop/package.xml -> /home/wongwh/turtlebot3_ws/install/turtlebot3_teleop/share/turtlebot3_teleop
[1.296s] Invoked command in '/home/wongwh/turtlebot3_ws/build/turtlebot3_teleop' returned '0': PYTHONPATH=/home/wongwh/turtlebot3_ws/build/turtlebot3_teleop/prefix_override:/home/wongwh/turtlebot3_ws/install/turtlebot3_teleop/lib/python3.10/site-packages:${PYTHONPATH} /usr/bin/python3 -W ignore:setup.py install is deprecated setup.py develop --editable --build-directory /home/wongwh/turtlebot3_ws/build/turtlebot3_teleop/build --no-deps symlink_data
