[0.770s] Invoking command in '/home/wongwh/turtlebot3_ws/src/turtlebot3/turtlebot3_teleop': PYTHONPATH=/home/wongwh/turtlebot3_ws/build/turtlebot3_teleop/prefix_override:/home/wongwh/turtlebot3_ws/install/turtlebot3_teleop/lib/python3.10/site-packages:${PYTHONPATH} /usr/bin/python3 -W ignore:setup.py install is deprecated setup.py egg_info --egg-base ../../../build/turtlebot3_teleop build --build-base /home/wongwh/turtlebot3_ws/build/turtlebot3_teleop/build install --record /home/wongwh/turtlebot3_ws/build/turtlebot3_teleop/install.log --single-version-externally-managed install_data
[0.933s] running egg_info
[0.933s] writing ../../../build/turtlebot3_teleop/turtlebot3_teleop.egg-info/PKG-INFO
[0.933s] writing dependency_links to ../../../build/turtlebot3_teleop/turtlebot3_teleop.egg-info/dependency_links.txt
[0.933s] writing entry points to ../../../build/turtlebot3_teleop/turtlebot3_teleop.egg-info/entry_points.txt
[0.934s] writing requirements to ../../../build/turtlebot3_teleop/turtlebot3_teleop.egg-info/requires.txt
[0.935s] writing top-level names to ../../../build/turtlebot3_teleop/turtlebot3_teleop.egg-info/top_level.txt
[0.936s] reading manifest file '../../../build/turtlebot3_teleop/turtlebot3_teleop.egg-info/SOURCES.txt'
[0.937s] writing manifest file '../../../build/turtlebot3_teleop/turtlebot3_teleop.egg-info/SOURCES.txt'
[0.937s] running build
[0.937s] running build_py
[0.937s] running install
[0.938s] running install_lib
[0.943s] running install_data
[0.944s] running install_egg_info
[0.944s] removing '/home/wongwh/turtlebot3_ws/install/turtlebot3_teleop/lib/python3.10/site-packages/turtlebot3_teleop-2.1.5-py3.10.egg-info' (and everything under it)
[0.944s] Copying ../../../build/turtlebot3_teleop/turtlebot3_teleop.egg-info to /home/wongwh/turtlebot3_ws/install/turtlebot3_teleop/lib/python3.10/site-packages/turtlebot3_teleop-2.1.5-py3.10.egg-info
[0.944s] running install_scripts
[0.961s] Installing teleop_keyboard script to /home/wongwh/turtlebot3_ws/install/turtlebot3_teleop/lib/turtlebot3_teleop
[0.961s] writing list of installed files to '/home/wongwh/turtlebot3_ws/build/turtlebot3_teleop/install.log'
[1.079s] Invoked command in '/home/wongwh/turtlebot3_ws/src/turtlebot3/turtlebot3_teleop' returned '0': PYTHONPATH=/home/wongwh/turtlebot3_ws/build/turtlebot3_teleop/prefix_override:/home/wongwh/turtlebot3_ws/install/turtlebot3_teleop/lib/python3.10/site-packages:${PYTHONPATH} /usr/bin/python3 -W ignore:setup.py install is deprecated setup.py egg_info --egg-base ../../../build/turtlebot3_teleop build --build-base /home/wongwh/turtlebot3_ws/build/turtlebot3_teleop/build install --record /home/wongwh/turtlebot3_ws/build/turtlebot3_teleop/install.log --single-version-externally-managed install_data
