[0.524s] Invoking command in '/home/wongwh/turtlebot3_ws/src/build/turtlebot3_example': AMENT_PREFIX_PATH=/home/wongwh/turtlebot3_ws/src/install/turtlebot3_msgs:${AMENT_PREFIX_PATH} CMAKE_PREFIX_PATH=/home/wongwh/turtlebot3_ws/src/install/turtlebot3_msgs:${CMAKE_PREFIX_PATH} LD_LIBRARY_PATH=/home/wongwh/turtlebot3_ws/src/install/turtlebot3_msgs/lib:${LD_LIBRARY_PATH} PYTHONPATH=/home/wongwh/turtlebot3_ws/src/build/turtlebot3_example/prefix_override:/usr/lib/python3/dist-packages/colcon_core/task/python/colcon_distutils_commands:/home/wongwh/turtlebot3_ws/src/install/turtlebot3_example/lib/python3.10/site-packages:/home/wongwh/turtlebot3_ws/src/install/turtlebot3_msgs/local/lib/python3.10/dist-packages:${PYTHONPATH} /usr/bin/python3 -W ignore:setup.py install is deprecated setup.py develop --editable --build-directory /home/wongwh/turtlebot3_ws/src/build/turtlebot3_example/build --no-deps symlink_data
[0.715s] running develop
[0.716s] /usr/lib/python3/dist-packages/setuptools/command/easy_install.py:158: EasyInstallDeprecationWarning: easy_install command is deprecated. Use build and pip and other standards-based tools.
[0.716s]   warnings.warn(
[0.830s] running egg_info
[0.830s] creating turtlebot3_example.egg-info
[0.830s] writing turtlebot3_example.egg-info/PKG-INFO
[0.831s] writing dependency_links to turtlebot3_example.egg-info/dependency_links.txt
[0.832s] writing entry points to turtlebot3_example.egg-info/entry_points.txt
[0.832s] writing requirements to turtlebot3_example.egg-info/requires.txt
[0.832s] writing top-level names to turtlebot3_example.egg-info/top_level.txt
[0.832s] writing manifest file 'turtlebot3_example.egg-info/SOURCES.txt'
[0.835s] reading manifest file 'turtlebot3_example.egg-info/SOURCES.txt'
[0.835s] writing manifest file 'turtlebot3_example.egg-info/SOURCES.txt'
[0.837s] running build_ext
[0.837s] Creating /home/wongwh/turtlebot3_ws/src/install/turtlebot3_example/lib/python3.10/site-packages/turtlebot3-example.egg-link (link to .)
[0.838s] Installing turtlebot3_obstacle_detection script to /home/wongwh/turtlebot3_ws/src/install/turtlebot3_example/lib/turtlebot3_example
[0.838s] Installing turtlebot3_patrol_client script to /home/wongwh/turtlebot3_ws/src/install/turtlebot3_example/lib/turtlebot3_example
[0.838s] Installing turtlebot3_patrol_server script to /home/wongwh/turtlebot3_ws/src/install/turtlebot3_example/lib/turtlebot3_example
[0.838s] Installing turtlebot3_position_control script to /home/wongwh/turtlebot3_ws/src/install/turtlebot3_example/lib/turtlebot3_example
[0.839s] 
[0.839s] Installed /home/wongwh/turtlebot3_ws/src/build/turtlebot3_example
[0.839s] running symlink_data
[0.839s] creating /home/wongwh/turtlebot3_ws/src/install/turtlebot3_example/share/ament_index
[0.839s] creating /home/wongwh/turtlebot3_ws/src/install/turtlebot3_example/share/ament_index/resource_index
[0.839s] creating /home/wongwh/turtlebot3_ws/src/install/turtlebot3_example/share/ament_index/resource_index/packages
[0.839s] symbolically linking /home/wongwh/turtlebot3_ws/src/build/turtlebot3_example/resource/turtlebot3_example -> /home/wongwh/turtlebot3_ws/src/install/turtlebot3_example/share/ament_index/resource_index/packages
[0.839s] symbolically linking /home/wongwh/turtlebot3_ws/src/build/turtlebot3_example/package.xml -> /home/wongwh/turtlebot3_ws/src/install/turtlebot3_example/share/turtlebot3_example
[0.866s] Invoked command in '/home/wongwh/turtlebot3_ws/src/build/turtlebot3_example' returned '0': AMENT_PREFIX_PATH=/home/wongwh/turtlebot3_ws/src/install/turtlebot3_msgs:${AMENT_PREFIX_PATH} CMAKE_PREFIX_PATH=/home/wongwh/turtlebot3_ws/src/install/turtlebot3_msgs:${CMAKE_PREFIX_PATH} LD_LIBRARY_PATH=/home/wongwh/turtlebot3_ws/src/install/turtlebot3_msgs/lib:${LD_LIBRARY_PATH} PYTHONPATH=/home/wongwh/turtlebot3_ws/src/build/turtlebot3_example/prefix_override:/usr/lib/python3/dist-packages/colcon_core/task/python/colcon_distutils_commands:/home/wongwh/turtlebot3_ws/src/install/turtlebot3_example/lib/python3.10/site-packages:/home/wongwh/turtlebot3_ws/src/install/turtlebot3_msgs/local/lib/python3.10/dist-packages:${PYTHONPATH} /usr/bin/python3 -W ignore:setup.py install is deprecated setup.py develop --editable --build-directory /home/wongwh/turtlebot3_ws/src/build/turtlebot3_example/build --no-deps symlink_data
