[0.406s] Invoking command in '/home/wongwh/turtlebot3_ws/build/turtlebot3_example': CMAKE_PREFIX_PATH=/home/wongwh/turtlebot3_ws/install/turtlebot3_msgs:/home/wongwh/turtlebot3_ws/install/turtlebot3:/home/wongwh/turtlebot3_ws/install/turtlebot3_bringup:/home/wongwh/turtlebot3_ws/install/turtlebot3_node:/home/wongwh/turtlebot3_ws/install/turtlebot3_navigation2:/home/wongwh/turtlebot3_ws/install/turtlebot3_description:/home/wongwh/turtlebot3_ws/install/turtlebot3_cartographer:/home/wongwh/turtlebot3_ws/install/dynamixel_sdk_examples:/home/wongwh/turtlebot3_ws/install/dynamixel_sdk_custom_interfaces:/home/wongwh/turtlebot3_ws/install/dynamixel_sdk PYTHONPATH=/home/wongwh/turtlebot3_ws/build/turtlebot3_example/prefix_override:/usr/lib/python3/dist-packages/colcon_core/task/python/colcon_distutils_commands:/home/wongwh/turtlebot3_ws/install/turtlebot3_example/lib/python3.10/site-packages:${PYTHONPATH} /usr/bin/python3 -W ignore:setup.py install is deprecated setup.py develop --editable --build-directory /home/wongwh/turtlebot3_ws/build/turtlebot3_example/build --no-deps symlink_data
[0.540s] running develop
[0.540s] /usr/lib/python3/dist-packages/setuptools/command/easy_install.py:158: EasyInstallDeprecationWarning: easy_install command is deprecated. Use build and pip and other standards-based tools.
[0.540s]   warnings.warn(
[0.611s] running egg_info
[0.611s] writing turtlebot3_example.egg-info/PKG-INFO
[0.611s] writing dependency_links to turtlebot3_example.egg-info/dependency_links.txt
[0.611s] writing entry points to turtlebot3_example.egg-info/entry_points.txt
[0.611s] writing requirements to turtlebot3_example.egg-info/requires.txt
[0.612s] writing top-level names to turtlebot3_example.egg-info/top_level.txt
[0.613s] reading manifest file 'turtlebot3_example.egg-info/SOURCES.txt'
[0.614s] writing manifest file 'turtlebot3_example.egg-info/SOURCES.txt'
[0.614s] running build_ext
[0.615s] Creating /home/wongwh/turtlebot3_ws/install/turtlebot3_example/lib/python3.10/site-packages/turtlebot3-example.egg-link (link to .)
[0.615s] Installing turtlebot3_obstacle_detection script to /home/wongwh/turtlebot3_ws/install/turtlebot3_example/lib/turtlebot3_example
[0.615s] Installing turtlebot3_patrol_client script to /home/wongwh/turtlebot3_ws/install/turtlebot3_example/lib/turtlebot3_example
[0.615s] Installing turtlebot3_patrol_server script to /home/wongwh/turtlebot3_ws/install/turtlebot3_example/lib/turtlebot3_example
[0.615s] Installing turtlebot3_position_control script to /home/wongwh/turtlebot3_ws/install/turtlebot3_example/lib/turtlebot3_example
[0.615s] 
[0.615s] Installed /home/wongwh/turtlebot3_ws/build/turtlebot3_example
[0.615s] running symlink_data
[0.629s] Invoked command in '/home/wongwh/turtlebot3_ws/build/turtlebot3_example' returned '0': CMAKE_PREFIX_PATH=/home/wongwh/turtlebot3_ws/install/turtlebot3_msgs:/home/wongwh/turtlebot3_ws/install/turtlebot3:/home/wongwh/turtlebot3_ws/install/turtlebot3_bringup:/home/wongwh/turtlebot3_ws/install/turtlebot3_node:/home/wongwh/turtlebot3_ws/install/turtlebot3_navigation2:/home/wongwh/turtlebot3_ws/install/turtlebot3_description:/home/wongwh/turtlebot3_ws/install/turtlebot3_cartographer:/home/wongwh/turtlebot3_ws/install/dynamixel_sdk_examples:/home/wongwh/turtlebot3_ws/install/dynamixel_sdk_custom_interfaces:/home/wongwh/turtlebot3_ws/install/dynamixel_sdk PYTHONPATH=/home/wongwh/turtlebot3_ws/build/turtlebot3_example/prefix_override:/usr/lib/python3/dist-packages/colcon_core/task/python/colcon_distutils_commands:/home/wongwh/turtlebot3_ws/install/turtlebot3_example/lib/python3.10/site-packages:${PYTHONPATH} /usr/bin/python3 -W ignore:setup.py install is deprecated setup.py develop --editable --build-directory /home/wongwh/turtlebot3_ws/build/turtlebot3_example/build --no-deps symlink_data
