[0.368s] Invoking command in '/home/wongwh/turtlebot3_ws/src/turtlebot3/turtlebot3_example': CMAKE_PREFIX_PATH=/home/wongwh/turtlebot3_ws/install/turtlebot3_msgs:/home/wongwh/turtlebot3_ws/install/turtlebot3:/home/wongwh/turtlebot3_ws/install/turtlebot3_bringup:/home/wongwh/turtlebot3_ws/install/turtlebot3_node:/home/wongwh/turtlebot3_ws/install/turtlebot3_navigation2:/home/wongwh/turtlebot3_ws/install/turtlebot3_description:/home/wongwh/turtlebot3_ws/install/turtlebot3_cartographer:/home/wongwh/turtlebot3_ws/install/dynamixel_sdk_examples:/home/wongwh/turtlebot3_ws/install/dynamixel_sdk_custom_interfaces:/home/wongwh/turtlebot3_ws/install/dynamixel_sdk PYTHONPATH=/home/wongwh/turtlebot3_ws/build/turtlebot3_example/prefix_override:/home/wongwh/turtlebot3_ws/install/turtlebot3_example/lib/python3.10/site-packages:${PYTHONPATH} /usr/bin/python3 -W ignore:setup.py install is deprecated setup.py egg_info --egg-base ../../../build/turtlebot3_example build --build-base /home/wongwh/turtlebot3_ws/build/turtlebot3_example/build install --record /home/wongwh/turtlebot3_ws/build/turtlebot3_example/install.log --single-version-externally-managed install_data
[0.484s] running egg_info
[0.484s] writing ../../../build/turtlebot3_example/turtlebot3_example.egg-info/PKG-INFO
[0.484s] writing dependency_links to ../../../build/turtlebot3_example/turtlebot3_example.egg-info/dependency_links.txt
[0.484s] writing entry points to ../../../build/turtlebot3_example/turtlebot3_example.egg-info/entry_points.txt
[0.484s] writing requirements to ../../../build/turtlebot3_example/turtlebot3_example.egg-info/requires.txt
[0.485s] writing top-level names to ../../../build/turtlebot3_example/turtlebot3_example.egg-info/top_level.txt
[0.486s] reading manifest file '../../../build/turtlebot3_example/turtlebot3_example.egg-info/SOURCES.txt'
[0.486s] writing manifest file '../../../build/turtlebot3_example/turtlebot3_example.egg-info/SOURCES.txt'
[0.487s] running build
[0.487s] running build_py
[0.487s] running install
[0.487s] running install_lib
[0.488s] running install_data
[0.488s] running install_egg_info
[0.489s] removing '/home/wongwh/turtlebot3_ws/install/turtlebot3_example/lib/python3.10/site-packages/turtlebot3_example-2.1.5-py3.10.egg-info' (and everything under it)
[0.489s] Copying ../../../build/turtlebot3_example/turtlebot3_example.egg-info to /home/wongwh/turtlebot3_ws/install/turtlebot3_example/lib/python3.10/site-packages/turtlebot3_example-2.1.5-py3.10.egg-info
[0.490s] running install_scripts
[0.500s] Installing turtlebot3_obstacle_detection script to /home/wongwh/turtlebot3_ws/install/turtlebot3_example/lib/turtlebot3_example
[0.501s] Installing turtlebot3_patrol_client script to /home/wongwh/turtlebot3_ws/install/turtlebot3_example/lib/turtlebot3_example
[0.501s] Installing turtlebot3_patrol_server script to /home/wongwh/turtlebot3_ws/install/turtlebot3_example/lib/turtlebot3_example
[0.501s] Installing turtlebot3_position_control script to /home/wongwh/turtlebot3_ws/install/turtlebot3_example/lib/turtlebot3_example
[0.501s] writing list of installed files to '/home/wongwh/turtlebot3_ws/build/turtlebot3_example/install.log'
[0.513s] Invoked command in '/home/wongwh/turtlebot3_ws/src/turtlebot3/turtlebot3_example' returned '0': CMAKE_PREFIX_PATH=/home/wongwh/turtlebot3_ws/install/turtlebot3_msgs:/home/wongwh/turtlebot3_ws/install/turtlebot3:/home/wongwh/turtlebot3_ws/install/turtlebot3_bringup:/home/wongwh/turtlebot3_ws/install/turtlebot3_node:/home/wongwh/turtlebot3_ws/install/turtlebot3_navigation2:/home/wongwh/turtlebot3_ws/install/turtlebot3_description:/home/wongwh/turtlebot3_ws/install/turtlebot3_cartographer:/home/wongwh/turtlebot3_ws/install/dynamixel_sdk_examples:/home/wongwh/turtlebot3_ws/install/dynamixel_sdk_custom_interfaces:/home/wongwh/turtlebot3_ws/install/dynamixel_sdk PYTHONPATH=/home/wongwh/turtlebot3_ws/build/turtlebot3_example/prefix_override:/home/wongwh/turtlebot3_ws/install/turtlebot3_example/lib/python3.10/site-packages:${PYTHONPATH} /usr/bin/python3 -W ignore:setup.py install is deprecated setup.py egg_info --egg-base ../../../build/turtlebot3_example build --build-base /home/wongwh/turtlebot3_ws/build/turtlebot3_example/build install --record /home/wongwh/turtlebot3_ws/build/turtlebot3_example/install.log --single-version-externally-managed install_data
