[0.051s] Invoking command in '/home/wongwh/turtlebot3_ws/build/dynamixel_sdk_custom_interfaces': CMAKE_PREFIX_PATH=${CMAKE_PREFIX_PATH}:/home/wongwh/turtlebot3_ws/install/turtlebot3_teleop:/home/wongwh/turtlebot3_ws/install/turtlebot3_example:/home/wongwh/turtlebot3_ws/install/autonomous_tb3:/opt/ros/humble /usr/bin/cmake --build /home/wongwh/turtlebot3_ws/build/dynamixel_sdk_custom_interfaces -- -j8 -l8
[0.532s] [  2%] Built target dynamixel_sdk_custom_interfaces__cpp
[0.533s] [  2%] Built target ament_cmake_python_symlink_dynamixel_sdk_custom_interfaces
[0.534s] [ 12%] Built target dynamixel_sdk_custom_interfaces__rosidl_generator_c
[0.534s] [ 33%] Built target dynamixel_sdk_custom_interfaces__rosidl_typesupport_cpp
[0.534s] [ 33%] Built target dynamixel_sdk_custom_interfaces__rosidl_typesupport_introspection_cpp
[0.534s] [ 43%] Built target dynamixel_sdk_custom_interfaces__rosidl_typesupport_fastrtps_cpp
[0.534s] [ 53%] Built target dynamixel_sdk_custom_interfaces__rosidl_typesupport_fastrtps_c
[0.534s] [ 64%] Built target dynamixel_sdk_custom_interfaces__rosidl_typesupport_c
[0.534s] [ 74%] Built target dynamixel_sdk_custom_interfaces__rosidl_typesupport_introspection_c
[0.534s] [ 74%] Built target dynamixel_sdk_custom_interfaces
[0.534s] [ 76%] Built target dynamixel_sdk_custom_interfaces__py
[0.534s] [ 84%] Built target dynamixel_sdk_custom_interfaces__rosidl_generator_py
[0.534s] [ 94%] Built target dynamixel_sdk_custom_interfaces__rosidl_typesupport_c__pyext
[0.535s] [ 94%] Built target dynamixel_sdk_custom_interfaces__rosidl_typesupport_introspection_c__pyext
[0.535s] [100%] Built target dynamixel_sdk_custom_interfaces__rosidl_typesupport_fastrtps_c__pyext
[0.564s] running egg_info
[0.565s] writing dynamixel_sdk_custom_interfaces.egg-info/PKG-INFO
[0.565s] writing dependency_links to dynamixel_sdk_custom_interfaces.egg-info/dependency_links.txt
[0.567s] writing top-level names to dynamixel_sdk_custom_interfaces.egg-info/top_level.txt
[0.568s] reading manifest file 'dynamixel_sdk_custom_interfaces.egg-info/SOURCES.txt'
[0.568s] writing manifest file 'dynamixel_sdk_custom_interfaces.egg-info/SOURCES.txt'
[0.607s] [100%] Built target ament_cmake_python_build_dynamixel_sdk_custom_interfaces_egg
