[0.056s] Invoking command in '/home/wongwh/turtlebot3_ws/build/turtlebot3_msgs': CMAKE_PREFIX_PATH=${CMAKE_PREFIX_PATH}:/home/wongwh/turtlebot3_ws/install/turtlebot3_teleop:/home/wongwh/turtlebot3_ws/install/turtlebot3_example:/home/wongwh/turtlebot3_ws/install/autonomous_tb3:/opt/ros/humble /usr/bin/cmake --build /home/wongwh/turtlebot3_ws/build/turtlebot3_msgs -- -j8 -l8
[0.556s] [  1%] Built target turtlebot3_msgs__cpp
[0.557s] [ 12%] Built target turtlebot3_msgs__rosidl_generator_c
[0.557s] [ 12%] Built target ament_cmake_python_symlink_turtlebot3_msgs
[0.558s] [ 23%] Built target turtlebot3_msgs__rosidl_typesupport_cpp
[0.558s] [ 35%] Built target turtlebot3_msgs__rosidl_typesupport_fastrtps_cpp
[0.558s] [ 46%] Built target turtlebot3_msgs__rosidl_typesupport_introspection_cpp
[0.558s] [ 57%] Built target turtlebot3_msgs__rosidl_typesupport_fastrtps_c
[0.558s] [ 69%] Built target turtlebot3_msgs__rosidl_typesupport_introspection_c
[0.558s] [ 80%] Built target turtlebot3_msgs__rosidl_typesupport_c
[0.559s] [ 80%] Built target turtlebot3_msgs
[0.559s] [ 81%] Built target turtlebot3_msgs__py
[0.560s] [ 91%] Built target turtlebot3_msgs__rosidl_generator_py
[0.560s] [ 94%] Built target turtlebot3_msgs__rosidl_typesupport_fastrtps_c__pyext
[0.560s] [ 97%] Built target turtlebot3_msgs__rosidl_typesupport_introspection_c__pyext
[0.561s] [100%] Built target turtlebot3_msgs__rosidl_typesupport_c__pyext
[0.628s] running egg_info
[0.628s] writing turtlebot3_msgs.egg-info/PKG-INFO
[0.628s] writing dependency_links to turtlebot3_msgs.egg-info/dependency_links.txt
[0.629s] writing top-level names to turtlebot3_msgs.egg-info/top_level.txt
[0.629s] reading manifest file 'turtlebot3_msgs.egg-info/SOURCES.txt'
[0.629s] writing manifest file 'turtlebot3_msgs.egg-info/SOURCES.txt'
[0.658s] [100%] Built target ament_cmake_python_build_turtlebot3_msgs_egg
