[0.029s] Invoking command in '/home/wongwh/turtlebot3_ws/build/turtlebot3_node': CMAKE_PREFIX_PATH=/home/wongwh/turtlebot3_ws/install/turtlebot3_msgs:/home/wongwh/turtlebot3_ws/install/dynamixel_sdk:/home/wongwh/turtlebot3_ws/install/turtlebot3:/home/wongwh/turtlebot3_ws/install/turtlebot3_bringup:/home/wongwh/turtlebot3_ws/install/turtlebot3_node:/home/wongwh/turtlebot3_ws/install/turtlebot3_navigation2:/home/wongwh/turtlebot3_ws/install/turtlebot3_description:/home/wongwh/turtlebot3_ws/install/turtlebot3_cartographer:/home/wongwh/turtlebot3_ws/install/dynamixel_sdk_examples:/home/wongwh/turtlebot3_ws/install/dynamixel_sdk_custom_interfaces:/home/wongwh/turtlebot3_ws/install/turtlebot3_teleop:/home/wongwh/turtlebot3_ws/install/turtlebot3_example:/home/wongwh/turtlebot3_ws/install/autonomous_tb3:/opt/ros/humble LD_LIBRARY_PATH=/home/wongwh/turtlebot3_ws/install/turtlebot3_msgs/lib:/home/wongwh/turtlebot3_ws/install/dynamixel_sdk/lib:/home/wongwh/turtlebot3_ws/install/dynamixel_sdk_custom_interfaces/lib:/opt/ros/humble/opt/rviz_ogre_vendor/lib:/opt/ros/humble/lib/aarch64-linux-gnu:/opt/ros/humble/lib /usr/bin/cmake --build /home/wongwh/turtlebot3_ws/build/turtlebot3_node -- -j8 -l8
[0.143s] [ 85%] Built target turtlebot3_node_lib
[0.167s] [100%] Built target turtlebot3_ros
[0.216s] Invoked command in '/home/wongwh/turtlebot3_ws/build/turtlebot3_node' returned '0': CMAKE_PREFIX_PATH=/home/wongwh/turtlebot3_ws/install/turtlebot3_msgs:/home/wongwh/turtlebot3_ws/install/dynamixel_sdk:/home/wongwh/turtlebot3_ws/install/turtlebot3:/home/wongwh/turtlebot3_ws/install/turtlebot3_bringup:/home/wongwh/turtlebot3_ws/install/turtlebot3_node:/home/wongwh/turtlebot3_ws/install/turtlebot3_navigation2:/home/wongwh/turtlebot3_ws/install/turtlebot3_description:/home/wongwh/turtlebot3_ws/install/turtlebot3_cartographer:/home/wongwh/turtlebot3_ws/install/dynamixel_sdk_examples:/home/wongwh/turtlebot3_ws/install/dynamixel_sdk_custom_interfaces:/home/wongwh/turtlebot3_ws/install/turtlebot3_teleop:/home/wongwh/turtlebot3_ws/install/turtlebot3_example:/home/wongwh/turtlebot3_ws/install/autonomous_tb3:/opt/ros/humble LD_LIBRARY_PATH=/home/wongwh/turtlebot3_ws/install/turtlebot3_msgs/lib:/home/wongwh/turtlebot3_ws/install/dynamixel_sdk/lib:/home/wongwh/turtlebot3_ws/install/dynamixel_sdk_custom_interfaces/lib:/opt/ros/humble/opt/rviz_ogre_vendor/lib:/opt/ros/humble/lib/aarch64-linux-gnu:/opt/ros/humble/lib /usr/bin/cmake --build /home/wongwh/turtlebot3_ws/build/turtlebot3_node -- -j8 -l8
[0.249s] Invoking command in '/home/wongwh/turtlebot3_ws/build/turtlebot3_node': CMAKE_PREFIX_PATH=/home/wongwh/turtlebot3_ws/install/turtlebot3_msgs:/home/wongwh/turtlebot3_ws/install/dynamixel_sdk:/home/wongwh/turtlebot3_ws/install/turtlebot3:/home/wongwh/turtlebot3_ws/install/turtlebot3_bringup:/home/wongwh/turtlebot3_ws/install/turtlebot3_node:/home/wongwh/turtlebot3_ws/install/turtlebot3_navigation2:/home/wongwh/turtlebot3_ws/install/turtlebot3_description:/home/wongwh/turtlebot3_ws/install/turtlebot3_cartographer:/home/wongwh/turtlebot3_ws/install/dynamixel_sdk_examples:/home/wongwh/turtlebot3_ws/install/dynamixel_sdk_custom_interfaces:/home/wongwh/turtlebot3_ws/install/turtlebot3_teleop:/home/wongwh/turtlebot3_ws/install/turtlebot3_example:/home/wongwh/turtlebot3_ws/install/autonomous_tb3:/opt/ros/humble LD_LIBRARY_PATH=/home/wongwh/turtlebot3_ws/install/turtlebot3_msgs/lib:/home/wongwh/turtlebot3_ws/install/dynamixel_sdk/lib:/home/wongwh/turtlebot3_ws/install/dynamixel_sdk_custom_interfaces/lib:/opt/ros/humble/opt/rviz_ogre_vendor/lib:/opt/ros/humble/lib/aarch64-linux-gnu:/opt/ros/humble/lib /usr/bin/cmake --install /home/wongwh/turtlebot3_ws/build/turtlebot3_node
[0.254s] -- Install configuration: ""
[0.255s] -- Execute custom install script
[0.256s] -- Up-to-date symlink: /home/wongwh/turtlebot3_ws/install/turtlebot3_node/share/turtlebot3_node/param/burger.yaml
[0.256s] -- Up-to-date symlink: /home/wongwh/turtlebot3_ws/install/turtlebot3_node/share/turtlebot3_node/param/waffle.yaml
[0.257s] -- Up-to-date symlink: /home/wongwh/turtlebot3_ws/install/turtlebot3_node/share/turtlebot3_node/param/waffle_pi.yaml
[0.257s] -- Up-to-date symlink: /home/wongwh/turtlebot3_ws/install/turtlebot3_node/lib/turtlebot3_node/turtlebot3_ros
[0.257s] -- Up-to-date symlink: /home/wongwh/turtlebot3_ws/install/turtlebot3_node/share/ament_index/resource_index/package_run_dependencies/turtlebot3_node
[0.258s] -- Up-to-date symlink: /home/wongwh/turtlebot3_ws/install/turtlebot3_node/share/ament_index/resource_index/parent_prefix_path/turtlebot3_node
[0.258s] -- Up-to-date symlink: /home/wongwh/turtlebot3_ws/install/turtlebot3_node/share/turtlebot3_node/environment/ament_prefix_path.sh
[0.258s] -- Up-to-date symlink: /home/wongwh/turtlebot3_ws/install/turtlebot3_node/share/turtlebot3_node/environment/ament_prefix_path.dsv
[0.258s] -- Up-to-date symlink: /home/wongwh/turtlebot3_ws/install/turtlebot3_node/share/turtlebot3_node/environment/path.sh
[0.259s] -- Up-to-date symlink: /home/wongwh/turtlebot3_ws/install/turtlebot3_node/share/turtlebot3_node/environment/path.dsv
[0.259s] -- Up-to-date symlink: /home/wongwh/turtlebot3_ws/install/turtlebot3_node/share/turtlebot3_node/local_setup.bash
[0.259s] -- Up-to-date symlink: /home/wongwh/turtlebot3_ws/install/turtlebot3_node/share/turtlebot3_node/local_setup.sh
[0.259s] -- Up-to-date symlink: /home/wongwh/turtlebot3_ws/install/turtlebot3_node/share/turtlebot3_node/local_setup.zsh
[0.259s] -- Up-to-date symlink: /home/wongwh/turtlebot3_ws/install/turtlebot3_node/share/turtlebot3_node/local_setup.dsv
[0.260s] -- Symlinking: /home/wongwh/turtlebot3_ws/install/turtlebot3_node/share/turtlebot3_node/package.dsv
[0.266s] -- Up-to-date symlink: /home/wongwh/turtlebot3_ws/install/turtlebot3_node/share/ament_index/resource_index/packages/turtlebot3_node
[0.266s] -- Up-to-date symlink: /home/wongwh/turtlebot3_ws/install/turtlebot3_node/share/turtlebot3_node/cmake/ament_cmake_export_include_directories-extras.cmake
[0.266s] -- Up-to-date symlink: /home/wongwh/turtlebot3_ws/install/turtlebot3_node/share/turtlebot3_node/cmake/turtlebot3_nodeConfig.cmake
[0.267s] -- Up-to-date symlink: /home/wongwh/turtlebot3_ws/install/turtlebot3_node/share/turtlebot3_node/cmake/turtlebot3_nodeConfig-version.cmake
[0.267s] -- Up-to-date symlink: /home/wongwh/turtlebot3_ws/install/turtlebot3_node/share/turtlebot3_node/package.xml
[0.269s] Invoked command in '/home/wongwh/turtlebot3_ws/build/turtlebot3_node' returned '0': CMAKE_PREFIX_PATH=/home/wongwh/turtlebot3_ws/install/turtlebot3_msgs:/home/wongwh/turtlebot3_ws/install/dynamixel_sdk:/home/wongwh/turtlebot3_ws/install/turtlebot3:/home/wongwh/turtlebot3_ws/install/turtlebot3_bringup:/home/wongwh/turtlebot3_ws/install/turtlebot3_node:/home/wongwh/turtlebot3_ws/install/turtlebot3_navigation2:/home/wongwh/turtlebot3_ws/install/turtlebot3_description:/home/wongwh/turtlebot3_ws/install/turtlebot3_cartographer:/home/wongwh/turtlebot3_ws/install/dynamixel_sdk_examples:/home/wongwh/turtlebot3_ws/install/dynamixel_sdk_custom_interfaces:/home/wongwh/turtlebot3_ws/install/turtlebot3_teleop:/home/wongwh/turtlebot3_ws/install/turtlebot3_example:/home/wongwh/turtlebot3_ws/install/autonomous_tb3:/opt/ros/humble LD_LIBRARY_PATH=/home/wongwh/turtlebot3_ws/install/turtlebot3_msgs/lib:/home/wongwh/turtlebot3_ws/install/dynamixel_sdk/lib:/home/wongwh/turtlebot3_ws/install/dynamixel_sdk_custom_interfaces/lib:/opt/ros/humble/opt/rviz_ogre_vendor/lib:/opt/ros/humble/lib/aarch64-linux-gnu:/opt/ros/humble/lib /usr/bin/cmake --install /home/wongwh/turtlebot3_ws/build/turtlebot3_node
