[0.717s] Invoking command in '/home/wongwh/turtlebot3_ws/build/turtlebot3_teleop': PYTHONPATH=/home/wongwh/turtlebot3_ws/build/turtlebot3_teleop/prefix_override:/usr/lib/python3/dist-packages/colcon_core/task/python/colcon_distutils_commands:/home/wongwh/turtlebot3_ws/install/turtlebot3_teleop/lib/python3.10/site-packages:${PYTHONPATH} /usr/bin/python3 -W ignore:setup.py install is deprecated setup.py develop --editable --build-directory /home/wongwh/turtlebot3_ws/build/turtlebot3_teleop/build --no-deps symlink_data --force
[0.867s] running develop
[0.867s] /usr/lib/python3/dist-packages/setuptools/command/easy_install.py:158: EasyInstallDeprecationWarning: easy_install command is deprecated. Use build and pip and other standards-based tools.
[0.867s]   warnings.warn(
[0.955s] running egg_info
[0.956s] writing turtlebot3_teleop.egg-info/PKG-INFO
[0.957s] writing dependency_links to turtlebot3_teleop.egg-info/dependency_links.txt
[0.957s] writing entry points to turtlebot3_teleop.egg-info/entry_points.txt
[0.958s] writing requirements to turtlebot3_teleop.egg-info/requires.txt
[0.958s] writing top-level names to turtlebot3_teleop.egg-info/top_level.txt
[0.959s] reading manifest file 'turtlebot3_teleop.egg-info/SOURCES.txt'
[0.961s] writing manifest file 'turtlebot3_teleop.egg-info/SOURCES.txt'
[0.962s] running build_ext
[0.962s] Creating /home/wongwh/turtlebot3_ws/install/turtlebot3_teleop/lib/python3.10/site-packages/turtlebot3-teleop.egg-link (link to .)
[0.962s] Installing teleop_keyboard script to /home/wongwh/turtlebot3_ws/install/turtlebot3_teleop/lib/turtlebot3_teleop
[0.963s] 
[0.963s] Installed /home/wongwh/turtlebot3_ws/build/turtlebot3_teleop
[0.963s] running symlink_data
[0.963s] symbolically linking /home/wongwh/turtlebot3_ws/build/turtlebot3_teleop/resource/turtlebot3_teleop -> /home/wongwh/turtlebot3_ws/install/turtlebot3_teleop/share/ament_index/resource_index/packages
[0.963s] symbolically linking /home/wongwh/turtlebot3_ws/build/turtlebot3_teleop/package.xml -> /home/wongwh/turtlebot3_ws/install/turtlebot3_teleop/share/turtlebot3_teleop
[0.995s] Invoked command in '/home/wongwh/turtlebot3_ws/build/turtlebot3_teleop' returned '0': PYTHONPATH=/home/wongwh/turtlebot3_ws/build/turtlebot3_teleop/prefix_override:/usr/lib/python3/dist-packages/colcon_core/task/python/colcon_distutils_commands:/home/wongwh/turtlebot3_ws/install/turtlebot3_teleop/lib/python3.10/site-packages:${PYTHONPATH} /usr/bin/python3 -W ignore:setup.py install is deprecated setup.py develop --editable --build-directory /home/wongwh/turtlebot3_ws/build/turtlebot3_teleop/build --no-deps symlink_data --force
