[0.041s] Invoking command in '/home/wongwh/turtlebot3_ws/build/turtlebot3_gazebo': CMAKE_PREFIX_PATH=${CMAKE_PREFIX_PATH}:/home/wongwh/turtlebot3_ws/install/turtlebot3_teleop:/home/wongwh/turtlebot3_ws/install/turtlebot3_example:/home/wongwh/turtlebot3_ws/install/autonomous_tb3:/opt/ros/humble /usr/bin/cmake /home/wongwh/turtlebot3_ws/src/turtlebot3_simulations/turtlebot3_gazebo -DAMENT_CMAKE_SYMLINK_INSTALL=1 -DCMAKE_INSTALL_PREFIX=/home/wongwh/turtlebot3_ws/install/turtlebot3_gazebo
[0.302s] -- Found ament_cmake: 1.3.9 (/opt/ros/humble/share/ament_cmake/cmake)
[0.302s] -- Override CMake install command with custom implementation using symlinks instead of copying resources
[0.302s] -- Configuring incomplete, errors occurred!
[0.302s] See also "/home/wongwh/turtlebot3_ws/build/turtlebot3_gazebo/CMakeFiles/CMakeOutput.log".
[0.302s] [31mCMake Error at CMakeLists.txt:23 (find_package):
[0.302s]   By not providing "Findros_ign_interfaces.cmake" in CMAKE_MODULE_PATH this
[0.302s]   project has asked CMake to find a package configuration file provided by
[0.302s]   "ros_ign_interfaces", but CMake did not find one.
[0.304s] 
[0.308s]   Could not find a package configuration file provided by
[0.308s]   "ros_ign_interfaces" with any of the following names:
[0.308s] 
[0.308s]     ros_ign_interfacesConfig.cmake
[0.309s]     ros_ign_interfaces-config.cmake
[0.309s] 
[0.309s]   Add the installation prefix of "ros_ign_interfaces" to CMAKE_PREFIX_PATH or
[0.309s]   set "ros_ign_interfaces_DIR" to a directory containing one of the above
[0.309s]   files.  If "ros_ign_interfaces" provides a separate development package or
[0.310s]   SDK, be sure it has been installed.
[0.310s] 
[0.310s] [0m
[0.312s] Invoked command in '/home/wongwh/turtlebot3_ws/build/turtlebot3_gazebo' returned '1': CMAKE_PREFIX_PATH=${CMAKE_PREFIX_PATH}:/home/wongwh/turtlebot3_ws/install/turtlebot3_teleop:/home/wongwh/turtlebot3_ws/install/turtlebot3_example:/home/wongwh/turtlebot3_ws/install/autonomous_tb3:/opt/ros/humble /usr/bin/cmake /home/wongwh/turtlebot3_ws/src/turtlebot3_simulations/turtlebot3_gazebo -DAMENT_CMAKE_SYMLINK_INSTALL=1 -DCMAKE_INSTALL_PREFIX=/home/wongwh/turtlebot3_ws/install/turtlebot3_gazebo
