[0.033s] Invoking command in '/home/wongwh/turtlebot3_ws/build/dynamixel_sdk': CMAKE_PREFIX_PATH=${CMAKE_PREFIX_PATH}:/home/wongwh/turtlebot3_ws/install/turtlebot3_teleop:/home/wongwh/turtlebot3_ws/install/turtlebot3_example:/home/wongwh/turtlebot3_ws/install/autonomous_tb3:/opt/ros/humble /usr/bin/cmake /home/wongwh/turtlebot3_ws/src/DynamixelSDK/dynamixel_sdk -DAMENT_CMAKE_SYMLINK_INSTALL=1 -DCMAKE_INSTALL_PREFIX=/home/wongwh/turtlebot3_ws/install/dynamixel_sdk
[0.338s] -- Found ament_cmake: 1.3.9 (/opt/ros/humble/share/ament_cmake/cmake)
[0.339s] -- Override CMake install command with custom implementation using symlinks instead of copying resources
[0.339s] -- Configuring done
[0.339s] -- Generating done
[0.339s] -- Build files have been written to: /home/wongwh/turtlebot3_ws/build/dynamixel_sdk
[0.364s] Invoked command in '/home/wongwh/turtlebot3_ws/build/dynamixel_sdk' returned '0': CMAKE_PREFIX_PATH=${CMAKE_PREFIX_PATH}:/home/wongwh/turtlebot3_ws/install/turtlebot3_teleop:/home/wongwh/turtlebot3_ws/install/turtlebot3_example:/home/wongwh/turtlebot3_ws/install/autonomous_tb3:/opt/ros/humble /usr/bin/cmake /home/wongwh/turtlebot3_ws/src/DynamixelSDK/dynamixel_sdk -DAMENT_CMAKE_SYMLINK_INSTALL=1 -DCMAKE_INSTALL_PREFIX=/home/wongwh/turtlebot3_ws/install/dynamixel_sdk
[0.366s] Invoking command in '/home/wongwh/turtlebot3_ws/build/dynamixel_sdk': CMAKE_PREFIX_PATH=${CMAKE_PREFIX_PATH}:/home/wongwh/turtlebot3_ws/install/turtlebot3_teleop:/home/wongwh/turtlebot3_ws/install/turtlebot3_example:/home/wongwh/turtlebot3_ws/install/autonomous_tb3:/opt/ros/humble /usr/bin/cmake --build /home/wongwh/turtlebot3_ws/build/dynamixel_sdk -- -j8 -l8
[0.412s] [35m[1mConsolidate compiler generated dependencies of target dynamixel_sdk[0m
[0.439s] [100%] Built target dynamixel_sdk
[0.465s] Invoked command in '/home/wongwh/turtlebot3_ws/build/dynamixel_sdk' returned '0': CMAKE_PREFIX_PATH=${CMAKE_PREFIX_PATH}:/home/wongwh/turtlebot3_ws/install/turtlebot3_teleop:/home/wongwh/turtlebot3_ws/install/turtlebot3_example:/home/wongwh/turtlebot3_ws/install/autonomous_tb3:/opt/ros/humble /usr/bin/cmake --build /home/wongwh/turtlebot3_ws/build/dynamixel_sdk -- -j8 -l8
[0.544s] Invoking command in '/home/wongwh/turtlebot3_ws/build/dynamixel_sdk': CMAKE_PREFIX_PATH=${CMAKE_PREFIX_PATH}:/home/wongwh/turtlebot3_ws/install/turtlebot3_teleop:/home/wongwh/turtlebot3_ws/install/turtlebot3_example:/home/wongwh/turtlebot3_ws/install/autonomous_tb3:/opt/ros/humble /usr/bin/cmake --install /home/wongwh/turtlebot3_ws/build/dynamixel_sdk
[0.545s] -- Install configuration: ""
[0.545s] -- Execute custom install script
[0.548s] -- Up-to-date symlink: /home/wongwh/turtlebot3_ws/install/dynamixel_sdk/include//dynamixel_sdk/dynamixel_sdk.h
[0.548s] -- Up-to-date symlink: /home/wongwh/turtlebot3_ws/install/dynamixel_sdk/include//dynamixel_sdk/group_bulk_read.h
[0.548s] -- Up-to-date symlink: /home/wongwh/turtlebot3_ws/install/dynamixel_sdk/include//dynamixel_sdk/group_bulk_write.h
[0.548s] -- Up-to-date symlink: /home/wongwh/turtlebot3_ws/install/dynamixel_sdk/include//dynamixel_sdk/group_sync_read.h
[0.548s] -- Up-to-date symlink: /home/wongwh/turtlebot3_ws/install/dynamixel_sdk/include//dynamixel_sdk/group_sync_write.h
[0.549s] -- Up-to-date symlink: /home/wongwh/turtlebot3_ws/install/dynamixel_sdk/include//dynamixel_sdk/packet_handler.h
[0.549s] -- Up-to-date symlink: /home/wongwh/turtlebot3_ws/install/dynamixel_sdk/include//dynamixel_sdk/port_handler.h
[0.549s] -- Up-to-date symlink: /home/wongwh/turtlebot3_ws/install/dynamixel_sdk/include//dynamixel_sdk/port_handler_arduino.h
[0.549s] -- Up-to-date symlink: /home/wongwh/turtlebot3_ws/install/dynamixel_sdk/include//dynamixel_sdk/port_handler_linux.h
[0.549s] -- Up-to-date symlink: /home/wongwh/turtlebot3_ws/install/dynamixel_sdk/include//dynamixel_sdk/port_handler_mac.h
[0.549s] -- Up-to-date symlink: /home/wongwh/turtlebot3_ws/install/dynamixel_sdk/include//dynamixel_sdk/port_handler_windows.h
[0.552s] -- Up-to-date symlink: /home/wongwh/turtlebot3_ws/install/dynamixel_sdk/include//dynamixel_sdk/protocol1_packet_handler.h
[0.552s] -- Up-to-date symlink: /home/wongwh/turtlebot3_ws/install/dynamixel_sdk/include//dynamixel_sdk/protocol2_packet_handler.h
[0.552s] -- Up-to-date symlink: /home/wongwh/turtlebot3_ws/install/dynamixel_sdk/lib/libdynamixel_sdk.so
[0.555s] -- Up-to-date symlink: /home/wongwh/turtlebot3_ws/install/dynamixel_sdk/share/dynamixel_sdk/environment/library_path.sh
[0.555s] -- Up-to-date symlink: /home/wongwh/turtlebot3_ws/install/dynamixel_sdk/share/dynamixel_sdk/environment/library_path.dsv
[0.555s] -- Up-to-date symlink: /home/wongwh/turtlebot3_ws/install/dynamixel_sdk/share/ament_index/resource_index/package_run_dependencies/dynamixel_sdk
[0.555s] -- Up-to-date symlink: /home/wongwh/turtlebot3_ws/install/dynamixel_sdk/share/ament_index/resource_index/parent_prefix_path/dynamixel_sdk
[0.558s] -- Up-to-date symlink: /home/wongwh/turtlebot3_ws/install/dynamixel_sdk/share/dynamixel_sdk/environment/ament_prefix_path.sh
[0.558s] -- Up-to-date symlink: /home/wongwh/turtlebot3_ws/install/dynamixel_sdk/share/dynamixel_sdk/environment/ament_prefix_path.dsv
[0.558s] -- Up-to-date symlink: /home/wongwh/turtlebot3_ws/install/dynamixel_sdk/share/dynamixel_sdk/environment/path.sh
[0.561s] -- Up-to-date symlink: /home/wongwh/turtlebot3_ws/install/dynamixel_sdk/share/dynamixel_sdk/environment/path.dsv
[0.561s] -- Up-to-date symlink: /home/wongwh/turtlebot3_ws/install/dynamixel_sdk/share/dynamixel_sdk/local_setup.bash
[0.561s] -- Up-to-date symlink: /home/wongwh/turtlebot3_ws/install/dynamixel_sdk/share/dynamixel_sdk/local_setup.sh
[0.561s] -- Up-to-date symlink: /home/wongwh/turtlebot3_ws/install/dynamixel_sdk/share/dynamixel_sdk/local_setup.zsh
[0.561s] -- Up-to-date symlink: /home/wongwh/turtlebot3_ws/install/dynamixel_sdk/share/dynamixel_sdk/local_setup.dsv
[0.562s] -- Symlinking: /home/wongwh/turtlebot3_ws/install/dynamixel_sdk/share/dynamixel_sdk/package.dsv
[0.580s] -- Up-to-date symlink: /home/wongwh/turtlebot3_ws/install/dynamixel_sdk/share/ament_index/resource_index/packages/dynamixel_sdk
[0.580s] -- Up-to-date symlink: /home/wongwh/turtlebot3_ws/install/dynamixel_sdk/share/dynamixel_sdk/cmake/ament_cmake_export_include_directories-extras.cmake
[0.580s] -- Up-to-date symlink: /home/wongwh/turtlebot3_ws/install/dynamixel_sdk/share/dynamixel_sdk/cmake/ament_cmake_export_libraries-extras.cmake
[0.581s] -- Up-to-date symlink: /home/wongwh/turtlebot3_ws/install/dynamixel_sdk/share/dynamixel_sdk/cmake/dynamixel_sdkConfig.cmake
[0.582s] -- Up-to-date symlink: /home/wongwh/turtlebot3_ws/install/dynamixel_sdk/share/dynamixel_sdk/cmake/dynamixel_sdkConfig-version.cmake
[0.582s] -- Up-to-date symlink: /home/wongwh/turtlebot3_ws/install/dynamixel_sdk/share/dynamixel_sdk/package.xml
[0.826s] Invoked command in '/home/wongwh/turtlebot3_ws/build/dynamixel_sdk' returned '0': CMAKE_PREFIX_PATH=${CMAKE_PREFIX_PATH}:/home/wongwh/turtlebot3_ws/install/turtlebot3_teleop:/home/wongwh/turtlebot3_ws/install/turtlebot3_example:/home/wongwh/turtlebot3_ws/install/autonomous_tb3:/opt/ros/humble /usr/bin/cmake --install /home/wongwh/turtlebot3_ws/build/dynamixel_sdk
