[0.014s] Invoking command in '/home/wongwh/turtlebot3_ws/src/build/turtlebot3_bringup': AMENT_PREFIX_PATH=/home/wongwh/turtlebot3_ws/src/install/turtlebot3_node:/home/wongwh/turtlebot3_ws/src/install/turtlebot3_msgs:/home/wongwh/turtlebot3_ws/src/install/turtlebot3_description:/home/wongwh/turtlebot3_ws/src/install/dynamixel_sdk:${AMENT_PREFIX_PATH} CMAKE_PREFIX_PATH=/home/wongwh/turtlebot3_ws/src/install/turtlebot3_node:/home/wongwh/turtlebot3_ws/src/install/turtlebot3_msgs:/home/wongwh/turtlebot3_ws/src/install/turtlebot3_description:/home/wongwh/turtlebot3_ws/src/install/dynamixel_sdk:/home/wongwh/turtlebot3_ws/install/turtlebot3:/home/wongwh/turtlebot3_ws/install/turtlebot3_bringup:/home/wongwh/turtlebot3_ws/install/turtlebot3_node:/home/wongwh/turtlebot3_ws/install/turtlebot3_navigation2:/home/wongwh/turtlebot3_ws/install/turtlebot3_msgs:/home/wongwh/turtlebot3_ws/install/turtlebot3_description:/home/wongwh/turtlebot3_ws/install/turtlebot3_cartographer:/home/wongwh/turtlebot3_ws/install/dynamixel_sdk_examples:/home/wongwh/turtlebot3_ws/install/dynamixel_sdk_custom_interfaces:/home/wongwh/turtlebot3_ws/install/dynamixel_sdk:/home/wongwh/turtlebot3_ws/install/turtlebot3_teleop:/home/wongwh/turtlebot3_ws/install/turtlebot3_example:/home/wongwh/turtlebot3_ws/install/autonomous_tb3:/opt/ros/humble LD_LIBRARY_PATH=/home/wongwh/turtlebot3_ws/src/install/turtlebot3_msgs/lib:/home/wongwh/turtlebot3_ws/src/install/dynamixel_sdk/lib:${LD_LIBRARY_PATH} PYTHONPATH=/home/wongwh/turtlebot3_ws/src/install/turtlebot3_msgs/local/lib/python3.10/dist-packages:${PYTHONPATH} /usr/bin/cmake /home/wongwh/turtlebot3_ws/src/turtlebot3/turtlebot3_bringup -DAMENT_CMAKE_SYMLINK_INSTALL=1 -DCMAKE_INSTALL_PREFIX=/home/wongwh/turtlebot3_ws/src/install/turtlebot3_bringup
[0.046s] -- The C compiler identification is GNU 11.4.0
[0.090s] -- The CXX compiler identification is GNU 11.4.0
[0.096s] -- Detecting C compiler ABI info
[0.135s] -- Detecting C compiler ABI info - done
[0.140s] -- Check for working C compiler: /usr/bin/cc - skipped
[0.140s] -- Detecting C compile features
[0.141s] -- Detecting C compile features - done
[0.142s] -- Detecting CXX compiler ABI info
[0.190s] -- Detecting CXX compiler ABI info - done
[0.195s] -- Check for working CXX compiler: /usr/bin/c++ - skipped
[0.195s] -- Detecting CXX compile features
[0.196s] -- Detecting CXX compile features - done
[0.198s] -- Found ament_cmake: 1.3.9 (/opt/ros/humble/share/ament_cmake/cmake)
[0.286s] -- Found Python3: /usr/bin/python3 (found version "3.10.12") found components: Interpreter 
[0.325s] -- Override CMake install command with custom implementation using symlinks instead of copying resources
[0.386s] -- Configuring done
[0.388s] -- Generating done
[0.388s] -- Build files have been written to: /home/wongwh/turtlebot3_ws/src/build/turtlebot3_bringup
[0.396s] Invoked command in '/home/wongwh/turtlebot3_ws/src/build/turtlebot3_bringup' returned '0': AMENT_PREFIX_PATH=/home/wongwh/turtlebot3_ws/src/install/turtlebot3_node:/home/wongwh/turtlebot3_ws/src/install/turtlebot3_msgs:/home/wongwh/turtlebot3_ws/src/install/turtlebot3_description:/home/wongwh/turtlebot3_ws/src/install/dynamixel_sdk:${AMENT_PREFIX_PATH} CMAKE_PREFIX_PATH=/home/wongwh/turtlebot3_ws/src/install/turtlebot3_node:/home/wongwh/turtlebot3_ws/src/install/turtlebot3_msgs:/home/wongwh/turtlebot3_ws/src/install/turtlebot3_description:/home/wongwh/turtlebot3_ws/src/install/dynamixel_sdk:/home/wongwh/turtlebot3_ws/install/turtlebot3:/home/wongwh/turtlebot3_ws/install/turtlebot3_bringup:/home/wongwh/turtlebot3_ws/install/turtlebot3_node:/home/wongwh/turtlebot3_ws/install/turtlebot3_navigation2:/home/wongwh/turtlebot3_ws/install/turtlebot3_msgs:/home/wongwh/turtlebot3_ws/install/turtlebot3_description:/home/wongwh/turtlebot3_ws/install/turtlebot3_cartographer:/home/wongwh/turtlebot3_ws/install/dynamixel_sdk_examples:/home/wongwh/turtlebot3_ws/install/dynamixel_sdk_custom_interfaces:/home/wongwh/turtlebot3_ws/install/dynamixel_sdk:/home/wongwh/turtlebot3_ws/install/turtlebot3_teleop:/home/wongwh/turtlebot3_ws/install/turtlebot3_example:/home/wongwh/turtlebot3_ws/install/autonomous_tb3:/opt/ros/humble LD_LIBRARY_PATH=/home/wongwh/turtlebot3_ws/src/install/turtlebot3_msgs/lib:/home/wongwh/turtlebot3_ws/src/install/dynamixel_sdk/lib:${LD_LIBRARY_PATH} PYTHONPATH=/home/wongwh/turtlebot3_ws/src/install/turtlebot3_msgs/local/lib/python3.10/dist-packages:${PYTHONPATH} /usr/bin/cmake /home/wongwh/turtlebot3_ws/src/turtlebot3/turtlebot3_bringup -DAMENT_CMAKE_SYMLINK_INSTALL=1 -DCMAKE_INSTALL_PREFIX=/home/wongwh/turtlebot3_ws/src/install/turtlebot3_bringup
[0.396s] Invoking command in '/home/wongwh/turtlebot3_ws/src/build/turtlebot3_bringup': AMENT_PREFIX_PATH=/home/wongwh/turtlebot3_ws/src/install/turtlebot3_node:/home/wongwh/turtlebot3_ws/src/install/turtlebot3_msgs:/home/wongwh/turtlebot3_ws/src/install/turtlebot3_description:/home/wongwh/turtlebot3_ws/src/install/dynamixel_sdk:${AMENT_PREFIX_PATH} CMAKE_PREFIX_PATH=/home/wongwh/turtlebot3_ws/src/install/turtlebot3_node:/home/wongwh/turtlebot3_ws/src/install/turtlebot3_msgs:/home/wongwh/turtlebot3_ws/src/install/turtlebot3_description:/home/wongwh/turtlebot3_ws/src/install/dynamixel_sdk:/home/wongwh/turtlebot3_ws/install/turtlebot3:/home/wongwh/turtlebot3_ws/install/turtlebot3_bringup:/home/wongwh/turtlebot3_ws/install/turtlebot3_node:/home/wongwh/turtlebot3_ws/install/turtlebot3_navigation2:/home/wongwh/turtlebot3_ws/install/turtlebot3_msgs:/home/wongwh/turtlebot3_ws/install/turtlebot3_description:/home/wongwh/turtlebot3_ws/install/turtlebot3_cartographer:/home/wongwh/turtlebot3_ws/install/dynamixel_sdk_examples:/home/wongwh/turtlebot3_ws/install/dynamixel_sdk_custom_interfaces:/home/wongwh/turtlebot3_ws/install/dynamixel_sdk:/home/wongwh/turtlebot3_ws/install/turtlebot3_teleop:/home/wongwh/turtlebot3_ws/install/turtlebot3_example:/home/wongwh/turtlebot3_ws/install/autonomous_tb3:/opt/ros/humble LD_LIBRARY_PATH=/home/wongwh/turtlebot3_ws/src/install/turtlebot3_msgs/lib:/home/wongwh/turtlebot3_ws/src/install/dynamixel_sdk/lib:${LD_LIBRARY_PATH} PYTHONPATH=/home/wongwh/turtlebot3_ws/src/install/turtlebot3_msgs/local/lib/python3.10/dist-packages:${PYTHONPATH} /usr/bin/cmake --build /home/wongwh/turtlebot3_ws/src/build/turtlebot3_bringup -- -j8 -l8
[0.416s] Invoked command in '/home/wongwh/turtlebot3_ws/src/build/turtlebot3_bringup' returned '0': AMENT_PREFIX_PATH=/home/wongwh/turtlebot3_ws/src/install/turtlebot3_node:/home/wongwh/turtlebot3_ws/src/install/turtlebot3_msgs:/home/wongwh/turtlebot3_ws/src/install/turtlebot3_description:/home/wongwh/turtlebot3_ws/src/install/dynamixel_sdk:${AMENT_PREFIX_PATH} CMAKE_PREFIX_PATH=/home/wongwh/turtlebot3_ws/src/install/turtlebot3_node:/home/wongwh/turtlebot3_ws/src/install/turtlebot3_msgs:/home/wongwh/turtlebot3_ws/src/install/turtlebot3_description:/home/wongwh/turtlebot3_ws/src/install/dynamixel_sdk:/home/wongwh/turtlebot3_ws/install/turtlebot3:/home/wongwh/turtlebot3_ws/install/turtlebot3_bringup:/home/wongwh/turtlebot3_ws/install/turtlebot3_node:/home/wongwh/turtlebot3_ws/install/turtlebot3_navigation2:/home/wongwh/turtlebot3_ws/install/turtlebot3_msgs:/home/wongwh/turtlebot3_ws/install/turtlebot3_description:/home/wongwh/turtlebot3_ws/install/turtlebot3_cartographer:/home/wongwh/turtlebot3_ws/install/dynamixel_sdk_examples:/home/wongwh/turtlebot3_ws/install/dynamixel_sdk_custom_interfaces:/home/wongwh/turtlebot3_ws/install/dynamixel_sdk:/home/wongwh/turtlebot3_ws/install/turtlebot3_teleop:/home/wongwh/turtlebot3_ws/install/turtlebot3_example:/home/wongwh/turtlebot3_ws/install/autonomous_tb3:/opt/ros/humble LD_LIBRARY_PATH=/home/wongwh/turtlebot3_ws/src/install/turtlebot3_msgs/lib:/home/wongwh/turtlebot3_ws/src/install/dynamixel_sdk/lib:${LD_LIBRARY_PATH} PYTHONPATH=/home/wongwh/turtlebot3_ws/src/install/turtlebot3_msgs/local/lib/python3.10/dist-packages:${PYTHONPATH} /usr/bin/cmake --build /home/wongwh/turtlebot3_ws/src/build/turtlebot3_bringup -- -j8 -l8
[0.430s] Invoking command in '/home/wongwh/turtlebot3_ws/src/build/turtlebot3_bringup': AMENT_PREFIX_PATH=/home/wongwh/turtlebot3_ws/src/install/turtlebot3_node:/home/wongwh/turtlebot3_ws/src/install/turtlebot3_msgs:/home/wongwh/turtlebot3_ws/src/install/turtlebot3_description:/home/wongwh/turtlebot3_ws/src/install/dynamixel_sdk:${AMENT_PREFIX_PATH} CMAKE_PREFIX_PATH=/home/wongwh/turtlebot3_ws/src/install/turtlebot3_node:/home/wongwh/turtlebot3_ws/src/install/turtlebot3_msgs:/home/wongwh/turtlebot3_ws/src/install/turtlebot3_description:/home/wongwh/turtlebot3_ws/src/install/dynamixel_sdk:/home/wongwh/turtlebot3_ws/install/turtlebot3:/home/wongwh/turtlebot3_ws/install/turtlebot3_bringup:/home/wongwh/turtlebot3_ws/install/turtlebot3_node:/home/wongwh/turtlebot3_ws/install/turtlebot3_navigation2:/home/wongwh/turtlebot3_ws/install/turtlebot3_msgs:/home/wongwh/turtlebot3_ws/install/turtlebot3_description:/home/wongwh/turtlebot3_ws/install/turtlebot3_cartographer:/home/wongwh/turtlebot3_ws/install/dynamixel_sdk_examples:/home/wongwh/turtlebot3_ws/install/dynamixel_sdk_custom_interfaces:/home/wongwh/turtlebot3_ws/install/dynamixel_sdk:/home/wongwh/turtlebot3_ws/install/turtlebot3_teleop:/home/wongwh/turtlebot3_ws/install/turtlebot3_example:/home/wongwh/turtlebot3_ws/install/autonomous_tb3:/opt/ros/humble LD_LIBRARY_PATH=/home/wongwh/turtlebot3_ws/src/install/turtlebot3_msgs/lib:/home/wongwh/turtlebot3_ws/src/install/dynamixel_sdk/lib:${LD_LIBRARY_PATH} PYTHONPATH=/home/wongwh/turtlebot3_ws/src/install/turtlebot3_msgs/local/lib/python3.10/dist-packages:${PYTHONPATH} /usr/bin/cmake --install /home/wongwh/turtlebot3_ws/src/build/turtlebot3_bringup
[0.433s] -- Install configuration: ""
[0.433s] -- Execute custom install script
[0.434s] -- Symlinking: /home/wongwh/turtlebot3_ws/src/install/turtlebot3_bringup/share/turtlebot3_bringup/launch/robot.launch.py
[0.439s] -- Symlinking: /home/wongwh/turtlebot3_ws/src/install/turtlebot3_bringup/share/turtlebot3_bringup/launch/rviz2.launch.py
[0.443s] -- Symlinking: /home/wongwh/turtlebot3_ws/src/install/turtlebot3_bringup/share/turtlebot3_bringup/launch/turtlebot3_state_publisher.launch.py
[0.448s] -- Symlinking: /home/wongwh/turtlebot3_ws/src/install/turtlebot3_bringup/share/turtlebot3_bringup/param/burger.yaml
[0.453s] -- Symlinking: /home/wongwh/turtlebot3_ws/src/install/turtlebot3_bringup/share/turtlebot3_bringup/param/waffle.yaml
[0.457s] -- Symlinking: /home/wongwh/turtlebot3_ws/src/install/turtlebot3_bringup/share/turtlebot3_bringup/param/waffle_pi.yaml
[0.462s] -- Symlinking: /home/wongwh/turtlebot3_ws/src/install/turtlebot3_bringup/share/turtlebot3_bringup/script/99-turtlebot3-cdc.rules
[0.466s] -- Symlinking: /home/wongwh/turtlebot3_ws/src/install/turtlebot3_bringup/share/turtlebot3_bringup/script/create_udev_rules
[0.471s] -- Symlinking: /home/wongwh/turtlebot3_ws/src/install/turtlebot3_bringup/share/ament_index/resource_index/package_run_dependencies/turtlebot3_bringup
[0.476s] -- Symlinking: /home/wongwh/turtlebot3_ws/src/install/turtlebot3_bringup/share/ament_index/resource_index/parent_prefix_path/turtlebot3_bringup
[0.480s] -- Symlinking: /home/wongwh/turtlebot3_ws/src/install/turtlebot3_bringup/share/turtlebot3_bringup/environment/ament_prefix_path.sh
[0.484s] -- Symlinking: /home/wongwh/turtlebot3_ws/src/install/turtlebot3_bringup/share/turtlebot3_bringup/environment/ament_prefix_path.dsv
[0.491s] -- Symlinking: /home/wongwh/turtlebot3_ws/src/install/turtlebot3_bringup/share/turtlebot3_bringup/environment/path.sh
[0.496s] -- Symlinking: /home/wongwh/turtlebot3_ws/src/install/turtlebot3_bringup/share/turtlebot3_bringup/environment/path.dsv
[0.500s] -- Symlinking: /home/wongwh/turtlebot3_ws/src/install/turtlebot3_bringup/share/turtlebot3_bringup/local_setup.bash
[0.504s] -- Symlinking: /home/wongwh/turtlebot3_ws/src/install/turtlebot3_bringup/share/turtlebot3_bringup/local_setup.sh
[0.509s] -- Symlinking: /home/wongwh/turtlebot3_ws/src/install/turtlebot3_bringup/share/turtlebot3_bringup/local_setup.zsh
[0.513s] -- Symlinking: /home/wongwh/turtlebot3_ws/src/install/turtlebot3_bringup/share/turtlebot3_bringup/local_setup.dsv
[0.517s] -- Symlinking: /home/wongwh/turtlebot3_ws/src/install/turtlebot3_bringup/share/turtlebot3_bringup/package.dsv
[0.522s] -- Symlinking: /home/wongwh/turtlebot3_ws/src/install/turtlebot3_bringup/share/ament_index/resource_index/packages/turtlebot3_bringup
[0.527s] -- Symlinking: /home/wongwh/turtlebot3_ws/src/install/turtlebot3_bringup/share/turtlebot3_bringup/cmake/turtlebot3_bringupConfig.cmake
[0.531s] -- Symlinking: /home/wongwh/turtlebot3_ws/src/install/turtlebot3_bringup/share/turtlebot3_bringup/cmake/turtlebot3_bringupConfig-version.cmake
[0.536s] -- Symlinking: /home/wongwh/turtlebot3_ws/src/install/turtlebot3_bringup/share/turtlebot3_bringup/package.xml
[0.542s] Invoked command in '/home/wongwh/turtlebot3_ws/src/build/turtlebot3_bringup' returned '0': AMENT_PREFIX_PATH=/home/wongwh/turtlebot3_ws/src/install/turtlebot3_node:/home/wongwh/turtlebot3_ws/src/install/turtlebot3_msgs:/home/wongwh/turtlebot3_ws/src/install/turtlebot3_description:/home/wongwh/turtlebot3_ws/src/install/dynamixel_sdk:${AMENT_PREFIX_PATH} CMAKE_PREFIX_PATH=/home/wongwh/turtlebot3_ws/src/install/turtlebot3_node:/home/wongwh/turtlebot3_ws/src/install/turtlebot3_msgs:/home/wongwh/turtlebot3_ws/src/install/turtlebot3_description:/home/wongwh/turtlebot3_ws/src/install/dynamixel_sdk:/home/wongwh/turtlebot3_ws/install/turtlebot3:/home/wongwh/turtlebot3_ws/install/turtlebot3_bringup:/home/wongwh/turtlebot3_ws/install/turtlebot3_node:/home/wongwh/turtlebot3_ws/install/turtlebot3_navigation2:/home/wongwh/turtlebot3_ws/install/turtlebot3_msgs:/home/wongwh/turtlebot3_ws/install/turtlebot3_description:/home/wongwh/turtlebot3_ws/install/turtlebot3_cartographer:/home/wongwh/turtlebot3_ws/install/dynamixel_sdk_examples:/home/wongwh/turtlebot3_ws/install/dynamixel_sdk_custom_interfaces:/home/wongwh/turtlebot3_ws/install/dynamixel_sdk:/home/wongwh/turtlebot3_ws/install/turtlebot3_teleop:/home/wongwh/turtlebot3_ws/install/turtlebot3_example:/home/wongwh/turtlebot3_ws/install/autonomous_tb3:/opt/ros/humble LD_LIBRARY_PATH=/home/wongwh/turtlebot3_ws/src/install/turtlebot3_msgs/lib:/home/wongwh/turtlebot3_ws/src/install/dynamixel_sdk/lib:${LD_LIBRARY_PATH} PYTHONPATH=/home/wongwh/turtlebot3_ws/src/install/turtlebot3_msgs/local/lib/python3.10/dist-packages:${PYTHONPATH} /usr/bin/cmake --install /home/wongwh/turtlebot3_ws/src/build/turtlebot3_bringup
