[0.036s] Invoking command in '/home/wongwh/turtlebot3_ws/src/build/turtlebot3_description': CMAKE_PREFIX_PATH=${CMAKE_PREFIX_PATH}:/home/wongwh/turtlebot3_ws/install/turtlebot3_teleop:/home/wongwh/turtlebot3_ws/install/turtlebot3_example:/home/wongwh/turtlebot3_ws/install/autonomous_tb3:/opt/ros/humble /usr/bin/cmake /home/wongwh/turtlebot3_ws/src/turtlebot3/turtlebot3_description -DAMENT_CMAKE_SYMLINK_INSTALL=1 -DCMAKE_INSTALL_PREFIX=/home/wongwh/turtlebot3_ws/src/install/turtlebot3_description
[0.102s] -- The C compiler identification is GNU 11.4.0
[0.165s] -- The CXX compiler identification is GNU 11.4.0
[0.173s] -- Detecting C compiler ABI info
[0.264s] -- Detecting C compiler ABI info - done
[0.269s] -- Check for working C compiler: /usr/bin/cc - skipped
[0.269s] -- Detecting C compile features
[0.269s] -- Detecting C compile features - done
[0.274s] -- Detecting CXX compiler ABI info
[0.376s] -- Detecting CXX compiler ABI info - done
[0.384s] -- Check for working CXX compiler: /usr/bin/c++ - skipped
[0.384s] -- Detecting CXX compile features
[0.385s] -- Detecting CXX compile features - done
[0.387s] -- Found ament_cmake: 1.3.9 (/opt/ros/humble/share/ament_cmake/cmake)
[0.532s] -- Found Python3: /usr/bin/python3 (found version "3.10.12") found components: Interpreter 
[0.600s] -- Override CMake install command with custom implementation using symlinks instead of copying resources
[0.644s] -- Found urdf: 2.6.0 (/opt/ros/humble/share/urdf/cmake)
[0.788s] -- Configuring done
[0.789s] -- Generating done
[0.790s] -- Build files have been written to: /home/wongwh/turtlebot3_ws/src/build/turtlebot3_description
[0.801s] Invoked command in '/home/wongwh/turtlebot3_ws/src/build/turtlebot3_description' returned '0': CMAKE_PREFIX_PATH=${CMAKE_PREFIX_PATH}:/home/wongwh/turtlebot3_ws/install/turtlebot3_teleop:/home/wongwh/turtlebot3_ws/install/turtlebot3_example:/home/wongwh/turtlebot3_ws/install/autonomous_tb3:/opt/ros/humble /usr/bin/cmake /home/wongwh/turtlebot3_ws/src/turtlebot3/turtlebot3_description -DAMENT_CMAKE_SYMLINK_INSTALL=1 -DCMAKE_INSTALL_PREFIX=/home/wongwh/turtlebot3_ws/src/install/turtlebot3_description
[0.810s] Invoking command in '/home/wongwh/turtlebot3_ws/src/build/turtlebot3_description': CMAKE_PREFIX_PATH=${CMAKE_PREFIX_PATH}:/home/wongwh/turtlebot3_ws/install/turtlebot3_teleop:/home/wongwh/turtlebot3_ws/install/turtlebot3_example:/home/wongwh/turtlebot3_ws/install/autonomous_tb3:/opt/ros/humble /usr/bin/cmake --build /home/wongwh/turtlebot3_ws/src/build/turtlebot3_description -- -j8 -l8
[0.879s] Invoked command in '/home/wongwh/turtlebot3_ws/src/build/turtlebot3_description' returned '0': CMAKE_PREFIX_PATH=${CMAKE_PREFIX_PATH}:/home/wongwh/turtlebot3_ws/install/turtlebot3_teleop:/home/wongwh/turtlebot3_ws/install/turtlebot3_example:/home/wongwh/turtlebot3_ws/install/autonomous_tb3:/opt/ros/humble /usr/bin/cmake --build /home/wongwh/turtlebot3_ws/src/build/turtlebot3_description -- -j8 -l8
[0.993s] Invoking command in '/home/wongwh/turtlebot3_ws/src/build/turtlebot3_description': CMAKE_PREFIX_PATH=${CMAKE_PREFIX_PATH}:/home/wongwh/turtlebot3_ws/install/turtlebot3_teleop:/home/wongwh/turtlebot3_ws/install/turtlebot3_example:/home/wongwh/turtlebot3_ws/install/autonomous_tb3:/opt/ros/humble /usr/bin/cmake --install /home/wongwh/turtlebot3_ws/src/build/turtlebot3_description
[1.344s] -- Install configuration: ""
[1.344s] -- Execute custom install script
[1.344s] -- Symlinking: /home/wongwh/turtlebot3_ws/src/install/turtlebot3_description/share/turtlebot3_description/meshes/bases/burger_base.stl
[1.344s] -- Symlinking: /home/wongwh/turtlebot3_ws/src/install/turtlebot3_description/share/turtlebot3_description/meshes/bases/waffle_base.stl
[1.344s] -- Symlinking: /home/wongwh/turtlebot3_ws/src/install/turtlebot3_description/share/turtlebot3_description/meshes/bases/waffle_pi_base.stl
[1.344s] -- Symlinking: /home/wongwh/turtlebot3_ws/src/install/turtlebot3_description/share/turtlebot3_description/meshes/sensors/astra.dae
[1.345s] -- Symlinking: /home/wongwh/turtlebot3_ws/src/install/turtlebot3_description/share/turtlebot3_description/meshes/sensors/astra.jpg
[1.345s] -- Symlinking: /home/wongwh/turtlebot3_ws/src/install/turtlebot3_description/share/turtlebot3_description/meshes/sensors/lds.stl
[1.345s] -- Symlinking: /home/wongwh/turtlebot3_ws/src/install/turtlebot3_description/share/turtlebot3_description/meshes/sensors/r200.dae
[1.345s] -- Symlinking: /home/wongwh/turtlebot3_ws/src/install/turtlebot3_description/share/turtlebot3_description/meshes/sensors/r200.jpg
[1.345s] -- Symlinking: /home/wongwh/turtlebot3_ws/src/install/turtlebot3_description/share/turtlebot3_description/meshes/wheels/left_tire.stl
[1.346s] -- Symlinking: /home/wongwh/turtlebot3_ws/src/install/turtlebot3_description/share/turtlebot3_description/meshes/wheels/right_tire.stl
[1.346s] -- Symlinking: /home/wongwh/turtlebot3_ws/src/install/turtlebot3_description/share/turtlebot3_description/rviz/model.rviz
[1.346s] -- Symlinking: /home/wongwh/turtlebot3_ws/src/install/turtlebot3_description/share/turtlebot3_description/urdf/common_properties.urdf
[1.346s] -- Symlinking: /home/wongwh/turtlebot3_ws/src/install/turtlebot3_description/share/turtlebot3_description/urdf/turtlebot3_burger.urdf
[1.346s] -- Symlinking: /home/wongwh/turtlebot3_ws/src/install/turtlebot3_description/share/turtlebot3_description/urdf/turtlebot3_waffle.urdf
[1.346s] -- Symlinking: /home/wongwh/turtlebot3_ws/src/install/turtlebot3_description/share/turtlebot3_description/urdf/turtlebot3_waffle_pi.urdf
[1.346s] -- Symlinking: /home/wongwh/turtlebot3_ws/src/install/turtlebot3_description/share/ament_index/resource_index/package_run_dependencies/turtlebot3_description
[1.346s] -- Symlinking: /home/wongwh/turtlebot3_ws/src/install/turtlebot3_description/share/ament_index/resource_index/parent_prefix_path/turtlebot3_description
[1.346s] -- Symlinking: /home/wongwh/turtlebot3_ws/src/install/turtlebot3_description/share/turtlebot3_description/environment/ament_prefix_path.sh
[1.346s] -- Symlinking: /home/wongwh/turtlebot3_ws/src/install/turtlebot3_description/share/turtlebot3_description/environment/ament_prefix_path.dsv
[1.347s] -- Symlinking: /home/wongwh/turtlebot3_ws/src/install/turtlebot3_description/share/turtlebot3_description/environment/path.sh
[1.347s] -- Symlinking: /home/wongwh/turtlebot3_ws/src/install/turtlebot3_description/share/turtlebot3_description/environment/path.dsv
[1.348s] -- Symlinking: /home/wongwh/turtlebot3_ws/src/install/turtlebot3_description/share/turtlebot3_description/local_setup.bash
[1.361s] -- Symlinking: /home/wongwh/turtlebot3_ws/src/install/turtlebot3_description/share/turtlebot3_description/local_setup.sh
[1.375s] -- Symlinking: /home/wongwh/turtlebot3_ws/src/install/turtlebot3_description/share/turtlebot3_description/local_setup.zsh
[1.404s] -- Symlinking: /home/wongwh/turtlebot3_ws/src/install/turtlebot3_description/share/turtlebot3_description/local_setup.dsv
[1.414s] -- Symlinking: /home/wongwh/turtlebot3_ws/src/install/turtlebot3_description/share/turtlebot3_description/package.dsv
[1.427s] -- Symlinking: /home/wongwh/turtlebot3_ws/src/install/turtlebot3_description/share/ament_index/resource_index/packages/turtlebot3_description
[1.436s] -- Symlinking: /home/wongwh/turtlebot3_ws/src/install/turtlebot3_description/share/turtlebot3_description/cmake/turtlebot3_descriptionConfig.cmake
[1.443s] -- Symlinking: /home/wongwh/turtlebot3_ws/src/install/turtlebot3_description/share/turtlebot3_description/cmake/turtlebot3_descriptionConfig-version.cmake
[1.474s] -- Symlinking: /home/wongwh/turtlebot3_ws/src/install/turtlebot3_description/share/turtlebot3_description/package.xml
[1.493s] Invoked command in '/home/wongwh/turtlebot3_ws/src/build/turtlebot3_description' returned '0': CMAKE_PREFIX_PATH=${CMAKE_PREFIX_PATH}:/home/wongwh/turtlebot3_ws/install/turtlebot3_teleop:/home/wongwh/turtlebot3_ws/install/turtlebot3_example:/home/wongwh/turtlebot3_ws/install/autonomous_tb3:/opt/ros/humble /usr/bin/cmake --install /home/wongwh/turtlebot3_ws/src/build/turtlebot3_description
