[0.190s] Invoking command in '/home/wongwh/turtlebot3_ws/build/turtlebot3_fake_node': CMAKE_PREFIX_PATH=/home/wongwh/turtlebot3_ws/install/turtlebot3_msgs:/home/wongwh/turtlebot3_ws/install/turtlebot3:/home/wongwh/turtlebot3_ws/install/turtlebot3_bringup:/home/wongwh/turtlebot3_ws/install/turtlebot3_node:/home/wongwh/turtlebot3_ws/install/turtlebot3_navigation2:/home/wongwh/turtlebot3_ws/install/turtlebot3_description:/home/wongwh/turtlebot3_ws/install/turtlebot3_cartographer:/home/wongwh/turtlebot3_ws/install/dynamixel_sdk_examples:/home/wongwh/turtlebot3_ws/install/dynamixel_sdk_custom_interfaces:/home/wongwh/turtlebot3_ws/install/dynamixel_sdk:/home/wongwh/turtlebot3_ws/install/turtlebot3_teleop:/home/wongwh/turtlebot3_ws/install/turtlebot3_example:/home/wongwh/turtlebot3_ws/install/autonomous_tb3:/opt/ros/humble /usr/bin/cmake /home/wongwh/turtlebot3_ws/src/turtlebot3_simulations/turtlebot3_fake_node -DAMENT_CMAKE_SYMLINK_INSTALL=1 -DCMAKE_INSTALL_PREFIX=/home/wongwh/turtlebot3_ws/install/turtlebot3_fake_node
[0.235s] -- The C compiler identification is GNU 11.4.0
[0.276s] -- The CXX compiler identification is GNU 11.4.0
[0.281s] -- Detecting C compiler ABI info
[0.339s] -- Detecting C compiler ABI info - done
[0.344s] -- Check for working C compiler: /usr/bin/cc - skipped
[0.345s] -- Detecting C compile features
[0.345s] -- Detecting C compile features - done
[0.347s] -- Detecting CXX compiler ABI info
[0.433s] -- Detecting CXX compiler ABI info - done
[0.439s] -- Check for working CXX compiler: /usr/bin/c++ - skipped
[0.439s] -- Detecting CXX compile features
[0.439s] -- Detecting CXX compile features - done
[0.449s] -- Found ament_cmake: 1.3.9 (/opt/ros/humble/share/ament_cmake/cmake)
[0.580s] -- Found Python3: /usr/bin/python3 (found version "3.10.12") found components: Interpreter 
[0.623s] -- Override CMake install command with custom implementation using symlinks instead of copying resources
[0.651s] -- Found geometry_msgs: 4.2.4 (/opt/ros/humble/share/geometry_msgs/cmake)
[0.686s] -- Found rosidl_generator_c: 3.1.5 (/opt/ros/humble/share/rosidl_generator_c/cmake)
[0.691s] -- Found rosidl_adapter: 3.1.5 (/opt/ros/humble/share/rosidl_adapter/cmake)
[0.699s] -- Found rosidl_generator_cpp: 3.1.5 (/opt/ros/humble/share/rosidl_generator_cpp/cmake)
[0.711s] -- Using all available rosidl_typesupport_c: rosidl_typesupport_fastrtps_c;rosidl_typesupport_introspection_c
[0.728s] -- Using all available rosidl_typesupport_cpp: rosidl_typesupport_fastrtps_cpp;rosidl_typesupport_introspection_cpp
[0.860s] -- Found nav_msgs: 4.2.4 (/opt/ros/humble/share/nav_msgs/cmake)
[0.943s] -- Found rclcpp: 16.0.9 (/opt/ros/humble/share/rclcpp/cmake)
[1.001s] -- Found rmw_implementation_cmake: 6.1.2 (/opt/ros/humble/share/rmw_implementation_cmake/cmake)
[1.004s] -- Found rmw_cyclonedds_cpp: 1.3.4 (/opt/ros/humble/share/rmw_cyclonedds_cpp/cmake)
[1.034s] -- Using RMW implementation 'rmw_cyclonedds_cpp' as default
[1.040s] -- Looking for pthread.h
[1.084s] -- Looking for pthread.h - found
[1.084s] -- Performing Test CMAKE_HAVE_LIBC_PTHREAD
[1.134s] -- Performing Test CMAKE_HAVE_LIBC_PTHREAD - Success
[1.134s] -- Found Threads: TRUE  
[1.241s] -- Found sensor_msgs: 4.2.4 (/opt/ros/humble/share/sensor_msgs/cmake)
[1.313s] -- Found tf2: 0.25.7 (/opt/ros/humble/share/tf2/cmake)
[1.330s] -- Found tf2_msgs: 0.25.7 (/opt/ros/humble/share/tf2_msgs/cmake)
[1.469s] -- Found turtlebot3_msgs: 2.2.3 (/home/wongwh/turtlebot3_ws/install/turtlebot3_msgs/share/turtlebot3_msgs/cmake)
[1.584s] -- Configuring done
[1.592s] -- Generating done
[1.593s] -- Build files have been written to: /home/wongwh/turtlebot3_ws/build/turtlebot3_fake_node
[1.603s] Invoked command in '/home/wongwh/turtlebot3_ws/build/turtlebot3_fake_node' returned '0': CMAKE_PREFIX_PATH=/home/wongwh/turtlebot3_ws/install/turtlebot3_msgs:/home/wongwh/turtlebot3_ws/install/turtlebot3:/home/wongwh/turtlebot3_ws/install/turtlebot3_bringup:/home/wongwh/turtlebot3_ws/install/turtlebot3_node:/home/wongwh/turtlebot3_ws/install/turtlebot3_navigation2:/home/wongwh/turtlebot3_ws/install/turtlebot3_description:/home/wongwh/turtlebot3_ws/install/turtlebot3_cartographer:/home/wongwh/turtlebot3_ws/install/dynamixel_sdk_examples:/home/wongwh/turtlebot3_ws/install/dynamixel_sdk_custom_interfaces:/home/wongwh/turtlebot3_ws/install/dynamixel_sdk:/home/wongwh/turtlebot3_ws/install/turtlebot3_teleop:/home/wongwh/turtlebot3_ws/install/turtlebot3_example:/home/wongwh/turtlebot3_ws/install/autonomous_tb3:/opt/ros/humble /usr/bin/cmake /home/wongwh/turtlebot3_ws/src/turtlebot3_simulations/turtlebot3_fake_node -DAMENT_CMAKE_SYMLINK_INSTALL=1 -DCMAKE_INSTALL_PREFIX=/home/wongwh/turtlebot3_ws/install/turtlebot3_fake_node
[1.603s] Invoking command in '/home/wongwh/turtlebot3_ws/build/turtlebot3_fake_node': CMAKE_PREFIX_PATH=/home/wongwh/turtlebot3_ws/install/turtlebot3_msgs:/home/wongwh/turtlebot3_ws/install/turtlebot3:/home/wongwh/turtlebot3_ws/install/turtlebot3_bringup:/home/wongwh/turtlebot3_ws/install/turtlebot3_node:/home/wongwh/turtlebot3_ws/install/turtlebot3_navigation2:/home/wongwh/turtlebot3_ws/install/turtlebot3_description:/home/wongwh/turtlebot3_ws/install/turtlebot3_cartographer:/home/wongwh/turtlebot3_ws/install/dynamixel_sdk_examples:/home/wongwh/turtlebot3_ws/install/dynamixel_sdk_custom_interfaces:/home/wongwh/turtlebot3_ws/install/dynamixel_sdk:/home/wongwh/turtlebot3_ws/install/turtlebot3_teleop:/home/wongwh/turtlebot3_ws/install/turtlebot3_example:/home/wongwh/turtlebot3_ws/install/autonomous_tb3:/opt/ros/humble /usr/bin/cmake --build /home/wongwh/turtlebot3_ws/build/turtlebot3_fake_node -- -j8 -l8
[1.635s] [ 50%] [32mBuilding CXX object CMakeFiles/turtlebot3_fake_node.dir/src/turtlebot3_fake_node.cpp.o[0m
[7.478s] [100%] [32m[1mLinking CXX executable turtlebot3_fake_node[0m
[7.833s] [100%] Built target turtlebot3_fake_node
[7.847s] Invoked command in '/home/wongwh/turtlebot3_ws/build/turtlebot3_fake_node' returned '0': CMAKE_PREFIX_PATH=/home/wongwh/turtlebot3_ws/install/turtlebot3_msgs:/home/wongwh/turtlebot3_ws/install/turtlebot3:/home/wongwh/turtlebot3_ws/install/turtlebot3_bringup:/home/wongwh/turtlebot3_ws/install/turtlebot3_node:/home/wongwh/turtlebot3_ws/install/turtlebot3_navigation2:/home/wongwh/turtlebot3_ws/install/turtlebot3_description:/home/wongwh/turtlebot3_ws/install/turtlebot3_cartographer:/home/wongwh/turtlebot3_ws/install/dynamixel_sdk_examples:/home/wongwh/turtlebot3_ws/install/dynamixel_sdk_custom_interfaces:/home/wongwh/turtlebot3_ws/install/dynamixel_sdk:/home/wongwh/turtlebot3_ws/install/turtlebot3_teleop:/home/wongwh/turtlebot3_ws/install/turtlebot3_example:/home/wongwh/turtlebot3_ws/install/autonomous_tb3:/opt/ros/humble /usr/bin/cmake --build /home/wongwh/turtlebot3_ws/build/turtlebot3_fake_node -- -j8 -l8
[7.874s] Invoking command in '/home/wongwh/turtlebot3_ws/build/turtlebot3_fake_node': CMAKE_PREFIX_PATH=/home/wongwh/turtlebot3_ws/install/turtlebot3_msgs:/home/wongwh/turtlebot3_ws/install/turtlebot3:/home/wongwh/turtlebot3_ws/install/turtlebot3_bringup:/home/wongwh/turtlebot3_ws/install/turtlebot3_node:/home/wongwh/turtlebot3_ws/install/turtlebot3_navigation2:/home/wongwh/turtlebot3_ws/install/turtlebot3_description:/home/wongwh/turtlebot3_ws/install/turtlebot3_cartographer:/home/wongwh/turtlebot3_ws/install/dynamixel_sdk_examples:/home/wongwh/turtlebot3_ws/install/dynamixel_sdk_custom_interfaces:/home/wongwh/turtlebot3_ws/install/dynamixel_sdk:/home/wongwh/turtlebot3_ws/install/turtlebot3_teleop:/home/wongwh/turtlebot3_ws/install/turtlebot3_example:/home/wongwh/turtlebot3_ws/install/autonomous_tb3:/opt/ros/humble /usr/bin/cmake --install /home/wongwh/turtlebot3_ws/build/turtlebot3_fake_node
[7.880s] -- Install configuration: ""
[7.880s] -- Execute custom install script
[7.881s] -- Symlinking: /home/wongwh/turtlebot3_ws/install/turtlebot3_fake_node/lib/turtlebot3_fake_node/turtlebot3_fake_node
[7.886s] -- Symlinking: /home/wongwh/turtlebot3_ws/install/turtlebot3_fake_node/share/turtlebot3_fake_node/launch/rviz2.launch.py
[7.890s] -- Symlinking: /home/wongwh/turtlebot3_ws/install/turtlebot3_fake_node/share/turtlebot3_fake_node/launch/turtlebot3_fake_node.launch.py
[7.895s] -- Symlinking: /home/wongwh/turtlebot3_ws/install/turtlebot3_fake_node/share/turtlebot3_fake_node/param/burger.yaml
[7.900s] -- Symlinking: /home/wongwh/turtlebot3_ws/install/turtlebot3_fake_node/share/turtlebot3_fake_node/param/waffle.yaml
[7.904s] -- Symlinking: /home/wongwh/turtlebot3_ws/install/turtlebot3_fake_node/share/turtlebot3_fake_node/param/waffle_pi.yaml
[7.908s] -- Symlinking: /home/wongwh/turtlebot3_ws/install/turtlebot3_fake_node/include//turtlebot3_fake_node/turtlebot3_fake_node.hpp
[7.913s] -- Symlinking: /home/wongwh/turtlebot3_ws/install/turtlebot3_fake_node/share/ament_index/resource_index/package_run_dependencies/turtlebot3_fake_node
[7.918s] -- Symlinking: /home/wongwh/turtlebot3_ws/install/turtlebot3_fake_node/share/ament_index/resource_index/parent_prefix_path/turtlebot3_fake_node
[7.922s] -- Symlinking: /home/wongwh/turtlebot3_ws/install/turtlebot3_fake_node/share/turtlebot3_fake_node/environment/ament_prefix_path.sh
[7.926s] -- Symlinking: /home/wongwh/turtlebot3_ws/install/turtlebot3_fake_node/share/turtlebot3_fake_node/environment/ament_prefix_path.dsv
[7.930s] -- Symlinking: /home/wongwh/turtlebot3_ws/install/turtlebot3_fake_node/share/turtlebot3_fake_node/environment/path.sh
[7.934s] -- Symlinking: /home/wongwh/turtlebot3_ws/install/turtlebot3_fake_node/share/turtlebot3_fake_node/environment/path.dsv
[7.939s] -- Symlinking: /home/wongwh/turtlebot3_ws/install/turtlebot3_fake_node/share/turtlebot3_fake_node/local_setup.bash
[7.942s] -- Symlinking: /home/wongwh/turtlebot3_ws/install/turtlebot3_fake_node/share/turtlebot3_fake_node/local_setup.sh
[7.947s] -- Symlinking: /home/wongwh/turtlebot3_ws/install/turtlebot3_fake_node/share/turtlebot3_fake_node/local_setup.zsh
[7.951s] -- Symlinking: /home/wongwh/turtlebot3_ws/install/turtlebot3_fake_node/share/turtlebot3_fake_node/local_setup.dsv
[7.955s] -- Symlinking: /home/wongwh/turtlebot3_ws/install/turtlebot3_fake_node/share/turtlebot3_fake_node/package.dsv
[7.959s] -- Symlinking: /home/wongwh/turtlebot3_ws/install/turtlebot3_fake_node/share/ament_index/resource_index/packages/turtlebot3_fake_node
[7.963s] -- Symlinking: /home/wongwh/turtlebot3_ws/install/turtlebot3_fake_node/share/turtlebot3_fake_node/cmake/ament_cmake_export_include_directories-extras.cmake
[7.971s] -- Symlinking: /home/wongwh/turtlebot3_ws/install/turtlebot3_fake_node/share/turtlebot3_fake_node/cmake/ament_cmake_export_dependencies-extras.cmake
[7.974s] -- Symlinking: /home/wongwh/turtlebot3_ws/install/turtlebot3_fake_node/share/turtlebot3_fake_node/cmake/turtlebot3_fake_nodeConfig.cmake
[7.978s] -- Symlinking: /home/wongwh/turtlebot3_ws/install/turtlebot3_fake_node/share/turtlebot3_fake_node/cmake/turtlebot3_fake_nodeConfig-version.cmake
[7.983s] -- Symlinking: /home/wongwh/turtlebot3_ws/install/turtlebot3_fake_node/share/turtlebot3_fake_node/package.xml
[7.988s] Invoked command in '/home/wongwh/turtlebot3_ws/build/turtlebot3_fake_node' returned '0': CMAKE_PREFIX_PATH=/home/wongwh/turtlebot3_ws/install/turtlebot3_msgs:/home/wongwh/turtlebot3_ws/install/turtlebot3:/home/wongwh/turtlebot3_ws/install/turtlebot3_bringup:/home/wongwh/turtlebot3_ws/install/turtlebot3_node:/home/wongwh/turtlebot3_ws/install/turtlebot3_navigation2:/home/wongwh/turtlebot3_ws/install/turtlebot3_description:/home/wongwh/turtlebot3_ws/install/turtlebot3_cartographer:/home/wongwh/turtlebot3_ws/install/dynamixel_sdk_examples:/home/wongwh/turtlebot3_ws/install/dynamixel_sdk_custom_interfaces:/home/wongwh/turtlebot3_ws/install/dynamixel_sdk:/home/wongwh/turtlebot3_ws/install/turtlebot3_teleop:/home/wongwh/turtlebot3_ws/install/turtlebot3_example:/home/wongwh/turtlebot3_ws/install/autonomous_tb3:/opt/ros/humble /usr/bin/cmake --install /home/wongwh/turtlebot3_ws/build/turtlebot3_fake_node
