[0.005s] Invoking command in '/home/wongwh/turtlebot3_ws/build/turtlebot3_node': AMENT_PREFIX_PATH=/home/wongwh/turtlebot3_ws/install/turtlebot3_msgs:/home/wongwh/turtlebot3_ws/install/dynamixel_sdk:${AMENT_PREFIX_PATH} CMAKE_PREFIX_PATH=/home/wongwh/turtlebot3_ws/install/turtlebot3_msgs:/home/wongwh/turtlebot3_ws/install/dynamixel_sdk:/opt/ros/humble LD_LIBRARY_PATH=/home/wongwh/turtlebot3_ws/install/turtlebot3_msgs/lib:/home/wongwh/turtlebot3_ws/install/dynamixel_sdk/lib:${LD_LIBRARY_PATH} PYTHONPATH=/home/wongwh/turtlebot3_ws/install/turtlebot3_msgs/local/lib/python3.10/dist-packages:${PYTHONPATH} /usr/bin/cmake /home/wongwh/turtlebot3_ws/src/turtlebot3/turtlebot3_node -DAMENT_CMAKE_SYMLINK_INSTALL=1 -DCMAKE_INSTALL_PREFIX=/home/wongwh/turtlebot3_ws/install/turtlebot3_node
[0.054s] -- The C compiler identification is GNU 11.4.0
[0.097s] -- The CXX compiler identification is GNU 11.4.0
[0.102s] -- Detecting C compiler ABI info
[0.165s] -- Detecting C compiler ABI info - done
[0.165s] -- Check for working C compiler: /usr/bin/cc - skipped
[0.166s] -- Detecting C compile features
[0.166s] -- Detecting C compile features - done
[0.168s] -- Detecting CXX compiler ABI info
[0.230s] -- Detecting CXX compiler ABI info - done
[0.235s] -- Check for working CXX compiler: /usr/bin/c++ - skipped
[0.235s] -- Detecting CXX compile features
[0.236s] -- Detecting CXX compile features - done
[0.237s] -- Found ament_cmake: 1.3.9 (/opt/ros/humble/share/ament_cmake/cmake)
[0.329s] -- Found Python3: /usr/bin/python3 (found version "3.10.12") found components: Interpreter 
[0.376s] -- Override CMake install command with custom implementation using symlinks instead of copying resources
[0.393s] -- Found dynamixel_sdk: 3.7.60 (/home/wongwh/turtlebot3_ws/install/dynamixel_sdk/share/dynamixel_sdk/cmake)
[0.397s] -- Found geometry_msgs: 4.2.4 (/opt/ros/humble/share/geometry_msgs/cmake)
[0.428s] -- Found rosidl_generator_c: 3.1.5 (/opt/ros/humble/share/rosidl_generator_c/cmake)
[0.431s] -- Found rosidl_adapter: 3.1.5 (/opt/ros/humble/share/rosidl_adapter/cmake)
[0.438s] -- Found rosidl_generator_cpp: 3.1.5 (/opt/ros/humble/share/rosidl_generator_cpp/cmake)
[0.448s] -- Using all available rosidl_typesupport_c: rosidl_typesupport_fastrtps_c;rosidl_typesupport_introspection_c
[0.464s] -- Using all available rosidl_typesupport_cpp: rosidl_typesupport_fastrtps_cpp;rosidl_typesupport_introspection_cpp
[0.571s] -- Found message_filters: 4.3.4 (/opt/ros/humble/share/message_filters/cmake)
[0.624s] -- Found rmw_implementation_cmake: 6.1.2 (/opt/ros/humble/share/rmw_implementation_cmake/cmake)
[0.626s] -- Found rmw_fastrtps_cpp: 6.2.6 (/opt/ros/humble/share/rmw_fastrtps_cpp/cmake)
[0.700s] -- Found OpenSSL: /usr/lib/aarch64-linux-gnu/libcrypto.so (found version "3.0.2")  
[0.721s] -- Found FastRTPS: /opt/ros/humble/include  
[0.770s] -- Using RMW implementation 'rmw_fastrtps_cpp' as default
[0.777s] -- Looking for pthread.h
[0.818s] -- Looking for pthread.h - found
[0.819s] -- Performing Test CMAKE_HAVE_LIBC_PTHREAD
[0.865s] -- Performing Test CMAKE_HAVE_LIBC_PTHREAD - Success
[0.866s] -- Found Threads: TRUE  
[0.990s] -- Found nav_msgs: 4.2.4 (/opt/ros/humble/share/nav_msgs/cmake)
[1.069s] -- Found sensor_msgs: 4.2.4 (/opt/ros/humble/share/sensor_msgs/cmake)
[1.143s] -- Found std_srvs: 4.2.4 (/opt/ros/humble/share/std_srvs/cmake)
[1.165s] -- Found tf2: 0.25.7 (/opt/ros/humble/share/tf2/cmake)
[1.178s] -- Found tf2_ros: 0.25.7 (/opt/ros/humble/share/tf2_ros/cmake)
[1.472s] -- Found turtlebot3_msgs: 2.2.3 (/home/wongwh/turtlebot3_ws/install/turtlebot3_msgs/share/turtlebot3_msgs/cmake)
[1.589s] -- Configuring done
[1.604s] -- Generating done
[1.605s] -- Build files have been written to: /home/wongwh/turtlebot3_ws/build/turtlebot3_node
[1.612s] Invoked command in '/home/wongwh/turtlebot3_ws/build/turtlebot3_node' returned '0': AMENT_PREFIX_PATH=/home/wongwh/turtlebot3_ws/install/turtlebot3_msgs:/home/wongwh/turtlebot3_ws/install/dynamixel_sdk:${AMENT_PREFIX_PATH} CMAKE_PREFIX_PATH=/home/wongwh/turtlebot3_ws/install/turtlebot3_msgs:/home/wongwh/turtlebot3_ws/install/dynamixel_sdk:/opt/ros/humble LD_LIBRARY_PATH=/home/wongwh/turtlebot3_ws/install/turtlebot3_msgs/lib:/home/wongwh/turtlebot3_ws/install/dynamixel_sdk/lib:${LD_LIBRARY_PATH} PYTHONPATH=/home/wongwh/turtlebot3_ws/install/turtlebot3_msgs/local/lib/python3.10/dist-packages:${PYTHONPATH} /usr/bin/cmake /home/wongwh/turtlebot3_ws/src/turtlebot3/turtlebot3_node -DAMENT_CMAKE_SYMLINK_INSTALL=1 -DCMAKE_INSTALL_PREFIX=/home/wongwh/turtlebot3_ws/install/turtlebot3_node
[1.613s] Invoking command in '/home/wongwh/turtlebot3_ws/build/turtlebot3_node': AMENT_PREFIX_PATH=/home/wongwh/turtlebot3_ws/install/turtlebot3_msgs:/home/wongwh/turtlebot3_ws/install/dynamixel_sdk:${AMENT_PREFIX_PATH} CMAKE_PREFIX_PATH=/home/wongwh/turtlebot3_ws/install/turtlebot3_msgs:/home/wongwh/turtlebot3_ws/install/dynamixel_sdk:/opt/ros/humble LD_LIBRARY_PATH=/home/wongwh/turtlebot3_ws/install/turtlebot3_msgs/lib:/home/wongwh/turtlebot3_ws/install/dynamixel_sdk/lib:${LD_LIBRARY_PATH} PYTHONPATH=/home/wongwh/turtlebot3_ws/install/turtlebot3_msgs/local/lib/python3.10/dist-packages:${PYTHONPATH} /usr/bin/cmake --build /home/wongwh/turtlebot3_ws/build/turtlebot3_node -- -j4 -l4
[1.642s] [ 14%] [32mBuilding CXX object CMakeFiles/turtlebot3_node_lib.dir/src/devices/motor_power.cpp.o[0m
[1.642s] [ 14%] [32mBuilding CXX object CMakeFiles/turtlebot3_node_lib.dir/src/devices/reset.cpp.o[0m
[1.642s] [ 21%] [32mBuilding CXX object CMakeFiles/turtlebot3_node_lib.dir/src/devices/sound.cpp.o[0m
[1.647s] [ 28%] [32mBuilding CXX object CMakeFiles/turtlebot3_node_lib.dir/src/diff_drive_controller.cpp.o[0m
[4.837s] [ 35%] [32mBuilding CXX object CMakeFiles/turtlebot3_node_lib.dir/src/dynamixel_sdk_wrapper.cpp.o[0m
[4.891s] [ 42%] [32mBuilding CXX object CMakeFiles/turtlebot3_node_lib.dir/src/odometry.cpp.o[0m
[4.965s] [ 50%] [32mBuilding CXX object CMakeFiles/turtlebot3_node_lib.dir/src/turtlebot3.cpp.o[0m
[5.088s] [ 57%] [32mBuilding CXX object CMakeFiles/turtlebot3_node_lib.dir/src/sensors/battery_state.cpp.o[0m
[5.252s] [ 64%] [32mBuilding CXX object CMakeFiles/turtlebot3_node_lib.dir/src/sensors/imu.cpp.o[0m
[7.988s] [ 71%] [32mBuilding CXX object CMakeFiles/turtlebot3_node_lib.dir/src/sensors/joint_state.cpp.o[0m
[8.375s] [ 78%] [32mBuilding CXX object CMakeFiles/turtlebot3_node_lib.dir/src/sensors/sensor_state.cpp.o[0m
[14.221s] [ 85%] [32m[1mLinking CXX static library libturtlebot3_node_lib.a[0m
[14.535s] [ 85%] Built target turtlebot3_node_lib
[14.549s] [ 92%] [32mBuilding CXX object CMakeFiles/turtlebot3_ros.dir/src/node_main.cpp.o[0m
[16.444s] [100%] [32m[1mLinking CXX executable turtlebot3_ros[0m
[17.842s] [100%] Built target turtlebot3_ros
[17.851s] Invoked command in '/home/wongwh/turtlebot3_ws/build/turtlebot3_node' returned '0': AMENT_PREFIX_PATH=/home/wongwh/turtlebot3_ws/install/turtlebot3_msgs:/home/wongwh/turtlebot3_ws/install/dynamixel_sdk:${AMENT_PREFIX_PATH} CMAKE_PREFIX_PATH=/home/wongwh/turtlebot3_ws/install/turtlebot3_msgs:/home/wongwh/turtlebot3_ws/install/dynamixel_sdk:/opt/ros/humble LD_LIBRARY_PATH=/home/wongwh/turtlebot3_ws/install/turtlebot3_msgs/lib:/home/wongwh/turtlebot3_ws/install/dynamixel_sdk/lib:${LD_LIBRARY_PATH} PYTHONPATH=/home/wongwh/turtlebot3_ws/install/turtlebot3_msgs/local/lib/python3.10/dist-packages:${PYTHONPATH} /usr/bin/cmake --build /home/wongwh/turtlebot3_ws/build/turtlebot3_node -- -j4 -l4
[17.875s] Invoking command in '/home/wongwh/turtlebot3_ws/build/turtlebot3_node': AMENT_PREFIX_PATH=/home/wongwh/turtlebot3_ws/install/turtlebot3_msgs:/home/wongwh/turtlebot3_ws/install/dynamixel_sdk:${AMENT_PREFIX_PATH} CMAKE_PREFIX_PATH=/home/wongwh/turtlebot3_ws/install/turtlebot3_msgs:/home/wongwh/turtlebot3_ws/install/dynamixel_sdk:/opt/ros/humble LD_LIBRARY_PATH=/home/wongwh/turtlebot3_ws/install/turtlebot3_msgs/lib:/home/wongwh/turtlebot3_ws/install/dynamixel_sdk/lib:${LD_LIBRARY_PATH} PYTHONPATH=/home/wongwh/turtlebot3_ws/install/turtlebot3_msgs/local/lib/python3.10/dist-packages:${PYTHONPATH} /usr/bin/cmake --install /home/wongwh/turtlebot3_ws/build/turtlebot3_node
[17.879s] -- Install configuration: ""
[17.879s] -- Execute custom install script
[17.881s] -- Symlinking: /home/wongwh/turtlebot3_ws/install/turtlebot3_node/share/turtlebot3_node/param/burger.yaml
[17.885s] -- Symlinking: /home/wongwh/turtlebot3_ws/install/turtlebot3_node/share/turtlebot3_node/param/waffle.yaml
[17.889s] -- Symlinking: /home/wongwh/turtlebot3_ws/install/turtlebot3_node/share/turtlebot3_node/param/waffle_pi.yaml
[17.893s] -- Symlinking: /home/wongwh/turtlebot3_ws/install/turtlebot3_node/lib/turtlebot3_node/turtlebot3_ros
[17.897s] -- Symlinking: /home/wongwh/turtlebot3_ws/install/turtlebot3_node/share/ament_index/resource_index/package_run_dependencies/turtlebot3_node
[17.901s] -- Symlinking: /home/wongwh/turtlebot3_ws/install/turtlebot3_node/share/ament_index/resource_index/parent_prefix_path/turtlebot3_node
[17.905s] -- Symlinking: /home/wongwh/turtlebot3_ws/install/turtlebot3_node/share/turtlebot3_node/environment/ament_prefix_path.sh
[17.909s] -- Symlinking: /home/wongwh/turtlebot3_ws/install/turtlebot3_node/share/turtlebot3_node/environment/ament_prefix_path.dsv
[17.913s] -- Symlinking: /home/wongwh/turtlebot3_ws/install/turtlebot3_node/share/turtlebot3_node/environment/path.sh
[17.918s] -- Symlinking: /home/wongwh/turtlebot3_ws/install/turtlebot3_node/share/turtlebot3_node/environment/path.dsv
[17.922s] -- Symlinking: /home/wongwh/turtlebot3_ws/install/turtlebot3_node/share/turtlebot3_node/local_setup.bash
[17.926s] -- Symlinking: /home/wongwh/turtlebot3_ws/install/turtlebot3_node/share/turtlebot3_node/local_setup.sh
[17.931s] -- Symlinking: /home/wongwh/turtlebot3_ws/install/turtlebot3_node/share/turtlebot3_node/local_setup.zsh
[17.935s] -- Symlinking: /home/wongwh/turtlebot3_ws/install/turtlebot3_node/share/turtlebot3_node/local_setup.dsv
[17.939s] -- Symlinking: /home/wongwh/turtlebot3_ws/install/turtlebot3_node/share/turtlebot3_node/package.dsv
[17.944s] -- Symlinking: /home/wongwh/turtlebot3_ws/install/turtlebot3_node/share/ament_index/resource_index/packages/turtlebot3_node
[17.948s] -- Symlinking: /home/wongwh/turtlebot3_ws/install/turtlebot3_node/share/turtlebot3_node/cmake/ament_cmake_export_include_directories-extras.cmake
[17.952s] -- Symlinking: /home/wongwh/turtlebot3_ws/install/turtlebot3_node/share/turtlebot3_node/cmake/turtlebot3_nodeConfig.cmake
[17.956s] -- Symlinking: /home/wongwh/turtlebot3_ws/install/turtlebot3_node/share/turtlebot3_node/cmake/turtlebot3_nodeConfig-version.cmake
[17.960s] -- Symlinking: /home/wongwh/turtlebot3_ws/install/turtlebot3_node/share/turtlebot3_node/package.xml
[17.965s] Invoked command in '/home/wongwh/turtlebot3_ws/build/turtlebot3_node' returned '0': AMENT_PREFIX_PATH=/home/wongwh/turtlebot3_ws/install/turtlebot3_msgs:/home/wongwh/turtlebot3_ws/install/dynamixel_sdk:${AMENT_PREFIX_PATH} CMAKE_PREFIX_PATH=/home/wongwh/turtlebot3_ws/install/turtlebot3_msgs:/home/wongwh/turtlebot3_ws/install/dynamixel_sdk:/opt/ros/humble LD_LIBRARY_PATH=/home/wongwh/turtlebot3_ws/install/turtlebot3_msgs/lib:/home/wongwh/turtlebot3_ws/install/dynamixel_sdk/lib:${LD_LIBRARY_PATH} PYTHONPATH=/home/wongwh/turtlebot3_ws/install/turtlebot3_msgs/local/lib/python3.10/dist-packages:${PYTHONPATH} /usr/bin/cmake --install /home/wongwh/turtlebot3_ws/build/turtlebot3_node
