[0.009s] Invoking command in '/home/wongwh/turtlebot3_ws/build/dynamixel_sdk': CMAKE_PREFIX_PATH=/opt/ros/humble /usr/bin/cmake /home/wongwh/turtlebot3_ws/src/DynamixelSDK/dynamixel_sdk -DAMENT_CMAKE_SYMLINK_INSTALL=1 -DCMAKE_INSTALL_PREFIX=/home/wongwh/turtlebot3_ws/install/dynamixel_sdk
[0.143s] -- The C compiler identification is GNU 11.4.0
[0.226s] -- The CXX compiler identification is GNU 11.4.0
[0.237s] -- Detecting C compiler ABI info
[0.283s] -- Detecting C compiler ABI info - done
[0.289s] -- Check for working C compiler: /usr/bin/cc - skipped
[0.290s] -- Detecting C compile features
[0.291s] -- Detecting C compile features - done
[0.295s] -- Detecting CXX compiler ABI info
[0.348s] -- Detecting CXX compiler ABI info - done
[0.353s] -- Check for working CXX compiler: /usr/bin/c++ - skipped
[0.354s] -- Detecting CXX compile features
[0.354s] -- Detecting CXX compile features - done
[0.359s] -- Found ament_cmake: 1.3.9 (/opt/ros/humble/share/ament_cmake/cmake)
[0.452s] -- Found Python3: /usr/bin/python3 (found version "3.10.12") found components: Interpreter 
[0.500s] -- Override CMake install command with custom implementation using symlinks instead of copying resources
[0.576s] -- Configuring done
[0.579s] -- Generating done
[0.580s] -- Build files have been written to: /home/wongwh/turtlebot3_ws/build/dynamixel_sdk
[0.583s] Invoked command in '/home/wongwh/turtlebot3_ws/build/dynamixel_sdk' returned '0': CMAKE_PREFIX_PATH=/opt/ros/humble /usr/bin/cmake /home/wongwh/turtlebot3_ws/src/DynamixelSDK/dynamixel_sdk -DAMENT_CMAKE_SYMLINK_INSTALL=1 -DCMAKE_INSTALL_PREFIX=/home/wongwh/turtlebot3_ws/install/dynamixel_sdk
[0.583s] Invoking command in '/home/wongwh/turtlebot3_ws/build/dynamixel_sdk': CMAKE_PREFIX_PATH=/opt/ros/humble /usr/bin/cmake --build /home/wongwh/turtlebot3_ws/build/dynamixel_sdk -- -j4 -l4
[0.609s] [ 10%] [32mBuilding CXX object CMakeFiles/dynamixel_sdk.dir/src/dynamixel_sdk/protocol2_packet_handler.cpp.o[0m
[0.609s] [ 20%] [32mBuilding CXX object CMakeFiles/dynamixel_sdk.dir/src/dynamixel_sdk/group_sync_read.cpp.o[0m
[0.609s] [ 30%] [32mBuilding CXX object CMakeFiles/dynamixel_sdk.dir/src/dynamixel_sdk/packet_handler.cpp.o[0m
[0.636s] [ 40%] [32mBuilding CXX object CMakeFiles/dynamixel_sdk.dir/src/dynamixel_sdk/protocol1_packet_handler.cpp.o[0m
[0.762s] [ 50%] [32mBuilding CXX object CMakeFiles/dynamixel_sdk.dir/src/dynamixel_sdk/group_bulk_read.cpp.o[0m
[0.774s] [ 60%] [32mBuilding CXX object CMakeFiles/dynamixel_sdk.dir/src/dynamixel_sdk/group_sync_write.cpp.o[0m
[0.864s] [ 70%] [32mBuilding CXX object CMakeFiles/dynamixel_sdk.dir/src/dynamixel_sdk/group_bulk_write.cpp.o[0m
[0.975s] [ 80%] [32mBuilding CXX object CMakeFiles/dynamixel_sdk.dir/src/dynamixel_sdk/port_handler.cpp.o[0m
[1.044s] [ 90%] [32mBuilding CXX object CMakeFiles/dynamixel_sdk.dir/src/dynamixel_sdk/port_handler_linux.cpp.o[0m
[1.232s] [100%] [32m[1mLinking CXX shared library libdynamixel_sdk.so[0m
[1.293s] [100%] Built target dynamixel_sdk
[1.299s] Invoked command in '/home/wongwh/turtlebot3_ws/build/dynamixel_sdk' returned '0': CMAKE_PREFIX_PATH=/opt/ros/humble /usr/bin/cmake --build /home/wongwh/turtlebot3_ws/build/dynamixel_sdk -- -j4 -l4
[1.328s] Invoking command in '/home/wongwh/turtlebot3_ws/build/dynamixel_sdk': CMAKE_PREFIX_PATH=/opt/ros/humble /usr/bin/cmake --install /home/wongwh/turtlebot3_ws/build/dynamixel_sdk
[1.332s] -- Install configuration: ""
[1.332s] -- Execute custom install script
[1.333s] -- Symlinking: /home/wongwh/turtlebot3_ws/install/dynamixel_sdk/include//dynamixel_sdk/dynamixel_sdk.h
[1.338s] -- Symlinking: /home/wongwh/turtlebot3_ws/install/dynamixel_sdk/include//dynamixel_sdk/group_bulk_read.h
[1.343s] -- Symlinking: /home/wongwh/turtlebot3_ws/install/dynamixel_sdk/include//dynamixel_sdk/group_bulk_write.h
[1.350s] -- Symlinking: /home/wongwh/turtlebot3_ws/install/dynamixel_sdk/include//dynamixel_sdk/group_sync_read.h
[1.353s] -- Symlinking: /home/wongwh/turtlebot3_ws/install/dynamixel_sdk/include//dynamixel_sdk/group_sync_write.h
[1.359s] -- Symlinking: /home/wongwh/turtlebot3_ws/install/dynamixel_sdk/include//dynamixel_sdk/packet_handler.h
[1.364s] -- Symlinking: /home/wongwh/turtlebot3_ws/install/dynamixel_sdk/include//dynamixel_sdk/port_handler.h
[1.368s] -- Symlinking: /home/wongwh/turtlebot3_ws/install/dynamixel_sdk/include//dynamixel_sdk/port_handler_arduino.h
[1.373s] -- Symlinking: /home/wongwh/turtlebot3_ws/install/dynamixel_sdk/include//dynamixel_sdk/port_handler_linux.h
[1.378s] -- Symlinking: /home/wongwh/turtlebot3_ws/install/dynamixel_sdk/include//dynamixel_sdk/port_handler_mac.h
[1.383s] -- Symlinking: /home/wongwh/turtlebot3_ws/install/dynamixel_sdk/include//dynamixel_sdk/port_handler_windows.h
[1.387s] -- Symlinking: /home/wongwh/turtlebot3_ws/install/dynamixel_sdk/include//dynamixel_sdk/protocol1_packet_handler.h
[1.392s] -- Symlinking: /home/wongwh/turtlebot3_ws/install/dynamixel_sdk/include//dynamixel_sdk/protocol2_packet_handler.h
[1.397s] -- Symlinking: /home/wongwh/turtlebot3_ws/install/dynamixel_sdk/lib/libdynamixel_sdk.so
[1.402s] -- Symlinking: /home/wongwh/turtlebot3_ws/install/dynamixel_sdk/share/dynamixel_sdk/environment/library_path.sh
[1.407s] -- Symlinking: /home/wongwh/turtlebot3_ws/install/dynamixel_sdk/share/dynamixel_sdk/environment/library_path.dsv
[1.412s] -- Symlinking: /home/wongwh/turtlebot3_ws/install/dynamixel_sdk/share/ament_index/resource_index/package_run_dependencies/dynamixel_sdk
[1.417s] -- Symlinking: /home/wongwh/turtlebot3_ws/install/dynamixel_sdk/share/ament_index/resource_index/parent_prefix_path/dynamixel_sdk
[1.421s] -- Symlinking: /home/wongwh/turtlebot3_ws/install/dynamixel_sdk/share/dynamixel_sdk/environment/ament_prefix_path.sh
[1.426s] -- Symlinking: /home/wongwh/turtlebot3_ws/install/dynamixel_sdk/share/dynamixel_sdk/environment/ament_prefix_path.dsv
[1.432s] -- Symlinking: /home/wongwh/turtlebot3_ws/install/dynamixel_sdk/share/dynamixel_sdk/environment/path.sh
[1.447s] -- Symlinking: /home/wongwh/turtlebot3_ws/install/dynamixel_sdk/share/dynamixel_sdk/environment/path.dsv
[1.452s] -- Symlinking: /home/wongwh/turtlebot3_ws/install/dynamixel_sdk/share/dynamixel_sdk/local_setup.bash
[1.457s] -- Symlinking: /home/wongwh/turtlebot3_ws/install/dynamixel_sdk/share/dynamixel_sdk/local_setup.sh
[1.462s] -- Symlinking: /home/wongwh/turtlebot3_ws/install/dynamixel_sdk/share/dynamixel_sdk/local_setup.zsh
[1.467s] -- Symlinking: /home/wongwh/turtlebot3_ws/install/dynamixel_sdk/share/dynamixel_sdk/local_setup.dsv
[1.472s] -- Symlinking: /home/wongwh/turtlebot3_ws/install/dynamixel_sdk/share/dynamixel_sdk/package.dsv
[1.481s] -- Symlinking: /home/wongwh/turtlebot3_ws/install/dynamixel_sdk/share/ament_index/resource_index/packages/dynamixel_sdk
[1.487s] -- Symlinking: /home/wongwh/turtlebot3_ws/install/dynamixel_sdk/share/dynamixel_sdk/cmake/ament_cmake_export_include_directories-extras.cmake
[1.492s] -- Symlinking: /home/wongwh/turtlebot3_ws/install/dynamixel_sdk/share/dynamixel_sdk/cmake/ament_cmake_export_libraries-extras.cmake
[1.497s] -- Symlinking: /home/wongwh/turtlebot3_ws/install/dynamixel_sdk/share/dynamixel_sdk/cmake/dynamixel_sdkConfig.cmake
[1.503s] -- Symlinking: /home/wongwh/turtlebot3_ws/install/dynamixel_sdk/share/dynamixel_sdk/cmake/dynamixel_sdkConfig-version.cmake
[1.508s] -- Symlinking: /home/wongwh/turtlebot3_ws/install/dynamixel_sdk/share/dynamixel_sdk/package.xml
[1.515s] Invoked command in '/home/wongwh/turtlebot3_ws/build/dynamixel_sdk' returned '0': CMAKE_PREFIX_PATH=/opt/ros/humble /usr/bin/cmake --install /home/wongwh/turtlebot3_ws/build/dynamixel_sdk
