[0.553s] Invoking command in '/home/wongwh/turtlebot3_ws/build/turtlebot3_teleop': PYTHONPATH=/home/wongwh/turtlebot3_ws/build/turtlebot3_teleop/prefix_override:/home/wongwh/turtlebot3_ws/install/turtlebot3_teleop/lib/python3.10/site-packages:${PYTHONPATH} /usr/bin/python3 -W ignore:setup.py install is deprecated setup.py develop --uninstall --editable --build-directory /home/wongwh/turtlebot3_ws/build/turtlebot3_teleop/build
[0.698s] running develop
[0.700s] /usr/lib/python3/dist-packages/setuptools/command/easy_install.py:158: EasyInstallDeprecationWarning: easy_install command is deprecated. Use build and pip and other standards-based tools.
[0.700s]   warnings.warn(
[0.777s] Removing /home/wongwh/turtlebot3_ws/install/turtlebot3_teleop/lib/python3.10/site-packages/turtlebot3-teleop.egg-link (link to .)
[0.795s] Invoked command in '/home/wongwh/turtlebot3_ws/build/turtlebot3_teleop' returned '0': PYTHONPATH=/home/wongwh/turtlebot3_ws/build/turtlebot3_teleop/prefix_override:/home/wongwh/turtlebot3_ws/install/turtlebot3_teleop/lib/python3.10/site-packages:${PYTHONPATH} /usr/bin/python3 -W ignore:setup.py install is deprecated setup.py develop --uninstall --editable --build-directory /home/wongwh/turtlebot3_ws/build/turtlebot3_teleop/build
[0.796s] Invoking command in '/home/wongwh/turtlebot3_ws/src/turtlebot3/turtlebot3_teleop': PYTHONPATH=/home/wongwh/turtlebot3_ws/build/turtlebot3_teleop/prefix_override:/home/wongwh/turtlebot3_ws/install/turtlebot3_teleop/lib/python3.10/site-packages:${PYTHONPATH} /usr/bin/python3 -W ignore:setup.py install is deprecated setup.py egg_info --egg-base ../../../build/turtlebot3_teleop build --build-base /home/wongwh/turtlebot3_ws/build/turtlebot3_teleop/build install --record /home/wongwh/turtlebot3_ws/build/turtlebot3_teleop/install.log --single-version-externally-managed install_data --force
[0.921s] running egg_info
[0.921s] writing ../../../build/turtlebot3_teleop/turtlebot3_teleop.egg-info/PKG-INFO
[0.922s] writing dependency_links to ../../../build/turtlebot3_teleop/turtlebot3_teleop.egg-info/dependency_links.txt
[0.922s] writing entry points to ../../../build/turtlebot3_teleop/turtlebot3_teleop.egg-info/entry_points.txt
[0.922s] writing requirements to ../../../build/turtlebot3_teleop/turtlebot3_teleop.egg-info/requires.txt
[0.922s] writing top-level names to ../../../build/turtlebot3_teleop/turtlebot3_teleop.egg-info/top_level.txt
[0.924s] reading manifest file '../../../build/turtlebot3_teleop/turtlebot3_teleop.egg-info/SOURCES.txt'
[0.925s] writing manifest file '../../../build/turtlebot3_teleop/turtlebot3_teleop.egg-info/SOURCES.txt'
[0.925s] running build
[0.925s] running build_py
[0.925s] creating /home/wongwh/turtlebot3_ws/build/turtlebot3_teleop/build
[0.926s] creating /home/wongwh/turtlebot3_ws/build/turtlebot3_teleop/build/lib
[0.926s] creating /home/wongwh/turtlebot3_ws/build/turtlebot3_teleop/build/lib/turtlebot3_teleop
[0.926s] copying turtlebot3_teleop/__init__.py -> /home/wongwh/turtlebot3_ws/build/turtlebot3_teleop/build/lib/turtlebot3_teleop
[0.926s] creating /home/wongwh/turtlebot3_ws/build/turtlebot3_teleop/build/lib/turtlebot3_teleop/script
[0.926s] copying turtlebot3_teleop/script/teleop_keyboard.py -> /home/wongwh/turtlebot3_ws/build/turtlebot3_teleop/build/lib/turtlebot3_teleop/script
[0.926s] copying turtlebot3_teleop/script/__init__.py -> /home/wongwh/turtlebot3_ws/build/turtlebot3_teleop/build/lib/turtlebot3_teleop/script
[0.926s] running install
[0.926s] running install_lib
[0.927s] creating /home/wongwh/turtlebot3_ws/install/turtlebot3_teleop/lib/python3.10/site-packages/turtlebot3_teleop
[0.927s] creating /home/wongwh/turtlebot3_ws/install/turtlebot3_teleop/lib/python3.10/site-packages/turtlebot3_teleop/script
[0.927s] copying /home/wongwh/turtlebot3_ws/build/turtlebot3_teleop/build/lib/turtlebot3_teleop/script/teleop_keyboard.py -> /home/wongwh/turtlebot3_ws/install/turtlebot3_teleop/lib/python3.10/site-packages/turtlebot3_teleop/script
[0.927s] copying /home/wongwh/turtlebot3_ws/build/turtlebot3_teleop/build/lib/turtlebot3_teleop/script/__init__.py -> /home/wongwh/turtlebot3_ws/install/turtlebot3_teleop/lib/python3.10/site-packages/turtlebot3_teleop/script
[0.927s] copying /home/wongwh/turtlebot3_ws/build/turtlebot3_teleop/build/lib/turtlebot3_teleop/__init__.py -> /home/wongwh/turtlebot3_ws/install/turtlebot3_teleop/lib/python3.10/site-packages/turtlebot3_teleop
[0.927s] byte-compiling /home/wongwh/turtlebot3_ws/install/turtlebot3_teleop/lib/python3.10/site-packages/turtlebot3_teleop/script/teleop_keyboard.py to teleop_keyboard.cpython-310.pyc
[0.928s] byte-compiling /home/wongwh/turtlebot3_ws/install/turtlebot3_teleop/lib/python3.10/site-packages/turtlebot3_teleop/script/__init__.py to __init__.cpython-310.pyc
[0.928s] byte-compiling /home/wongwh/turtlebot3_ws/install/turtlebot3_teleop/lib/python3.10/site-packages/turtlebot3_teleop/__init__.py to __init__.cpython-310.pyc
[0.928s] running install_data
[0.929s] copying resource/turtlebot3_teleop -> /home/wongwh/turtlebot3_ws/install/turtlebot3_teleop/share/ament_index/resource_index/packages
[0.929s] copying package.xml -> /home/wongwh/turtlebot3_ws/install/turtlebot3_teleop/share/turtlebot3_teleop
[0.929s] running install_egg_info
[0.930s] Copying ../../../build/turtlebot3_teleop/turtlebot3_teleop.egg-info to /home/wongwh/turtlebot3_ws/install/turtlebot3_teleop/lib/python3.10/site-packages/turtlebot3_teleop-2.1.5-py3.10.egg-info
[0.931s] running install_scripts
[0.943s] Installing teleop_keyboard script to /home/wongwh/turtlebot3_ws/install/turtlebot3_teleop/lib/turtlebot3_teleop
[0.944s] writing list of installed files to '/home/wongwh/turtlebot3_ws/build/turtlebot3_teleop/install.log'
[0.959s] Invoked command in '/home/wongwh/turtlebot3_ws/src/turtlebot3/turtlebot3_teleop' returned '0': PYTHONPATH=/home/wongwh/turtlebot3_ws/build/turtlebot3_teleop/prefix_override:/home/wongwh/turtlebot3_ws/install/turtlebot3_teleop/lib/python3.10/site-packages:${PYTHONPATH} /usr/bin/python3 -W ignore:setup.py install is deprecated setup.py egg_info --egg-base ../../../build/turtlebot3_teleop build --build-base /home/wongwh/turtlebot3_ws/build/turtlebot3_teleop/build install --record /home/wongwh/turtlebot3_ws/build/turtlebot3_teleop/install.log --single-version-externally-managed install_data --force
