[0.052s] Invoking command in '/home/wongwh/turtlebot3_ws/build/turtlebot3_gazebo': CMAKE_PREFIX_PATH=${CMAKE_PREFIX_PATH}:/home/wongwh/turtlebot3_ws/install/turtlebot3_teleop:/home/wongwh/turtlebot3_ws/install/turtlebot3_example:/home/wongwh/turtlebot3_ws/install/autonomous_tb3:/opt/ros/humble /usr/bin/cmake /home/wongwh/turtlebot3_ws/src/turtlebot3_simulations/turtlebot3_gazebo -DAMENT_CMAKE_SYMLINK_INSTALL=1 -DCMAKE_INSTALL_PREFIX=/home/wongwh/turtlebot3_ws/install/turtlebot3_gazebo
[0.824s] -- The C compiler identification is GNU 11.4.0
[1.120s] -- The CXX compiler identification is GNU 11.4.0
[1.160s] -- Detecting C compiler ABI info
[1.388s] -- Detecting C compiler ABI info - done
[1.404s] -- Check for working C compiler: /usr/bin/cc - skipped
[1.407s] -- Detecting C compile features
[1.410s] -- Detecting C compile features - done
[1.420s] -- Detecting CXX compiler ABI info
[1.592s] -- Detecting CXX compiler ABI info - done
[1.610s] -- Check for working CXX compiler: /usr/bin/c++ - skipped
[1.611s] -- Detecting CXX compile features
[1.612s] -- Detecting CXX compile features - done
[1.622s] -- Found ament_cmake: 1.3.9 (/opt/ros/humble/share/ament_cmake/cmake)
[1.936s] -- Found Python3: /usr/bin/python3 (found version "3.10.12") found components: Interpreter 
[2.100s] -- Override CMake install command with custom implementation using symlinks instead of copying resources
[2.262s] [31mCMake Error at CMakeLists.txt:23 (find_package):
[2.263s]   By not providing "Findgazebo.cmake" in CMAKE_MODULE_PATH this project has
[2.263s]   asked CMake to find a package configuration file provided by "gazebo", but
[2.264s]   CMake did not find one.
[2.264s] 
[2.264s]   Could not find a package configuration file provided by "gazebo" with any
[2.264s]   of the following names:
[2.264s] 
[2.264s]     gazeboConfig.cmake
[2.265s]     gazebo-config.cmake
[2.265s] 
[2.265s]   Add the installation prefix of "gazebo" to CMAKE_PREFIX_PATH or set
[2.265s]   "gazebo_DIR" to a directory containing one of the above files.  If "gazebo"
[2.265s]   provides a separate development package or SDK, be sure it has been
[2.265s]   installed.
[2.265s] 
[2.265s] [0m
[2.265s] -- Configuring incomplete, errors occurred!
[2.266s] See also "/home/wongwh/turtlebot3_ws/build/turtlebot3_gazebo/CMakeFiles/CMakeOutput.log".
[2.268s] Invoked command in '/home/wongwh/turtlebot3_ws/build/turtlebot3_gazebo' returned '1': CMAKE_PREFIX_PATH=${CMAKE_PREFIX_PATH}:/home/wongwh/turtlebot3_ws/install/turtlebot3_teleop:/home/wongwh/turtlebot3_ws/install/turtlebot3_example:/home/wongwh/turtlebot3_ws/install/autonomous_tb3:/opt/ros/humble /usr/bin/cmake /home/wongwh/turtlebot3_ws/src/turtlebot3_simulations/turtlebot3_gazebo -DAMENT_CMAKE_SYMLINK_INSTALL=1 -DCMAKE_INSTALL_PREFIX=/home/wongwh/turtlebot3_ws/install/turtlebot3_gazebo
