[0.042s] Invoking command in '/home/wongwh/turtlebot3_ws/build/turtlebot3_gazebo': CMAKE_PREFIX_PATH=${CMAKE_PREFIX_PATH}:/home/wongwh/turtlebot3_ws/install/turtlebot3_teleop:/home/wongwh/turtlebot3_ws/install/turtlebot3_example:/home/wongwh/turtlebot3_ws/install/turtlebot3_description:/home/wongwh/turtlebot3_ws/install/turtlebot3_cartographer:/home/wongwh/turtlebot3_ws/install/autonomous_tb3:/opt/ros/humble /usr/bin/cmake /home/wongwh/turtlebot3_ws/src/turtlebot3_simulations/turtlebot3_gazebo -DCMAKE_INSTALL_PREFIX=/home/wongwh/turtlebot3_ws/install/turtlebot3_gazebo
[0.292s] -- Found ament_cmake: 1.3.9 (/opt/ros/humble/share/ament_cmake/cmake)
[0.292s] -- Override CMake install command with custom implementation using symlinks instead of copying resources
[0.292s] -- Configuring incomplete, errors occurred!
[0.292s] See also "/home/wongwh/turtlebot3_ws/build/turtlebot3_gazebo/CMakeFiles/CMakeOutput.log".
[0.293s] [31mCMake Error at CMakeLists.txt:24 (find_package):
[0.293s]   By not providing "Findgazebo.cmake" in CMAKE_MODULE_PATH this project has
[0.293s]   asked CMake to find a package configuration file provided by "gazebo", but
[0.293s]   CMake did not find one.
[0.293s] 
[0.293s]   Could not find a package configuration file provided by "gazebo" with any
[0.293s]   of the following names:
[0.293s] 
[0.297s]     gazeboConfig.cmake
[0.297s]     gazebo-config.cmake
[0.297s] 
[0.297s]   Add the installation prefix of "gazebo" to CMAKE_PREFIX_PATH or set
[0.297s]   "gazebo_DIR" to a directory containing one of the above files.  If "gazebo"
[0.298s]   provides a separate development package or SDK, be sure it has been
[0.298s]   installed.
[0.298s] 
[0.302s] [0m
[0.319s] Invoked command in '/home/wongwh/turtlebot3_ws/build/turtlebot3_gazebo' returned '1': CMAKE_PREFIX_PATH=${CMAKE_PREFIX_PATH}:/home/wongwh/turtlebot3_ws/install/turtlebot3_teleop:/home/wongwh/turtlebot3_ws/install/turtlebot3_example:/home/wongwh/turtlebot3_ws/install/turtlebot3_description:/home/wongwh/turtlebot3_ws/install/turtlebot3_cartographer:/home/wongwh/turtlebot3_ws/install/autonomous_tb3:/opt/ros/humble /usr/bin/cmake /home/wongwh/turtlebot3_ws/src/turtlebot3_simulations/turtlebot3_gazebo -DCMAKE_INSTALL_PREFIX=/home/wongwh/turtlebot3_ws/install/turtlebot3_gazebo
