running develop
/usr/lib/python3/dist-packages/setuptools/command/easy_install.py:158: EasyInstallDeprecationWarning: easy_install command is deprecated. Use build and pip and other standards-based tools.
  warnings.warn(
running egg_info
writing autonomous_tb3.egg-info/PKG-INFO
writing dependency_links to autonomous_tb3.egg-info/dependency_links.txt
writing entry points to autonomous_tb3.egg-info/entry_points.txt
writing requirements to autonomous_tb3.egg-info/requires.txt
writing top-level names to autonomous_tb3.egg-info/top_level.txt
reading manifest file 'autonomous_tb3.egg-info/SOURCES.txt'
writing manifest file 'autonomous_tb3.egg-info/SOURCES.txt'
running build_ext
Creating /home/wongwh/turtlebot3_ws/install/autonomous_tb3/lib/python3.10/site-packages/autonomous-tb3.egg-link (link to .)
Installing autonomous_waiter script to /home/wongwh/turtlebot3_ws/install/autonomous_tb3/lib/autonomous_tb3
Installing autonomous_waiter_lite script to /home/wongwh/turtlebot3_ws/install/autonomous_tb3/lib/autonomous_tb3
Installing maze_solver script to /home/wongwh/turtlebot3_ws/install/autonomous_tb3/lib/autonomous_tb3
Installing occupancy_grid_pub script to /home/wongwh/turtlebot3_ws/install/autonomous_tb3/lib/autonomous_tb3
Installing sdf_spawner script to /home/wongwh/turtlebot3_ws/install/autonomous_tb3/lib/autonomous_tb3

Installed /home/wongwh/turtlebot3_ws/build/autonomous_tb3
running symlink_data
symbolically linking /home/wongwh/turtlebot3_ws/build/autonomous_tb3/resource/autonomous_tb3 -> /home/wongwh/turtlebot3_ws/install/autonomous_tb3/share/ament_index/resource_index/packages
symbolically linking /home/wongwh/turtlebot3_ws/build/autonomous_tb3/package.xml -> /home/wongwh/turtlebot3_ws/install/autonomous_tb3/share/autonomous_tb3
symbolically linking /home/wongwh/turtlebot3_ws/build/autonomous_tb3/launch/maze_navigation.launch.py -> /home/wongwh/turtlebot3_ws/install/autonomous_tb3/share/autonomous_tb3/launch
symbolically linking /home/wongwh/turtlebot3_ws/build/autonomous_tb3/launch/mapping.launch.py -> /home/wongwh/turtlebot3_ws/install/autonomous_tb3/share/autonomous_tb3/launch
symbolically linking /home/wongwh/turtlebot3_ws/build/autonomous_tb3/launch/hotel_waiter.launch.py -> /home/wongwh/turtlebot3_ws/install/autonomous_tb3/share/autonomous_tb3/launch
symbolically linking /home/wongwh/turtlebot3_ws/build/autonomous_tb3/launch/tb3_world_navigation.launch.py -> /home/wongwh/turtlebot3_ws/install/autonomous_tb3/share/autonomous_tb3/launch
symbolically linking /home/wongwh/turtlebot3_ws/build/autonomous_tb3/config/tb3_nav.rviz -> /home/wongwh/turtlebot3_ws/install/autonomous_tb3/share/autonomous_tb3/config
symbolically linking /home/wongwh/turtlebot3_ws/build/autonomous_tb3/config/tb3_world.pgm -> /home/wongwh/turtlebot3_ws/install/autonomous_tb3/share/autonomous_tb3/config
symbolically linking /home/wongwh/turtlebot3_ws/build/autonomous_tb3/config/tb3_nav_params.yaml -> /home/wongwh/turtlebot3_ws/install/autonomous_tb3/share/autonomous_tb3/config
symbolically linking /home/wongwh/turtlebot3_ws/build/autonomous_tb3/config/maze.pgm -> /home/wongwh/turtlebot3_ws/install/autonomous_tb3/share/autonomous_tb3/config
symbolically linking /home/wongwh/turtlebot3_ws/build/autonomous_tb3/config/maze.yaml -> /home/wongwh/turtlebot3_ws/install/autonomous_tb3/share/autonomous_tb3/config
symbolically linking /home/wongwh/turtlebot3_ws/build/autonomous_tb3/config/mapping.rviz -> /home/wongwh/turtlebot3_ws/install/autonomous_tb3/share/autonomous_tb3/config
symbolically linking /home/wongwh/turtlebot3_ws/build/autonomous_tb3/config/tb3_world.yaml -> /home/wongwh/turtlebot3_ws/install/autonomous_tb3/share/autonomous_tb3/config
symbolically linking /home/wongwh/turtlebot3_ws/build/autonomous_tb3/config/hotel_map.pgm -> /home/wongwh/turtlebot3_ws/install/autonomous_tb3/share/autonomous_tb3/config
symbolically linking /home/wongwh/turtlebot3_ws/build/autonomous_tb3/config/hotel_map.yaml -> /home/wongwh/turtlebot3_ws/install/autonomous_tb3/share/autonomous_tb3/config
symbolically linking /home/wongwh/turtlebot3_ws/build/autonomous_tb3/config/tb3_cartographer.lua -> /home/wongwh/turtlebot3_ws/install/autonomous_tb3/share/autonomous_tb3/config
symbolically linking /home/wongwh/turtlebot3_ws/build/autonomous_tb3/world/maze/model.config -> /home/wongwh/turtlebot3_ws/install/autonomous_tb3/share/autonomous_tb3/world/maze
symbolically linking /home/wongwh/turtlebot3_ws/build/autonomous_tb3/world/maze/model.sdf -> /home/wongwh/turtlebot3_ws/install/autonomous_tb3/share/autonomous_tb3/world/maze
symbolically linking /home/wongwh/turtlebot3_ws/build/autonomous_tb3/models/actor/model.config -> /home/wongwh/turtlebot3_ws/install/autonomous_tb3/share/autonomous_tb3/models/actor
symbolically linking /home/wongwh/turtlebot3_ws/build/autonomous_tb3/models/actor/model.sdf -> /home/wongwh/turtlebot3_ws/install/autonomous_tb3/share/autonomous_tb3/models/actor
symbolically linking /home/wongwh/turtlebot3_ws/build/autonomous_tb3/models/table/model.config -> /home/wongwh/turtlebot3_ws/install/autonomous_tb3/share/autonomous_tb3/models/table
symbolically linking /home/wongwh/turtlebot3_ws/build/autonomous_tb3/models/table/model-1_2.sdf -> /home/wongwh/turtlebot3_ws/install/autonomous_tb3/share/autonomous_tb3/models/table
symbolically linking /home/wongwh/turtlebot3_ws/build/autonomous_tb3/models/table/model-1_3.sdf -> /home/wongwh/turtlebot3_ws/install/autonomous_tb3/share/autonomous_tb3/models/table
symbolically linking /home/wongwh/turtlebot3_ws/build/autonomous_tb3/models/table/model-1_4.sdf -> /home/wongwh/turtlebot3_ws/install/autonomous_tb3/share/autonomous_tb3/models/table
symbolically linking /home/wongwh/turtlebot3_ws/build/autonomous_tb3/models/table/model.sdf -> /home/wongwh/turtlebot3_ws/install/autonomous_tb3/share/autonomous_tb3/models/table
symbolically linking /home/wongwh/turtlebot3_ws/build/autonomous_tb3/models/beer/model-1_4.sdf -> /home/wongwh/turtlebot3_ws/install/autonomous_tb3/share/autonomous_tb3/models/beer
symbolically linking /home/wongwh/turtlebot3_ws/build/autonomous_tb3/models/beer/model.sdf -> /home/wongwh/turtlebot3_ws/install/autonomous_tb3/share/autonomous_tb3/models/beer
symbolically linking /home/wongwh/turtlebot3_ws/build/autonomous_tb3/models/beer/model.config -> /home/wongwh/turtlebot3_ws/install/autonomous_tb3/share/autonomous_tb3/models/beer
